[0.000000] (-) TimerEvent: {}
[0.000044] (so_arm100) JobQueued: {'identifier': 'so_arm100', 'dependencies': OrderedDict()}
[0.000061] (so_arm100_moveit_config) JobQueued: {'identifier': 'so_arm100_moveit_config', 'dependencies': OrderedDict([('so_arm100', '/home/ubuntu22/ros2_so_arm100/install/so_arm100')])}
[0.000316] (so_arm100) JobStarted: {'identifier': 'so_arm100'}
[0.007379] (so_arm100) JobProgress: {'identifier': 'so_arm100', 'progress': 'cmake'}
[0.007837] (so_arm100) Command: {'cmd': ['/home/ubuntu22/.local/bin/cmake', '/home/ubuntu22/ros2_so_arm100/so_arm100', '-DCMAKE_INSTALL_PREFIX=/home/ubuntu22/ros2_so_arm100/install/so_arm100'], 'cwd': '/home/ubuntu22/ros2_so_arm100/build/so_arm100', 'env': OrderedDict([('GJS_DEBUG_TOPICS', 'JS ERROR;JS LOG'), ('LESSOPEN', '| /usr/bin/lesspipe %s'), ('VSCODE_CWD', '/home/ubuntu22'), ('CONDA_PROMPT_MODIFIER', '(base)'), ('LANGUAGE', 'zh_CN:zh'), ('USER', 'ubuntu22'), ('VSCODE_NLS_CONFIG', '{"userLocale":"zh-cn","osLocale":"zh-cn","resolvedLanguage":"zh-cn","defaultMessagesFile":"/usr/share/windsurf/resources/app/out/nls.messages.json","languagePack":{"translationsConfigFile":"/home/ubuntu22/.config/Windsurf/clp/83447c9e569f9056950c8dcd32d44ec9.zh-cn/tcf.json","messagesFile":"/home/ubuntu22/.config/Windsurf/clp/83447c9e569f9056950c8dcd32d44ec9.zh-cn/bf4345439764c543a1e5ff3517bbce5a22128bca/nls.messages.json","corruptMarkerFile":"/home/ubuntu22/.config/Windsurf/clp/83447c9e569f9056950c8dcd32d44ec9.zh-cn/corrupted.info"},"locale":"zh-cn","availableLanguages":{"*":"zh-cn"},"_languagePackId":"83447c9e569f9056950c8dcd32d44ec9.zh-cn","_languagePackSupport":true,"_translationsConfigFile":"/home/ubuntu22/.config/Windsurf/clp/83447c9e569f9056950c8dcd32d44ec9.zh-cn/tcf.json","_cacheRoot":"/home/ubuntu22/.config/Windsurf/clp/83447c9e569f9056950c8dcd32d44ec9.zh-cn","_resolvedLanguagePackCoreLocation":"/home/ubuntu22/.config/Windsurf/clp/83447c9e569f9056950c8dcd32d44ec9.zh-cn/bf4345439764c543a1e5ff3517bbce5a22128bca","_corruptedFile":"/home/ubuntu22/.config/Windsurf/clp/83447c9e569f9056950c8dcd32d44ec9.zh-cn/corrupted.info"}'), ('VSCODE_HANDLES_UNCAUGHT_ERRORS', 'true'), ('XDG_SESSION_TYPE', 'x11'), ('LD_LIBRARY_PATH', '/opt/ros/humble/lib:/opt/ros/humble/opt/rviz_ogre_vendor/lib:/opt/ros/humble/lib/x86_64-linux-gnu:/opt/ros/humble/lib'), ('SHLVL', '0'), ('CHROME_DESKTOP', 'windsurf-url-handler.desktop'), ('CONDA_SHLVL', '1'), ('HOME', '/home/ubuntu22'), ('DESKTOP_SESSION', 'ubuntu'), ('GIO_LAUNCHED_DESKTOP_FILE', '/usr/share/applications/windsurf.desktop'), ('VSCODE_IPC_HOOK', '/run/user/1000/vscode-b1babb8d-1.94-main.sock'), ('GNOME_SHELL_SESSION_MODE', 'ubuntu'), ('GTK_MODULES', 'gail:atk-bridge'), ('ROS_PYTHON_VERSION', '3'), ('MANAGERPID', '1175'), ('DBUS_SESSION_BUS_ADDRESS', 'unix:path=/run/user/1000/bus'), ('SYSTEMD_EXEC_PID', '1518'), ('GIO_LAUNCHED_DESKTOP_FILE_PID', '4220'), ('VSCODE_CRASH_REPORTER_PROCESS_TYPE', 'extensionHost'), ('IM_CONFIG_PHASE', '1'), ('ROS_DISTRO', 'humble'), ('VSCODE_L10N_BUNDLE_LOCATION', 'file:///home/ubuntu22/.windsurf/extensions/ms-ceintl.vscode-language-pack-zh-hans-1.94.0-universal/translations/extensions/vscode.markdown-language-features.i18n.json'), ('GTK_IM_MODULE', 'ibus'), ('LOGNAME', 'ubuntu22'), ('JOURNAL_STREAM', '8:19570'), ('_', '/usr/share/windsurf/windsurf'), ('ROS_VERSION', '2'), ('XDG_SESSION_CLASS', 'user'), ('USERNAME', 'ubuntu22'), ('GNOME_DESKTOP_SESSION_ID', 'this-is-deprecated'), ('ROS_LOCALHOST_ONLY', '0'), ('WINDOWPATH', '2'), ('PATH', '/home/ubuntu22/.local/bin:/opt/ros/humble/bin:/home/ubuntu22/anaconda3/bin:/home/ubuntu22/anaconda3/condabin:/home/ubuntu22/.local/bin:/usr/local/sbin:/usr/local/bin:/usr/sbin:/usr/bin:/sbin:/bin:/usr/games:/usr/local/games:/snap/bin:/snap/bin:/home/ubuntu22/.local/bin'), ('INVOCATION_ID', '0bb4d6d6524f4e058c20e1f812e95152'), ('SESSION_MANAGER', 'local/ubuntu22-MS-Challenger-B760M-N-D5:@/tmp/.ICE-unix/1491,unix/ubuntu22-MS-Challenger-B760M-N-D5:/tmp/.ICE-unix/1491'), ('VSCODE_AMD_ENTRYPOINT', 'vs/workbench/api/node/extensionHostProcess'), ('GDK_BACKEND', 'x11'), ('XDG_MENU_PREFIX', 'gnome-'), ('XDG_RUNTIME_DIR', '/run/user/1000'), ('DISPLAY', ':0'), ('LANG', 'zh_CN.UTF-8'), ('XDG_CURRENT_DESKTOP', 'Unity'), ('XAUTHORITY', '/run/user/1000/gdm/Xauthority'), ('XDG_SESSION_DESKTOP', 'ubuntu'), ('XMODIFIERS', '@im=ibus'), ('AMENT_PREFIX_PATH', '/opt/ros/humble'), ('CONDA_PYTHON_EXE', '/home/ubuntu22/anaconda3/bin/python'), ('ORIGINAL_XDG_CURRENT_DESKTOP', 'ubuntu:GNOME'), ('SSH_AGENT_LAUNCHER', 'gnome-keyring'), ('SSH_AUTH_SOCK', '/run/user/1000/keyring/ssh'), ('SHELL', '/bin/bash'), ('GDMSESSION', 'ubuntu'), ('QT_ACCESSIBILITY', '1'), ('ELECTRON_RUN_AS_NODE', '1'), ('CONDA_DEFAULT_ENV', 'base'), ('LESSCLOSE', '/usr/bin/lesspipe %s %s'), ('GJS_DEBUG_OUTPUT', 'stderr'), ('GPG_AGENT_INFO', '/run/user/1000/gnupg/S.gpg-agent:0:1'), ('QT_IM_MODULE', 'ibus'), ('CODEIUM_EDITOR_APP_ROOT', '/usr/share/windsurf/resources/app'), ('PWD', '/home/ubuntu22/ros2_so_arm100/build/so_arm100'), ('CONDA_EXE', '/home/ubuntu22/anaconda3/bin/conda'), ('VSCODE_CODE_CACHE_PATH', '/home/ubuntu22/.config/Windsurf/CachedData/bf4345439764c543a1e5ff3517bbce5a22128bca'), ('XDG_CONFIG_DIRS', '/etc/xdg/xdg-ubuntu:/etc/xdg'), ('XDG_DATA_DIRS', '/usr/share/ubuntu:/usr/share/gnome:/home/ubuntu22/.local/share/flatpak/exports/share:/var/lib/flatpak/exports/share:/usr/local/share/:/usr/share/:/var/lib/snapd/desktop'), ('PYTHONPATH', '/opt/ros/humble/lib/python3.10/site-packages:/opt/ros/humble/lib/python3.10/site-packages:/opt/ros/humble/local/lib/python3.10/dist-packages'), ('CONDA_PREFIX', '/home/ubuntu22/anaconda3'), ('COLCON', '1'), ('VSCODE_PID', '4220'), ('CMAKE_PREFIX_PATH', '/opt/ros/humble')]), 'shell': False}
[0.054564] (so_arm100) StderrLine: {'line': b'CMake Deprecation Warning at CMakeLists.txt:1 (cmake_minimum_required):\n'}
[0.054672] (so_arm100) StderrLine: {'line': b'  Compatibility with CMake < 3.10 will be removed from a future version of\n'}
[0.054704] (so_arm100) StderrLine: {'line': b'  CMake.\n'}
[0.054731] (so_arm100) StderrLine: {'line': b'\n'}
[0.054756] (so_arm100) StderrLine: {'line': b'  Update the VERSION argument <min> value or use a ...<max> suffix to tell\n'}
[0.054781] (so_arm100) StderrLine: {'line': b'  CMake that the project does not need compatibility with older versions.\n'}
[0.054806] (so_arm100) StderrLine: {'line': b'\n'}
[0.054830] (so_arm100) StderrLine: {'line': b'\n'}
[0.073801] (so_arm100) StdoutLine: {'line': b'-- Found ament_cmake: 1.3.11 (/opt/ros/humble/share/ament_cmake/cmake)\n'}
[0.099897] (-) TimerEvent: {}
[0.200055] (-) TimerEvent: {}
[0.225558] (so_arm100) StdoutLine: {'line': b'-- Override CMake install command with custom implementation using symlinks instead of copying resources\n'}
[0.234846] (so_arm100) StdoutLine: {'line': b'-- Found hardware_interface: 2.44.0 (/opt/ros/humble/share/hardware_interface/cmake)\n'}
[0.261860] (so_arm100) StdoutLine: {'line': b'-- Found rosidl_generator_c: 3.1.6 (/opt/ros/humble/share/rosidl_generator_c/cmake)\n'}
[0.264279] (so_arm100) StdoutLine: {'line': b'-- Found rosidl_adapter: 3.1.6 (/opt/ros/humble/share/rosidl_adapter/cmake)\n'}
[0.270139] (so_arm100) StdoutLine: {'line': b'-- Found rosidl_generator_cpp: 3.1.6 (/opt/ros/humble/share/rosidl_generator_cpp/cmake)\n'}
[0.278950] (so_arm100) StdoutLine: {'line': b'-- Using all available rosidl_typesupport_c: rosidl_typesupport_fastrtps_c;rosidl_typesupport_introspection_c\n'}
[0.296476] (so_arm100) StdoutLine: {'line': b'-- Using all available rosidl_typesupport_cpp: rosidl_typesupport_fastrtps_cpp;rosidl_typesupport_introspection_cpp\n'}
[0.300164] (-) TimerEvent: {}
[0.400373] (-) TimerEvent: {}
[0.499115] (so_arm100) StdoutLine: {'line': b'-- Found rmw_implementation_cmake: 6.1.2 (/opt/ros/humble/share/rmw_implementation_cmake/cmake)\n'}
[0.500493] (so_arm100) StdoutLine: {'line': b'-- Found rmw_fastrtps_cpp: 6.2.7 (/opt/ros/humble/share/rmw_fastrtps_cpp/cmake)\n'}
[0.500592] (-) TimerEvent: {}
[0.520543] (so_arm100) StdoutLine: {'line': b'-- Found TinyXML2 via Config file: TinyXML2_DIR-NOTFOUND\n'}
[0.529696] (so_arm100) StdoutLine: {'line': b'-- Found TinyXML2 via Config file: TinyXML2_DIR-NOTFOUND\n'}
[0.542760] (so_arm100) StdoutLine: {'line': b'-- Found TinyXML2 via Config file: TinyXML2_DIR-NOTFOUND\n'}
[0.549031] (so_arm100) StdoutLine: {'line': b'-- Found TinyXML2 via Config file: TinyXML2_DIR-NOTFOUND\n'}
[0.557145] (so_arm100) StdoutLine: {'line': b"-- Using RMW implementation 'rmw_fastrtps_cpp' as default\n"}
[0.600706] (-) TimerEvent: {}
[0.677124] (so_arm100) StdoutLine: {'line': b'-- Configuring done (0.6s)\n'}
[0.679900] (so_arm100) StderrLine: {'line': b'CMake Error at CMakeLists.txt:11 (add_library):\n'}
[0.680024] (so_arm100) StderrLine: {'line': b'  Cannot find source file:\n'}
[0.680094] (so_arm100) StderrLine: {'line': b'\n'}
[0.680157] (so_arm100) StderrLine: {'line': b'    src/feetech_hardware_interface.cpp\n'}
[0.680219] (so_arm100) StderrLine: {'line': b'\n'}
[0.680279] (so_arm100) StderrLine: {'line': b'  Tried extensions .c .C .c++ .cc .cpp .cxx .cu .mpp .m .M .mm .ixx .cppm\n'}
[0.680407] (so_arm100) StderrLine: {'line': b'  .ccm .cxxm .c++m .h .hh .h++ .hm .hpp .hxx .in .txx .f .F .for .f77 .f90\n'}
[0.680455] (so_arm100) StderrLine: {'line': b'  .f95 .f03 .hip .ispc\n'}
[0.680484] (so_arm100) StderrLine: {'line': b'\n'}
[0.680511] (so_arm100) StderrLine: {'line': b'\n'}
[0.682777] (so_arm100) StderrLine: {'line': b'CMake Error at CMakeLists.txt:11 (add_library):\n'}
[0.682816] (so_arm100) StderrLine: {'line': b'  No SOURCES given to target: so_arm100\n'}
[0.682844] (so_arm100) StderrLine: {'line': b'\n'}
[0.682869] (so_arm100) StderrLine: {'line': b'\n'}
[0.682895] (so_arm100) StderrLine: {'line': b'CMake Generate step failed.  Build files cannot be regenerated correctly.\n'}
[0.687920] (so_arm100) CommandEnded: {'returncode': 1}
[0.697862] (so_arm100) JobEnded: {'identifier': 'so_arm100', 'rc': 1}
[0.700781] (-) TimerEvent: {}
[0.708206] (so_arm100_moveit_config) JobSkipped: {'identifier': 'so_arm100_moveit_config'}
[0.708238] (-) EventReactorShutdown: {}
