[0.061s] DEBUG:colcon:Command line arguments: ['/usr/bin/colcon', 'build']
[0.061s] DEBUG:colcon:Parsed command line arguments: Namespace(log_base=None, log_level=None, verb_name='build', build_base='build', install_base='install', merge_install=False, symlink_install=False, test_result_base=None, continue_on_error=False, executor='parallel', parallel_workers=16, event_handlers=None, ignore_user_meta=False, metas=['./colcon.meta'], base_paths=['.'], packages_ignore=None, packages_ignore_regex=None, paths=None, packages_up_to=None, packages_up_to_regex=None, packages_above=None, packages_above_and_dependencies=None, packages_above_depth=None, packages_select_by_dep=None, packages_skip_by_dep=None, packages_skip_up_to=None, packages_select_build_failed=False, packages_skip_build_finished=False, packages_select_test_failures=False, packages_skip_test_passed=False, packages_select=None, packages_skip=None, packages_select_regex=None, packages_skip_regex=None, packages_start=None, packages_end=None, allow_overriding=[], cmake_args=None, cmake_target=None, cmake_target_skip_unavailable=False, cmake_clean_cache=False, cmake_clean_first=False, cmake_force_configure=False, ament_cmake_args=None, catkin_cmake_args=None, catkin_skip_building_tests=False, verb_parser=<colcon_defaults.argument_parser.defaults.DefaultArgumentsDecorator object at 0x79d9a445e740>, verb_extension=<colcon_core.verb.build.BuildVerb object at 0x79d9a445e230>, main=<bound method BuildVerb.main of <colcon_core.verb.build.BuildVerb object at 0x79d9a445e230>>)
[0.173s] Level 1:colcon.colcon_core.package_discovery:discover_packages(colcon_meta) check parameters
[0.173s] Level 1:colcon.colcon_core.package_discovery:discover_packages(recursive) check parameters
[0.173s] Level 1:colcon.colcon_core.package_discovery:discover_packages(ignore) check parameters
[0.173s] Level 1:colcon.colcon_core.package_discovery:discover_packages(path) check parameters
[0.173s] Level 1:colcon.colcon_core.package_discovery:discover_packages(colcon_meta) discover
[0.173s] Level 1:colcon.colcon_core.package_discovery:discover_packages(recursive) discover
[0.173s] INFO:colcon.colcon_core.package_discovery:Crawling recursively for packages in '/home/ubuntu22/so_arm100_ws'
[0.173s] Level 1:colcon.colcon_core.package_identification:_identify(.) by extensions ['ignore', 'ignore_ament_install']
[0.174s] Level 1:colcon.colcon_core.package_identification:_identify(.) by extension 'ignore'
[0.174s] Level 1:colcon.colcon_core.package_identification:_identify(.) by extension 'ignore_ament_install'
[0.174s] Level 1:colcon.colcon_core.package_identification:_identify(.) by extensions ['colcon_pkg']
[0.174s] Level 1:colcon.colcon_core.package_identification:_identify(.) by extension 'colcon_pkg'
[0.174s] Level 1:colcon.colcon_core.package_identification:_identify(.) by extensions ['colcon_meta']
[0.174s] Level 1:colcon.colcon_core.package_identification:_identify(.) by extension 'colcon_meta'
[0.174s] Level 1:colcon.colcon_core.package_identification:_identify(.) by extensions ['ros']
[0.174s] Level 1:colcon.colcon_core.package_identification:_identify(.) by extension 'ros'
[0.193s] Level 1:colcon.colcon_core.package_identification:_identify(.) by extensions ['cmake', 'python']
[0.193s] Level 1:colcon.colcon_core.package_identification:_identify(.) by extension 'cmake'
[0.193s] Level 1:colcon.colcon_core.package_identification:_identify(.) by extension 'python'
[0.193s] Level 1:colcon.colcon_core.package_identification:_identify(.) by extensions ['python_setup_py']
[0.193s] Level 1:colcon.colcon_core.package_identification:_identify(.) by extension 'python_setup_py'
[0.193s] Level 1:colcon.colcon_core.package_identification:_identify(build) by extensions ['ignore', 'ignore_ament_install']
[0.193s] Level 1:colcon.colcon_core.package_identification:_identify(build) by extension 'ignore'
[0.193s] Level 1:colcon.colcon_core.package_identification:_identify(build) ignored
[0.193s] Level 1:colcon.colcon_core.package_identification:_identify(docs) by extensions ['ignore', 'ignore_ament_install']
[0.193s] Level 1:colcon.colcon_core.package_identification:_identify(docs) by extension 'ignore'
[0.193s] Level 1:colcon.colcon_core.package_identification:_identify(docs) by extension 'ignore_ament_install'
[0.193s] Level 1:colcon.colcon_core.package_identification:_identify(docs) by extensions ['colcon_pkg']
[0.193s] Level 1:colcon.colcon_core.package_identification:_identify(docs) by extension 'colcon_pkg'
[0.193s] Level 1:colcon.colcon_core.package_identification:_identify(docs) by extensions ['colcon_meta']
[0.193s] Level 1:colcon.colcon_core.package_identification:_identify(docs) by extension 'colcon_meta'
[0.193s] Level 1:colcon.colcon_core.package_identification:_identify(docs) by extensions ['ros']
[0.193s] Level 1:colcon.colcon_core.package_identification:_identify(docs) by extension 'ros'
[0.193s] Level 1:colcon.colcon_core.package_identification:_identify(docs) by extensions ['cmake', 'python']
[0.193s] Level 1:colcon.colcon_core.package_identification:_identify(docs) by extension 'cmake'
[0.194s] Level 1:colcon.colcon_core.package_identification:_identify(docs) by extension 'python'
[0.194s] Level 1:colcon.colcon_core.package_identification:_identify(docs) by extensions ['python_setup_py']
[0.194s] Level 1:colcon.colcon_core.package_identification:_identify(docs) by extension 'python_setup_py'
[0.194s] Level 1:colcon.colcon_core.package_identification:_identify(install) by extensions ['ignore', 'ignore_ament_install']
[0.194s] Level 1:colcon.colcon_core.package_identification:_identify(install) by extension 'ignore'
[0.194s] Level 1:colcon.colcon_core.package_identification:_identify(install) ignored
[0.194s] Level 1:colcon.colcon_core.package_identification:_identify(log) by extensions ['ignore', 'ignore_ament_install']
[0.194s] Level 1:colcon.colcon_core.package_identification:_identify(log) by extension 'ignore'
[0.194s] Level 1:colcon.colcon_core.package_identification:_identify(log) ignored
[0.194s] Level 1:colcon.colcon_core.package_identification:_identify(motors) by extensions ['ignore', 'ignore_ament_install']
[0.194s] Level 1:colcon.colcon_core.package_identification:_identify(motors) by extension 'ignore'
[0.194s] Level 1:colcon.colcon_core.package_identification:_identify(motors) by extension 'ignore_ament_install'
[0.194s] Level 1:colcon.colcon_core.package_identification:_identify(motors) by extensions ['colcon_pkg']
[0.194s] Level 1:colcon.colcon_core.package_identification:_identify(motors) by extension 'colcon_pkg'
[0.194s] Level 1:colcon.colcon_core.package_identification:_identify(motors) by extensions ['colcon_meta']
[0.194s] Level 1:colcon.colcon_core.package_identification:_identify(motors) by extension 'colcon_meta'
[0.194s] Level 1:colcon.colcon_core.package_identification:_identify(motors) by extensions ['ros']
[0.194s] Level 1:colcon.colcon_core.package_identification:_identify(motors) by extension 'ros'
[0.194s] Level 1:colcon.colcon_core.package_identification:_identify(motors) by extensions ['cmake', 'python']
[0.194s] Level 1:colcon.colcon_core.package_identification:_identify(motors) by extension 'cmake'
[0.194s] Level 1:colcon.colcon_core.package_identification:_identify(motors) by extension 'python'
[0.194s] Level 1:colcon.colcon_core.package_identification:_identify(motors) by extensions ['python_setup_py']
[0.194s] Level 1:colcon.colcon_core.package_identification:_identify(motors) by extension 'python_setup_py'
[0.194s] Level 1:colcon.colcon_core.package_identification:_identify(motors/__pycache__) by extensions ['ignore', 'ignore_ament_install']
[0.194s] Level 1:colcon.colcon_core.package_identification:_identify(motors/__pycache__) by extension 'ignore'
[0.194s] Level 1:colcon.colcon_core.package_identification:_identify(motors/__pycache__) by extension 'ignore_ament_install'
[0.194s] Level 1:colcon.colcon_core.package_identification:_identify(motors/__pycache__) by extensions ['colcon_pkg']
[0.194s] Level 1:colcon.colcon_core.package_identification:_identify(motors/__pycache__) by extension 'colcon_pkg'
[0.194s] Level 1:colcon.colcon_core.package_identification:_identify(motors/__pycache__) by extensions ['colcon_meta']
[0.194s] Level 1:colcon.colcon_core.package_identification:_identify(motors/__pycache__) by extension 'colcon_meta'
[0.194s] Level 1:colcon.colcon_core.package_identification:_identify(motors/__pycache__) by extensions ['ros']
[0.194s] Level 1:colcon.colcon_core.package_identification:_identify(motors/__pycache__) by extension 'ros'
[0.194s] Level 1:colcon.colcon_core.package_identification:_identify(motors/__pycache__) by extensions ['cmake', 'python']
[0.194s] Level 1:colcon.colcon_core.package_identification:_identify(motors/__pycache__) by extension 'cmake'
[0.194s] Level 1:colcon.colcon_core.package_identification:_identify(motors/__pycache__) by extension 'python'
[0.194s] Level 1:colcon.colcon_core.package_identification:_identify(motors/__pycache__) by extensions ['python_setup_py']
[0.194s] Level 1:colcon.colcon_core.package_identification:_identify(motors/__pycache__) by extension 'python_setup_py'
[0.195s] Level 1:colcon.colcon_core.package_identification:_identify(recorded_trajectories) by extensions ['ignore', 'ignore_ament_install']
[0.195s] Level 1:colcon.colcon_core.package_identification:_identify(recorded_trajectories) by extension 'ignore'
[0.195s] Level 1:colcon.colcon_core.package_identification:_identify(recorded_trajectories) by extension 'ignore_ament_install'
[0.195s] Level 1:colcon.colcon_core.package_identification:_identify(recorded_trajectories) by extensions ['colcon_pkg']
[0.195s] Level 1:colcon.colcon_core.package_identification:_identify(recorded_trajectories) by extension 'colcon_pkg'
[0.195s] Level 1:colcon.colcon_core.package_identification:_identify(recorded_trajectories) by extensions ['colcon_meta']
[0.195s] Level 1:colcon.colcon_core.package_identification:_identify(recorded_trajectories) by extension 'colcon_meta'
[0.195s] Level 1:colcon.colcon_core.package_identification:_identify(recorded_trajectories) by extensions ['ros']
[0.195s] Level 1:colcon.colcon_core.package_identification:_identify(recorded_trajectories) by extension 'ros'
[0.195s] Level 1:colcon.colcon_core.package_identification:_identify(recorded_trajectories) by extensions ['cmake', 'python']
[0.195s] Level 1:colcon.colcon_core.package_identification:_identify(recorded_trajectories) by extension 'cmake'
[0.195s] Level 1:colcon.colcon_core.package_identification:_identify(recorded_trajectories) by extension 'python'
[0.195s] Level 1:colcon.colcon_core.package_identification:_identify(recorded_trajectories) by extensions ['python_setup_py']
[0.195s] Level 1:colcon.colcon_core.package_identification:_identify(recorded_trajectories) by extension 'python_setup_py'
[0.195s] Level 1:colcon.colcon_core.package_identification:_identify(so_arm100) by extensions ['ignore', 'ignore_ament_install']
[0.195s] Level 1:colcon.colcon_core.package_identification:_identify(so_arm100) by extension 'ignore'
[0.195s] Level 1:colcon.colcon_core.package_identification:_identify(so_arm100) by extension 'ignore_ament_install'
[0.195s] Level 1:colcon.colcon_core.package_identification:_identify(so_arm100) by extensions ['colcon_pkg']
[0.195s] Level 1:colcon.colcon_core.package_identification:_identify(so_arm100) by extension 'colcon_pkg'
[0.195s] Level 1:colcon.colcon_core.package_identification:_identify(so_arm100) by extensions ['colcon_meta']
[0.195s] Level 1:colcon.colcon_core.package_identification:_identify(so_arm100) by extension 'colcon_meta'
[0.195s] Level 1:colcon.colcon_core.package_identification:_identify(so_arm100) by extensions ['ros']
[0.195s] Level 1:colcon.colcon_core.package_identification:_identify(so_arm100) by extension 'ros'
[0.196s] DEBUG:colcon.colcon_core.package_identification:Package 'so_arm100' with type 'ros.ament_cmake' and name 'so_arm100'
[0.197s] Level 1:colcon.colcon_core.package_identification:_identify(so_arm100.egg-info) by extensions ['ignore', 'ignore_ament_install']
[0.197s] Level 1:colcon.colcon_core.package_identification:_identify(so_arm100.egg-info) by extension 'ignore'
[0.197s] Level 1:colcon.colcon_core.package_identification:_identify(so_arm100.egg-info) by extension 'ignore_ament_install'
[0.197s] Level 1:colcon.colcon_core.package_identification:_identify(so_arm100.egg-info) by extensions ['colcon_pkg']
[0.197s] Level 1:colcon.colcon_core.package_identification:_identify(so_arm100.egg-info) by extension 'colcon_pkg'
[0.197s] Level 1:colcon.colcon_core.package_identification:_identify(so_arm100.egg-info) by extensions ['colcon_meta']
[0.197s] Level 1:colcon.colcon_core.package_identification:_identify(so_arm100.egg-info) by extension 'colcon_meta'
[0.197s] Level 1:colcon.colcon_core.package_identification:_identify(so_arm100.egg-info) by extensions ['ros']
[0.197s] Level 1:colcon.colcon_core.package_identification:_identify(so_arm100.egg-info) by extension 'ros'
[0.197s] Level 1:colcon.colcon_core.package_identification:_identify(so_arm100.egg-info) by extensions ['cmake', 'python']
[0.197s] Level 1:colcon.colcon_core.package_identification:_identify(so_arm100.egg-info) by extension 'cmake'
[0.197s] Level 1:colcon.colcon_core.package_identification:_identify(so_arm100.egg-info) by extension 'python'
[0.197s] Level 1:colcon.colcon_core.package_identification:_identify(so_arm100.egg-info) by extensions ['python_setup_py']
[0.197s] Level 1:colcon.colcon_core.package_identification:_identify(so_arm100.egg-info) by extension 'python_setup_py'
[0.197s] Level 1:colcon.colcon_core.package_identification:_identify(so_arm100_moveit_config) by extensions ['ignore', 'ignore_ament_install']
[0.197s] Level 1:colcon.colcon_core.package_identification:_identify(so_arm100_moveit_config) by extension 'ignore'
[0.197s] Level 1:colcon.colcon_core.package_identification:_identify(so_arm100_moveit_config) by extension 'ignore_ament_install'
[0.197s] Level 1:colcon.colcon_core.package_identification:_identify(so_arm100_moveit_config) by extensions ['colcon_pkg']
[0.197s] Level 1:colcon.colcon_core.package_identification:_identify(so_arm100_moveit_config) by extension 'colcon_pkg'
[0.197s] Level 1:colcon.colcon_core.package_identification:_identify(so_arm100_moveit_config) by extensions ['colcon_meta']
[0.197s] Level 1:colcon.colcon_core.package_identification:_identify(so_arm100_moveit_config) by extension 'colcon_meta'
[0.197s] Level 1:colcon.colcon_core.package_identification:_identify(so_arm100_moveit_config) by extensions ['ros']
[0.197s] Level 1:colcon.colcon_core.package_identification:_identify(so_arm100_moveit_config) by extension 'ros'
[0.198s] DEBUG:colcon.colcon_core.package_identification:Package 'so_arm100_moveit_config' with type 'ros.ament_cmake' and name 'so_arm100_moveit_config'
[0.198s] Level 1:colcon.colcon_core.package_discovery:discover_packages(recursive) using defaults
[0.198s] Level 1:colcon.colcon_core.package_discovery:discover_packages(ignore) discover
[0.198s] Level 1:colcon.colcon_core.package_discovery:discover_packages(ignore) using defaults
[0.198s] Level 1:colcon.colcon_core.package_discovery:discover_packages(path) discover
[0.198s] Level 1:colcon.colcon_core.package_discovery:discover_packages(path) using defaults
[0.209s] Level 1:colcon.colcon_core.package_discovery:discover_packages(prefix_path) check parameters
[0.209s] Level 1:colcon.colcon_core.package_discovery:discover_packages(prefix_path) discover
[0.210s] DEBUG:colcon.colcon_installed_package_information.package_discovery:Found 349 installed packages in /opt/ros/humble
[0.211s] Level 1:colcon.colcon_core.package_discovery:discover_packages(prefix_path) using defaults
[0.235s] Level 5:colcon.colcon_core.verb:set package 'so_arm100' build argument 'cmake_args' from command line to 'None'
[0.235s] Level 5:colcon.colcon_core.verb:set package 'so_arm100' build argument 'cmake_target' from command line to 'None'
[0.235s] Level 5:colcon.colcon_core.verb:set package 'so_arm100' build argument 'cmake_target_skip_unavailable' from command line to 'False'
[0.235s] Level 5:colcon.colcon_core.verb:set package 'so_arm100' build argument 'cmake_clean_cache' from command line to 'False'
[0.235s] Level 5:colcon.colcon_core.verb:set package 'so_arm100' build argument 'cmake_clean_first' from command line to 'False'
[0.235s] Level 5:colcon.colcon_core.verb:set package 'so_arm100' build argument 'cmake_force_configure' from command line to 'False'
[0.235s] Level 5:colcon.colcon_core.verb:set package 'so_arm100' build argument 'ament_cmake_args' from command line to 'None'
[0.235s] Level 5:colcon.colcon_core.verb:set package 'so_arm100' build argument 'catkin_cmake_args' from command line to 'None'
[0.235s] Level 5:colcon.colcon_core.verb:set package 'so_arm100' build argument 'catkin_skip_building_tests' from command line to 'False'
[0.235s] DEBUG:colcon.colcon_core.verb:Building package 'so_arm100' with the following arguments: {'ament_cmake_args': None, 'build_base': '/home/ubuntu22/so_arm100_ws/build/so_arm100', 'catkin_cmake_args': None, 'catkin_skip_building_tests': False, 'cmake_args': None, 'cmake_clean_cache': False, 'cmake_clean_first': False, 'cmake_force_configure': False, 'cmake_target': None, 'cmake_target_skip_unavailable': False, 'install_base': '/home/ubuntu22/so_arm100_ws/install/so_arm100', 'merge_install': False, 'path': '/home/ubuntu22/so_arm100_ws/so_arm100', 'symlink_install': False, 'test_result_base': None}
[0.235s] Level 5:colcon.colcon_core.verb:set package 'so_arm100_moveit_config' build argument 'cmake_args' from command line to 'None'
[0.235s] Level 5:colcon.colcon_core.verb:set package 'so_arm100_moveit_config' build argument 'cmake_target' from command line to 'None'
[0.235s] Level 5:colcon.colcon_core.verb:set package 'so_arm100_moveit_config' build argument 'cmake_target_skip_unavailable' from command line to 'False'
[0.235s] Level 5:colcon.colcon_core.verb:set package 'so_arm100_moveit_config' build argument 'cmake_clean_cache' from command line to 'False'
[0.235s] Level 5:colcon.colcon_core.verb:set package 'so_arm100_moveit_config' build argument 'cmake_clean_first' from command line to 'False'
[0.235s] Level 5:colcon.colcon_core.verb:set package 'so_arm100_moveit_config' build argument 'cmake_force_configure' from command line to 'False'
[0.235s] Level 5:colcon.colcon_core.verb:set package 'so_arm100_moveit_config' build argument 'ament_cmake_args' from command line to 'None'
[0.235s] Level 5:colcon.colcon_core.verb:set package 'so_arm100_moveit_config' build argument 'catkin_cmake_args' from command line to 'None'
[0.235s] Level 5:colcon.colcon_core.verb:set package 'so_arm100_moveit_config' build argument 'catkin_skip_building_tests' from command line to 'False'
[0.235s] DEBUG:colcon.colcon_core.verb:Building package 'so_arm100_moveit_config' with the following arguments: {'ament_cmake_args': None, 'build_base': '/home/ubuntu22/so_arm100_ws/build/so_arm100_moveit_config', 'catkin_cmake_args': None, 'catkin_skip_building_tests': False, 'cmake_args': None, 'cmake_clean_cache': False, 'cmake_clean_first': False, 'cmake_force_configure': False, 'cmake_target': None, 'cmake_target_skip_unavailable': False, 'install_base': '/home/ubuntu22/so_arm100_ws/install/so_arm100_moveit_config', 'merge_install': False, 'path': '/home/ubuntu22/so_arm100_ws/so_arm100_moveit_config', 'symlink_install': False, 'test_result_base': None}
[0.235s] INFO:colcon.colcon_core.executor:Executing jobs using 'parallel' executor
[0.236s] DEBUG:colcon.colcon_parallel_executor.executor.parallel:run_until_complete
[0.236s] INFO:colcon.colcon_ros.task.ament_cmake.build:Building ROS package in '/home/ubuntu22/so_arm100_ws/so_arm100' with build type 'ament_cmake'
[0.236s] INFO:colcon.colcon_cmake.task.cmake.build:Building CMake package in '/home/ubuntu22/so_arm100_ws/so_arm100'
[0.237s] INFO:colcon.colcon_core.plugin_system:Skipping extension 'colcon_core.shell.bat': Not used on non-Windows systems
[0.237s] INFO:colcon.colcon_core.shell:Skip shell extension 'powershell' for command environment: Not usable outside of PowerShell
[0.237s] DEBUG:colcon.colcon_core.shell:Skip shell extension 'dsv' for command environment
[0.242s] DEBUG:colcon.colcon_core.event_handler.log_command:Invoking command in '/home/ubuntu22/so_arm100_ws/build/so_arm100': CMAKE_PREFIX_PATH=/opt/ros/humble CONDA_PROMPT_MODIFIER=(base) /home/ubuntu22/.local/bin/cmake --build /home/ubuntu22/so_arm100_ws/build/so_arm100 -- -j16 -l16
[0.294s] DEBUG:colcon.colcon_core.event_handler.log_command:Invoked command in '/home/ubuntu22/so_arm100_ws/build/so_arm100' returned '2': CMAKE_PREFIX_PATH=/opt/ros/humble CONDA_PROMPT_MODIFIER=(base) /home/ubuntu22/.local/bin/cmake --build /home/ubuntu22/so_arm100_ws/build/so_arm100 -- -j16 -l16
[0.294s] Level 1:colcon.colcon_core.environment:create_environment_scripts_only(so_arm100)
[0.296s] Level 1:colcon.colcon_core.environment:checking '/home/ubuntu22/so_arm100_ws/install/so_arm100' for CMake module files
[0.297s] Level 1:colcon.colcon_core.environment:checking '/home/ubuntu22/so_arm100_ws/install/so_arm100' for CMake config files
[0.297s] Level 1:colcon.colcon_core.shell:create_environment_hook('so_arm100', 'cmake_prefix_path')
[0.298s] INFO:colcon.colcon_core.shell:Creating environment hook '/home/ubuntu22/so_arm100_ws/install/so_arm100/share/so_arm100/hook/cmake_prefix_path.ps1'
[0.298s] INFO:colcon.colcon_core.shell:Creating environment descriptor '/home/ubuntu22/so_arm100_ws/install/so_arm100/share/so_arm100/hook/cmake_prefix_path.dsv'
[0.299s] INFO:colcon.colcon_core.shell:Creating environment hook '/home/ubuntu22/so_arm100_ws/install/so_arm100/share/so_arm100/hook/cmake_prefix_path.sh'
[0.300s] Level 1:colcon.colcon_core.environment:checking '/home/ubuntu22/so_arm100_ws/install/so_arm100/lib'
[0.300s] Level 1:colcon.colcon_core.shell:create_environment_hook('so_arm100', 'ld_library_path_lib')
[0.300s] INFO:colcon.colcon_core.shell:Creating environment hook '/home/ubuntu22/so_arm100_ws/install/so_arm100/share/so_arm100/hook/ld_library_path_lib.ps1'
[0.300s] INFO:colcon.colcon_core.shell:Creating environment descriptor '/home/ubuntu22/so_arm100_ws/install/so_arm100/share/so_arm100/hook/ld_library_path_lib.dsv'
[0.301s] INFO:colcon.colcon_core.shell:Creating environment hook '/home/ubuntu22/so_arm100_ws/install/so_arm100/share/so_arm100/hook/ld_library_path_lib.sh'
[0.301s] Level 1:colcon.colcon_core.environment:checking '/home/ubuntu22/so_arm100_ws/install/so_arm100/bin'
[0.301s] Level 1:colcon.colcon_core.environment:checking '/home/ubuntu22/so_arm100_ws/install/so_arm100/lib/pkgconfig/so_arm100.pc'
[0.301s] Level 1:colcon.colcon_core.environment:checking '/home/ubuntu22/so_arm100_ws/install/so_arm100/lib/python3.10/site-packages'
[0.301s] Level 1:colcon.colcon_core.environment:checking '/home/ubuntu22/so_arm100_ws/install/so_arm100/bin'
[0.302s] INFO:colcon.colcon_core.shell:Creating package script '/home/ubuntu22/so_arm100_ws/install/so_arm100/share/so_arm100/package.ps1'
[0.302s] INFO:colcon.colcon_core.shell:Creating package descriptor '/home/ubuntu22/so_arm100_ws/install/so_arm100/share/so_arm100/package.dsv'
[0.302s] INFO:colcon.colcon_core.shell:Creating package script '/home/ubuntu22/so_arm100_ws/install/so_arm100/share/so_arm100/package.sh'
[0.303s] INFO:colcon.colcon_core.shell:Creating package script '/home/ubuntu22/so_arm100_ws/install/so_arm100/share/so_arm100/package.bash'
[0.303s] INFO:colcon.colcon_core.shell:Creating package script '/home/ubuntu22/so_arm100_ws/install/so_arm100/share/so_arm100/package.zsh'
[0.304s] Level 1:colcon.colcon_core.environment:create_file_with_runtime_dependencies(/home/ubuntu22/so_arm100_ws/install/so_arm100/share/colcon-core/packages/so_arm100)
[0.314s] DEBUG:colcon.colcon_parallel_executor.executor.parallel:closing loop
[0.314s] DEBUG:colcon.colcon_parallel_executor.executor.parallel:loop closed
[0.314s] DEBUG:colcon.colcon_parallel_executor.executor.parallel:run_until_complete finished with '2'
[0.314s] DEBUG:colcon.colcon_core.event_reactor:joining thread
[0.324s] INFO:colcon.colcon_core.plugin_system:Skipping extension 'colcon_notification.desktop_notification.terminal_notifier': Not used on non-Darwin systems
[0.325s] INFO:colcon.colcon_core.plugin_system:Skipping extension 'colcon_notification.desktop_notification.win32': Not used on non-Windows systems
[0.325s] INFO:colcon.colcon_notification.desktop_notification:Sending desktop notification using 'notify2'
[0.346s] DEBUG:colcon.colcon_core.event_reactor:joined thread
[0.346s] INFO:colcon.colcon_core.shell:Creating prefix script '/home/ubuntu22/so_arm100_ws/install/local_setup.ps1'
[0.347s] INFO:colcon.colcon_core.shell:Creating prefix util module '/home/ubuntu22/so_arm100_ws/install/_local_setup_util_ps1.py'
[0.349s] INFO:colcon.colcon_core.shell:Creating prefix chain script '/home/ubuntu22/so_arm100_ws/install/setup.ps1'
[0.350s] INFO:colcon.colcon_core.shell:Creating prefix script '/home/ubuntu22/so_arm100_ws/install/local_setup.sh'
[0.351s] INFO:colcon.colcon_core.shell:Creating prefix util module '/home/ubuntu22/so_arm100_ws/install/_local_setup_util_sh.py'
[0.352s] INFO:colcon.colcon_core.shell:Creating prefix chain script '/home/ubuntu22/so_arm100_ws/install/setup.sh'
[0.353s] INFO:colcon.colcon_core.shell:Creating prefix script '/home/ubuntu22/so_arm100_ws/install/local_setup.bash'
[0.354s] INFO:colcon.colcon_core.shell:Creating prefix chain script '/home/ubuntu22/so_arm100_ws/install/setup.bash'
[0.355s] INFO:colcon.colcon_core.shell:Creating prefix script '/home/ubuntu22/so_arm100_ws/install/local_setup.zsh'
[0.356s] INFO:colcon.colcon_core.shell:Creating prefix chain script '/home/ubuntu22/so_arm100_ws/install/setup.zsh'
