[0.000000] (-) TimerEvent: {}
[0.000069] (so_arm100) JobQueued: {'identifier': 'so_arm100', 'dependencies': OrderedDict()}
[0.000162] (so_arm100_moveit_config) JobQueued: {'identifier': 'so_arm100_moveit_config', 'dependencies': OrderedDict([('so_arm100', '/home/ubuntu22/so_arm100_ws/install/so_arm100')])}
[0.000300] (so_arm100) JobStarted: {'identifier': 'so_arm100'}
[0.004684] (so_arm100) JobProgress: {'identifier': 'so_arm100', 'progress': 'cmake'}
[0.004998] (so_arm100) JobProgress: {'identifier': 'so_arm100', 'progress': 'build'}
[0.005635] (so_arm100) Command: {'cmd': ['/home/ubuntu22/.local/bin/cmake', '--build', '/home/ubuntu22/so_arm100_ws/build/so_arm100', '--', '-j16', '-l16'], 'cwd': '/home/ubuntu22/so_arm100_ws/build/so_arm100', 'env': OrderedDict([('GJS_DEBUG_TOPICS', 'JS ERROR;JS LOG'), ('LESSOPEN', '| /usr/bin/lesspipe %s'), ('VSCODE_CWD', '/home/ubuntu22'), ('CONDA_PROMPT_MODIFIER', '(base)'), ('LANGUAGE', 'zh_CN:zh'), ('USER', 'ubuntu22'), ('VSCODE_NLS_CONFIG', '{"userLocale":"zh-cn","osLocale":"zh-cn","resolvedLanguage":"zh-cn","defaultMessagesFile":"/usr/share/windsurf/resources/app/out/nls.messages.json","languagePack":{"translationsConfigFile":"/home/ubuntu22/.config/Windsurf/clp/83447c9e569f9056950c8dcd32d44ec9.zh-cn/tcf.json","messagesFile":"/home/ubuntu22/.config/Windsurf/clp/83447c9e569f9056950c8dcd32d44ec9.zh-cn/c418a14b63f051e96dafb37fe06f1fe0b10ba3c8/nls.messages.json","corruptMarkerFile":"/home/ubuntu22/.config/Windsurf/clp/83447c9e569f9056950c8dcd32d44ec9.zh-cn/corrupted.info"},"locale":"zh-cn","availableLanguages":{"*":"zh-cn"},"_languagePackId":"83447c9e569f9056950c8dcd32d44ec9.zh-cn","_languagePackSupport":true,"_translationsConfigFile":"/home/ubuntu22/.config/Windsurf/clp/83447c9e569f9056950c8dcd32d44ec9.zh-cn/tcf.json","_cacheRoot":"/home/ubuntu22/.config/Windsurf/clp/83447c9e569f9056950c8dcd32d44ec9.zh-cn","_resolvedLanguagePackCoreLocation":"/home/ubuntu22/.config/Windsurf/clp/83447c9e569f9056950c8dcd32d44ec9.zh-cn/c418a14b63f051e96dafb37fe06f1fe0b10ba3c8","_corruptedFile":"/home/ubuntu22/.config/Windsurf/clp/83447c9e569f9056950c8dcd32d44ec9.zh-cn/corrupted.info"}'), ('VSCODE_HANDLES_UNCAUGHT_ERRORS', 'true'), ('XDG_SESSION_TYPE', 'x11'), ('LD_LIBRARY_PATH', '/opt/ros/humble/lib:/opt/ros/humble/opt/rviz_ogre_vendor/lib:/opt/ros/humble/lib/x86_64-linux-gnu:/opt/ros/humble/lib'), ('SHLVL', '0'), ('CHROME_DESKTOP', 'windsurf-url-handler.desktop'), ('CONDA_SHLVL', '1'), ('HOME', '/home/ubuntu22'), ('DESKTOP_SESSION', 'ubuntu'), ('GIO_LAUNCHED_DESKTOP_FILE', '/usr/share/applications/windsurf.desktop'), ('VSCODE_IPC_HOOK', '/run/user/1000/vscode-b1babb8d-1.94-main.sock'), ('GNOME_SHELL_SESSION_MODE', 'ubuntu'), ('GTK_MODULES', 'gail:atk-bridge'), ('ROS_PYTHON_VERSION', '3'), ('MANAGERPID', '1180'), ('DBUS_SESSION_BUS_ADDRESS', 'unix:path=/run/user/1000/bus'), ('SYSTEMD_EXEC_PID', '1524'), ('GIO_LAUNCHED_DESKTOP_FILE_PID', '4731'), ('VSCODE_CRASH_REPORTER_PROCESS_TYPE', 'extensionHost'), ('IM_CONFIG_PHASE', '1'), ('ROS_DISTRO', 'humble'), ('GTK_IM_MODULE', 'ibus'), ('LOGNAME', 'ubuntu22'), ('JOURNAL_STREAM', '8:2865'), ('_', '/usr/share/windsurf/windsurf'), ('ROS_VERSION', '2'), ('XDG_SESSION_CLASS', 'user'), ('USERNAME', 'ubuntu22'), ('GNOME_DESKTOP_SESSION_ID', 'this-is-deprecated'), ('ROS_LOCALHOST_ONLY', '0'), ('WINDOWPATH', '2'), ('PATH', '/home/ubuntu22/.local/bin:/opt/ros/humble/bin:/home/ubuntu22/anaconda3/bin:/home/ubuntu22/anaconda3/condabin:/home/ubuntu22/.local/bin:/usr/local/sbin:/usr/local/bin:/usr/sbin:/usr/bin:/sbin:/bin:/usr/games:/usr/local/games:/snap/bin:/snap/bin:/home/ubuntu22/.local/bin'), ('INVOCATION_ID', '63840f417d1e405798d2fecddfe7ad06'), ('SESSION_MANAGER', 'local/ubuntu22-MS-Challenger-B760M-N-D5:@/tmp/.ICE-unix/1496,unix/ubuntu22-MS-Challenger-B760M-N-D5:/tmp/.ICE-unix/1496'), ('VSCODE_AMD_ENTRYPOINT', 'vs/workbench/api/node/extensionHostProcess'), ('GDK_BACKEND', 'x11'), ('XDG_MENU_PREFIX', 'gnome-'), ('XDG_RUNTIME_DIR', '/run/user/1000'), ('DISPLAY', ':0'), ('LANG', 'zh_CN.UTF-8'), ('XDG_CURRENT_DESKTOP', 'Unity'), ('XAUTHORITY', '/run/user/1000/gdm/Xauthority'), ('XDG_SESSION_DESKTOP', 'ubuntu'), ('XMODIFIERS', '@im=ibus'), ('AMENT_PREFIX_PATH', '/opt/ros/humble'), ('CONDA_PYTHON_EXE', '/home/ubuntu22/anaconda3/bin/python'), ('ORIGINAL_XDG_CURRENT_DESKTOP', 'ubuntu:GNOME'), ('SSH_AGENT_LAUNCHER', 'gnome-keyring'), ('SSH_AUTH_SOCK', '/run/user/1000/keyring/ssh'), ('SHELL', '/bin/bash'), ('GDMSESSION', 'ubuntu'), ('QT_ACCESSIBILITY', '1'), ('ELECTRON_RUN_AS_NODE', '1'), ('CONDA_DEFAULT_ENV', 'base'), ('LESSCLOSE', '/usr/bin/lesspipe %s %s'), ('GJS_DEBUG_OUTPUT', 'stderr'), ('GPG_AGENT_INFO', '/run/user/1000/gnupg/S.gpg-agent:0:1'), ('QT_IM_MODULE', 'ibus'), ('CODEIUM_EDITOR_APP_ROOT', '/usr/share/windsurf/resources/app'), ('PWD', '/home/ubuntu22/so_arm100_ws/build/so_arm100'), ('CONDA_EXE', '/home/ubuntu22/anaconda3/bin/conda'), ('VSCODE_CODE_CACHE_PATH', '/home/ubuntu22/.config/Windsurf/CachedData/c418a14b63f051e96dafb37fe06f1fe0b10ba3c8'), ('XDG_CONFIG_DIRS', '/etc/xdg/xdg-ubuntu:/etc/xdg'), ('XDG_DATA_DIRS', '/usr/share/ubuntu:/usr/share/gnome:/home/ubuntu22/.local/share/flatpak/exports/share:/var/lib/flatpak/exports/share:/usr/local/share/:/usr/share/:/var/lib/snapd/desktop'), ('PYTHONPATH', '/opt/ros/humble/lib/python3.10/site-packages:/opt/ros/humble/lib/python3.10/site-packages:/opt/ros/humble/local/lib/python3.10/dist-packages'), ('CONDA_PREFIX', '/home/ubuntu22/anaconda3'), ('COLCON', '1'), ('VSCODE_PID', '4731'), ('CMAKE_PREFIX_PATH', '/opt/ros/humble')]), 'shell': False}
[0.062665] (so_arm100) StderrLine: {'line': b'CMake Deprecation Warning at CMakeLists.txt:1 (cmake_minimum_required):\n'}
[0.062797] (so_arm100) StderrLine: {'line': b'  Compatibility with CMake < 3.10 will be removed from a future version of\n'}
[0.062835] (so_arm100) StderrLine: {'line': b'  CMake.\n'}
[0.062864] (so_arm100) StderrLine: {'line': b'\n'}
[0.062889] (so_arm100) StderrLine: {'line': b'  Update the VERSION argument <min> value or use a ...<max> suffix to tell\n'}
[0.062914] (so_arm100) StderrLine: {'line': b'  CMake that the project does not need compatibility with older versions.\n'}
[0.062939] (so_arm100) StderrLine: {'line': b'\n'}
[0.062963] (so_arm100) StderrLine: {'line': b'\n'}
[0.070634] (so_arm100) StdoutLine: {'line': b'-- Found ament_cmake: 1.3.11 (/opt/ros/humble/share/ament_cmake/cmake)\n'}
[0.099915] (-) TimerEvent: {}
[0.200078] (-) TimerEvent: {}
[0.216235] (so_arm100) StdoutLine: {'line': b'-- Found rclcpp: 16.0.11 (/opt/ros/humble/share/rclcpp/cmake)\n'}
[0.237733] (so_arm100) StdoutLine: {'line': b'-- Found rosidl_generator_c: 3.1.6 (/opt/ros/humble/share/rosidl_generator_c/cmake)\n'}
[0.239610] (so_arm100) StdoutLine: {'line': b'-- Found rosidl_adapter: 3.1.6 (/opt/ros/humble/share/rosidl_adapter/cmake)\n'}
[0.244152] (so_arm100) StdoutLine: {'line': b'-- Found rosidl_generator_cpp: 3.1.6 (/opt/ros/humble/share/rosidl_generator_cpp/cmake)\n'}
[0.251284] (so_arm100) StdoutLine: {'line': b'-- Using all available rosidl_typesupport_c: rosidl_typesupport_fastrtps_c;rosidl_typesupport_introspection_c\n'}
[0.261010] (so_arm100) StdoutLine: {'line': b'-- Using all available rosidl_typesupport_cpp: rosidl_typesupport_fastrtps_cpp;rosidl_typesupport_introspection_cpp\n'}
[0.287029] (so_arm100) StdoutLine: {'line': b'-- Found rmw_implementation_cmake: 6.1.2 (/opt/ros/humble/share/rmw_implementation_cmake/cmake)\n'}
[0.287866] (so_arm100) StdoutLine: {'line': b'-- Found rmw_fastrtps_cpp: 6.2.7 (/opt/ros/humble/share/rmw_fastrtps_cpp/cmake)\n'}
[0.300166] (-) TimerEvent: {}
[0.361260] (so_arm100) StdoutLine: {'line': b"-- Using RMW implementation 'rmw_fastrtps_cpp' as default\n"}
[0.400254] (-) TimerEvent: {}
[0.403434] (so_arm100) StdoutLine: {'line': b'-- Found rclcpp_lifecycle: 16.0.11 (/opt/ros/humble/share/rclcpp_lifecycle/cmake)\n'}
[0.467535] (so_arm100) StdoutLine: {'line': b'-- Configuring done (0.4s)\n'}
[0.470581] (so_arm100) StdoutLine: {'line': b'-- Generating done (0.0s)\n'}
[0.471217] (so_arm100) StdoutLine: {'line': b'-- Build files have been written to: /home/ubuntu22/so_arm100_ws/build/so_arm100\n'}
[0.481272] (so_arm100) CommandEnded: {'returncode': 0}
[0.481676] (so_arm100) JobProgress: {'identifier': 'so_arm100', 'progress': 'install'}
[0.500326] (-) TimerEvent: {}
[0.530545] (so_arm100) Command: {'cmd': ['/home/ubuntu22/.local/bin/cmake', '--install', '/home/ubuntu22/so_arm100_ws/build/so_arm100'], 'cwd': '/home/ubuntu22/so_arm100_ws/build/so_arm100', 'env': OrderedDict([('GJS_DEBUG_TOPICS', 'JS ERROR;JS LOG'), ('LESSOPEN', '| /usr/bin/lesspipe %s'), ('VSCODE_CWD', '/home/ubuntu22'), ('CONDA_PROMPT_MODIFIER', '(base)'), ('LANGUAGE', 'zh_CN:zh'), ('USER', 'ubuntu22'), ('VSCODE_NLS_CONFIG', '{"userLocale":"zh-cn","osLocale":"zh-cn","resolvedLanguage":"zh-cn","defaultMessagesFile":"/usr/share/windsurf/resources/app/out/nls.messages.json","languagePack":{"translationsConfigFile":"/home/ubuntu22/.config/Windsurf/clp/83447c9e569f9056950c8dcd32d44ec9.zh-cn/tcf.json","messagesFile":"/home/ubuntu22/.config/Windsurf/clp/83447c9e569f9056950c8dcd32d44ec9.zh-cn/c418a14b63f051e96dafb37fe06f1fe0b10ba3c8/nls.messages.json","corruptMarkerFile":"/home/ubuntu22/.config/Windsurf/clp/83447c9e569f9056950c8dcd32d44ec9.zh-cn/corrupted.info"},"locale":"zh-cn","availableLanguages":{"*":"zh-cn"},"_languagePackId":"83447c9e569f9056950c8dcd32d44ec9.zh-cn","_languagePackSupport":true,"_translationsConfigFile":"/home/ubuntu22/.config/Windsurf/clp/83447c9e569f9056950c8dcd32d44ec9.zh-cn/tcf.json","_cacheRoot":"/home/ubuntu22/.config/Windsurf/clp/83447c9e569f9056950c8dcd32d44ec9.zh-cn","_resolvedLanguagePackCoreLocation":"/home/ubuntu22/.config/Windsurf/clp/83447c9e569f9056950c8dcd32d44ec9.zh-cn/c418a14b63f051e96dafb37fe06f1fe0b10ba3c8","_corruptedFile":"/home/ubuntu22/.config/Windsurf/clp/83447c9e569f9056950c8dcd32d44ec9.zh-cn/corrupted.info"}'), ('VSCODE_HANDLES_UNCAUGHT_ERRORS', 'true'), ('XDG_SESSION_TYPE', 'x11'), ('LD_LIBRARY_PATH', '/opt/ros/humble/lib:/opt/ros/humble/opt/rviz_ogre_vendor/lib:/opt/ros/humble/lib/x86_64-linux-gnu:/opt/ros/humble/lib'), ('SHLVL', '0'), ('CHROME_DESKTOP', 'windsurf-url-handler.desktop'), ('CONDA_SHLVL', '1'), ('HOME', '/home/ubuntu22'), ('DESKTOP_SESSION', 'ubuntu'), ('GIO_LAUNCHED_DESKTOP_FILE', '/usr/share/applications/windsurf.desktop'), ('VSCODE_IPC_HOOK', '/run/user/1000/vscode-b1babb8d-1.94-main.sock'), ('GNOME_SHELL_SESSION_MODE', 'ubuntu'), ('GTK_MODULES', 'gail:atk-bridge'), ('ROS_PYTHON_VERSION', '3'), ('MANAGERPID', '1180'), ('DBUS_SESSION_BUS_ADDRESS', 'unix:path=/run/user/1000/bus'), ('SYSTEMD_EXEC_PID', '1524'), ('GIO_LAUNCHED_DESKTOP_FILE_PID', '4731'), ('VSCODE_CRASH_REPORTER_PROCESS_TYPE', 'extensionHost'), ('IM_CONFIG_PHASE', '1'), ('ROS_DISTRO', 'humble'), ('GTK_IM_MODULE', 'ibus'), ('LOGNAME', 'ubuntu22'), ('JOURNAL_STREAM', '8:2865'), ('_', '/usr/share/windsurf/windsurf'), ('ROS_VERSION', '2'), ('XDG_SESSION_CLASS', 'user'), ('USERNAME', 'ubuntu22'), ('GNOME_DESKTOP_SESSION_ID', 'this-is-deprecated'), ('ROS_LOCALHOST_ONLY', '0'), ('WINDOWPATH', '2'), ('PATH', '/home/ubuntu22/.local/bin:/opt/ros/humble/bin:/home/ubuntu22/anaconda3/bin:/home/ubuntu22/anaconda3/condabin:/home/ubuntu22/.local/bin:/usr/local/sbin:/usr/local/bin:/usr/sbin:/usr/bin:/sbin:/bin:/usr/games:/usr/local/games:/snap/bin:/snap/bin:/home/ubuntu22/.local/bin'), ('INVOCATION_ID', '63840f417d1e405798d2fecddfe7ad06'), ('SESSION_MANAGER', 'local/ubuntu22-MS-Challenger-B760M-N-D5:@/tmp/.ICE-unix/1496,unix/ubuntu22-MS-Challenger-B760M-N-D5:/tmp/.ICE-unix/1496'), ('VSCODE_AMD_ENTRYPOINT', 'vs/workbench/api/node/extensionHostProcess'), ('GDK_BACKEND', 'x11'), ('XDG_MENU_PREFIX', 'gnome-'), ('XDG_RUNTIME_DIR', '/run/user/1000'), ('DISPLAY', ':0'), ('LANG', 'zh_CN.UTF-8'), ('XDG_CURRENT_DESKTOP', 'Unity'), ('XAUTHORITY', '/run/user/1000/gdm/Xauthority'), ('XDG_SESSION_DESKTOP', 'ubuntu'), ('XMODIFIERS', '@im=ibus'), ('AMENT_PREFIX_PATH', '/opt/ros/humble'), ('CONDA_PYTHON_EXE', '/home/ubuntu22/anaconda3/bin/python'), ('ORIGINAL_XDG_CURRENT_DESKTOP', 'ubuntu:GNOME'), ('SSH_AGENT_LAUNCHER', 'gnome-keyring'), ('SSH_AUTH_SOCK', '/run/user/1000/keyring/ssh'), ('SHELL', '/bin/bash'), ('GDMSESSION', 'ubuntu'), ('QT_ACCESSIBILITY', '1'), ('ELECTRON_RUN_AS_NODE', '1'), ('CONDA_DEFAULT_ENV', 'base'), ('LESSCLOSE', '/usr/bin/lesspipe %s %s'), ('GJS_DEBUG_OUTPUT', 'stderr'), ('GPG_AGENT_INFO', '/run/user/1000/gnupg/S.gpg-agent:0:1'), ('QT_IM_MODULE', 'ibus'), ('CODEIUM_EDITOR_APP_ROOT', '/usr/share/windsurf/resources/app'), ('PWD', '/home/ubuntu22/so_arm100_ws/build/so_arm100'), ('CONDA_EXE', '/home/ubuntu22/anaconda3/bin/conda'), ('VSCODE_CODE_CACHE_PATH', '/home/ubuntu22/.config/Windsurf/CachedData/c418a14b63f051e96dafb37fe06f1fe0b10ba3c8'), ('XDG_CONFIG_DIRS', '/etc/xdg/xdg-ubuntu:/etc/xdg'), ('XDG_DATA_DIRS', '/usr/share/ubuntu:/usr/share/gnome:/home/ubuntu22/.local/share/flatpak/exports/share:/var/lib/flatpak/exports/share:/usr/local/share/:/usr/share/:/var/lib/snapd/desktop'), ('PYTHONPATH', '/opt/ros/humble/lib/python3.10/site-packages:/opt/ros/humble/lib/python3.10/site-packages:/opt/ros/humble/local/lib/python3.10/dist-packages'), ('CONDA_PREFIX', '/home/ubuntu22/anaconda3'), ('COLCON', '1'), ('VSCODE_PID', '4731'), ('CMAKE_PREFIX_PATH', '/opt/ros/humble')]), 'shell': False}
[0.576738] (so_arm100) StdoutLine: {'line': b'-- Install configuration: ""\n'}
[0.576867] (so_arm100) StdoutLine: {'line': b'-- Up-to-date: /home/ubuntu22/so_arm100_ws/install/so_arm100/share/so_arm100/urdf\n'}
[0.576904] (so_arm100) StdoutLine: {'line': b'-- Up-to-date: /home/ubuntu22/so_arm100_ws/install/so_arm100/share/so_arm100/urdf/so_arm100_control.urdf.xacro\n'}
[0.576931] (so_arm100) StdoutLine: {'line': b'-- Up-to-date: /home/ubuntu22/so_arm100_ws/install/so_arm100/share/so_arm100/urdf/so_arm100_macro.xacro\n'}
[0.576958] (so_arm100) StdoutLine: {'line': b'-- Up-to-date: /home/ubuntu22/so_arm100_ws/install/so_arm100/share/so_arm100/urdf/so_arm100.csv\n'}
[0.576983] (so_arm100) StdoutLine: {'line': b'-- Up-to-date: /home/ubuntu22/so_arm100_ws/install/so_arm100/share/so_arm100/urdf/so_arm100.urdf\n'}
[0.577008] (so_arm100) StdoutLine: {'line': b'-- Up-to-date: /home/ubuntu22/so_arm100_ws/install/so_arm100/share/so_arm100/urdf/so_arm100.urdf.xacro\n'}
[0.577032] (so_arm100) StdoutLine: {'line': b'-- Up-to-date: /home/ubuntu22/so_arm100_ws/install/so_arm100/share/so_arm100/urdf/so_arm100\n'}
[0.577055] (so_arm100) StdoutLine: {'line': b'-- Up-to-date: /home/ubuntu22/so_arm100_ws/install/so_arm100/share/so_arm100/urdf/so_arm100/so_arm100.usd\n'}
[0.577078] (so_arm100) StdoutLine: {'line': b'-- Up-to-date: /home/ubuntu22/so_arm100_ws/install/so_arm100/share/so_arm100/config\n'}
[0.577101] (so_arm100) StdoutLine: {'line': b'-- Up-to-date: /home/ubuntu22/so_arm100_ws/install/so_arm100/share/so_arm100/config/urdf.rviz\n'}
[0.577124] (so_arm100) StdoutLine: {'line': b'-- Up-to-date: /home/ubuntu22/so_arm100_ws/install/so_arm100/share/so_arm100/config/joint_names_so_arm100.yaml\n'}
[0.577156] (so_arm100) StdoutLine: {'line': b'-- Installing: /home/ubuntu22/so_arm100_ws/install/so_arm100/share/so_arm100/meshes\n'}
[0.577185] (so_arm100) StdoutLine: {'line': b'-- Installing: /home/ubuntu22/so_arm100_ws/install/so_arm100/share/so_arm100/meshes/jaw_link.STL\n'}
[0.577271] (so_arm100) StdoutLine: {'line': b'-- Installing: /home/ubuntu22/so_arm100_ws/install/so_arm100/share/so_arm100/meshes/shoulder_link.STL\n'}
[0.577879] (so_arm100) StdoutLine: {'line': b'-- Installing: /home/ubuntu22/so_arm100_ws/install/so_arm100/share/so_arm100/meshes/wrist_2_link.STL\n'}
[0.578488] (so_arm100) StdoutLine: {'line': b'-- Installing: /home/ubuntu22/so_arm100_ws/install/so_arm100/share/so_arm100/meshes/forearm_link.STL\n'}
[0.579120] (so_arm100) StdoutLine: {'line': b'-- Installing: /home/ubuntu22/so_arm100_ws/install/so_arm100/share/so_arm100/meshes/Base.STL\n'}
[0.580695] (so_arm100) StdoutLine: {'line': b'-- Installing: /home/ubuntu22/so_arm100_ws/install/so_arm100/share/so_arm100/meshes/wrist_1_link.STL\n'}
[0.581267] (so_arm100) StdoutLine: {'line': b'-- Installing: /home/ubuntu22/so_arm100_ws/install/so_arm100/share/so_arm100/meshes/upper_arm_link.STL\n'}
[0.581890] (so_arm100) StdoutLine: {'line': b'-- Up-to-date: /home/ubuntu22/so_arm100_ws/install/so_arm100/share/ament_index/resource_index/package_run_dependencies/so_arm100\n'}
[0.581920] (so_arm100) StdoutLine: {'line': b'-- Up-to-date: /home/ubuntu22/so_arm100_ws/install/so_arm100/share/ament_index/resource_index/parent_prefix_path/so_arm100\n'}
[0.581949] (so_arm100) StdoutLine: {'line': b'-- Up-to-date: /home/ubuntu22/so_arm100_ws/install/so_arm100/share/so_arm100/environment/ament_prefix_path.sh\n'}
[0.581977] (so_arm100) StdoutLine: {'line': b'-- Installing: /home/ubuntu22/so_arm100_ws/install/so_arm100/share/so_arm100/environment/ament_prefix_path.dsv\n'}
[0.582068] (so_arm100) StdoutLine: {'line': b'-- Up-to-date: /home/ubuntu22/so_arm100_ws/install/so_arm100/share/so_arm100/environment/path.sh\n'}
[0.582094] (so_arm100) StdoutLine: {'line': b'-- Installing: /home/ubuntu22/so_arm100_ws/install/so_arm100/share/so_arm100/environment/path.dsv\n'}
[0.582121] (so_arm100) StdoutLine: {'line': b'-- Up-to-date: /home/ubuntu22/so_arm100_ws/install/so_arm100/share/so_arm100/local_setup.bash\n'}
[0.582150] (so_arm100) StdoutLine: {'line': b'-- Up-to-date: /home/ubuntu22/so_arm100_ws/install/so_arm100/share/so_arm100/local_setup.sh\n'}
[0.582223] (so_arm100) StdoutLine: {'line': b'-- Up-to-date: /home/ubuntu22/so_arm100_ws/install/so_arm100/share/so_arm100/local_setup.zsh\n'}
[0.582247] (so_arm100) StdoutLine: {'line': b'-- Installing: /home/ubuntu22/so_arm100_ws/install/so_arm100/share/so_arm100/local_setup.dsv\n'}
[0.582271] (so_arm100) StdoutLine: {'line': b'-- Installing: /home/ubuntu22/so_arm100_ws/install/so_arm100/share/so_arm100/package.dsv\n'}
[0.582295] (so_arm100) StdoutLine: {'line': b'-- Up-to-date: /home/ubuntu22/so_arm100_ws/install/so_arm100/share/ament_index/resource_index/packages/so_arm100\n'}
[0.582320] (so_arm100) StdoutLine: {'line': b'-- Up-to-date: /home/ubuntu22/so_arm100_ws/install/so_arm100/share/so_arm100/cmake/so_arm100Config.cmake\n'}
[0.582345] (so_arm100) StdoutLine: {'line': b'-- Up-to-date: /home/ubuntu22/so_arm100_ws/install/so_arm100/share/so_arm100/cmake/so_arm100Config-version.cmake\n'}
[0.582369] (so_arm100) StdoutLine: {'line': b'-- Up-to-date: /home/ubuntu22/so_arm100_ws/install/so_arm100/share/so_arm100/package.xml\n'}
[0.582850] (so_arm100) CommandEnded: {'returncode': 0}
[0.593487] (so_arm100) JobEnded: {'identifier': 'so_arm100', 'rc': 0}
[0.594139] (so_arm100_moveit_config) JobStarted: {'identifier': 'so_arm100_moveit_config'}
[0.597947] (so_arm100_moveit_config) JobProgress: {'identifier': 'so_arm100_moveit_config', 'progress': 'cmake'}
[0.598178] (so_arm100_moveit_config) JobProgress: {'identifier': 'so_arm100_moveit_config', 'progress': 'build'}
[0.598303] (so_arm100_moveit_config) Command: {'cmd': ['/home/ubuntu22/.local/bin/cmake', '--build', '/home/ubuntu22/so_arm100_ws/build/so_arm100_moveit_config', '--', '-j16', '-l16'], 'cwd': '/home/ubuntu22/so_arm100_ws/build/so_arm100_moveit_config', 'env': OrderedDict([('GJS_DEBUG_TOPICS', 'JS ERROR;JS LOG'), ('LESSOPEN', '| /usr/bin/lesspipe %s'), ('VSCODE_CWD', '/home/ubuntu22'), ('CONDA_PROMPT_MODIFIER', '(base)'), ('LANGUAGE', 'zh_CN:zh'), ('USER', 'ubuntu22'), ('VSCODE_NLS_CONFIG', '{"userLocale":"zh-cn","osLocale":"zh-cn","resolvedLanguage":"zh-cn","defaultMessagesFile":"/usr/share/windsurf/resources/app/out/nls.messages.json","languagePack":{"translationsConfigFile":"/home/ubuntu22/.config/Windsurf/clp/83447c9e569f9056950c8dcd32d44ec9.zh-cn/tcf.json","messagesFile":"/home/ubuntu22/.config/Windsurf/clp/83447c9e569f9056950c8dcd32d44ec9.zh-cn/c418a14b63f051e96dafb37fe06f1fe0b10ba3c8/nls.messages.json","corruptMarkerFile":"/home/ubuntu22/.config/Windsurf/clp/83447c9e569f9056950c8dcd32d44ec9.zh-cn/corrupted.info"},"locale":"zh-cn","availableLanguages":{"*":"zh-cn"},"_languagePackId":"83447c9e569f9056950c8dcd32d44ec9.zh-cn","_languagePackSupport":true,"_translationsConfigFile":"/home/ubuntu22/.config/Windsurf/clp/83447c9e569f9056950c8dcd32d44ec9.zh-cn/tcf.json","_cacheRoot":"/home/ubuntu22/.config/Windsurf/clp/83447c9e569f9056950c8dcd32d44ec9.zh-cn","_resolvedLanguagePackCoreLocation":"/home/ubuntu22/.config/Windsurf/clp/83447c9e569f9056950c8dcd32d44ec9.zh-cn/c418a14b63f051e96dafb37fe06f1fe0b10ba3c8","_corruptedFile":"/home/ubuntu22/.config/Windsurf/clp/83447c9e569f9056950c8dcd32d44ec9.zh-cn/corrupted.info"}'), ('VSCODE_HANDLES_UNCAUGHT_ERRORS', 'true'), ('XDG_SESSION_TYPE', 'x11'), ('LD_LIBRARY_PATH', '/home/ubuntu22/so_arm100_ws/install/so_arm100/lib:/opt/ros/humble/lib:/opt/ros/humble/opt/rviz_ogre_vendor/lib:/opt/ros/humble/lib/x86_64-linux-gnu:/opt/ros/humble/lib'), ('SHLVL', '0'), ('CHROME_DESKTOP', 'windsurf-url-handler.desktop'), ('CONDA_SHLVL', '1'), ('HOME', '/home/ubuntu22'), ('DESKTOP_SESSION', 'ubuntu'), ('GIO_LAUNCHED_DESKTOP_FILE', '/usr/share/applications/windsurf.desktop'), ('VSCODE_IPC_HOOK', '/run/user/1000/vscode-b1babb8d-1.94-main.sock'), ('GNOME_SHELL_SESSION_MODE', 'ubuntu'), ('GTK_MODULES', 'gail:atk-bridge'), ('ROS_PYTHON_VERSION', '3'), ('MANAGERPID', '1180'), ('DBUS_SESSION_BUS_ADDRESS', 'unix:path=/run/user/1000/bus'), ('SYSTEMD_EXEC_PID', '1524'), ('GIO_LAUNCHED_DESKTOP_FILE_PID', '4731'), ('VSCODE_CRASH_REPORTER_PROCESS_TYPE', 'extensionHost'), ('IM_CONFIG_PHASE', '1'), ('ROS_DISTRO', 'humble'), ('GTK_IM_MODULE', 'ibus'), ('LOGNAME', 'ubuntu22'), ('JOURNAL_STREAM', '8:2865'), ('_', '/usr/share/windsurf/windsurf'), ('ROS_VERSION', '2'), ('XDG_SESSION_CLASS', 'user'), ('USERNAME', 'ubuntu22'), ('GNOME_DESKTOP_SESSION_ID', 'this-is-deprecated'), ('ROS_LOCALHOST_ONLY', '0'), ('WINDOWPATH', '2'), ('PATH', '/home/ubuntu22/.local/bin:/opt/ros/humble/bin:/home/ubuntu22/anaconda3/bin:/home/ubuntu22/anaconda3/condabin:/home/ubuntu22/.local/bin:/usr/local/sbin:/usr/local/bin:/usr/sbin:/usr/bin:/sbin:/bin:/usr/games:/usr/local/games:/snap/bin:/snap/bin:/home/ubuntu22/.local/bin'), ('INVOCATION_ID', '63840f417d1e405798d2fecddfe7ad06'), ('SESSION_MANAGER', 'local/ubuntu22-MS-Challenger-B760M-N-D5:@/tmp/.ICE-unix/1496,unix/ubuntu22-MS-Challenger-B760M-N-D5:/tmp/.ICE-unix/1496'), ('VSCODE_AMD_ENTRYPOINT', 'vs/workbench/api/node/extensionHostProcess'), ('GDK_BACKEND', 'x11'), ('XDG_MENU_PREFIX', 'gnome-'), ('XDG_RUNTIME_DIR', '/run/user/1000'), ('DISPLAY', ':0'), ('LANG', 'zh_CN.UTF-8'), ('XDG_CURRENT_DESKTOP', 'Unity'), ('XAUTHORITY', '/run/user/1000/gdm/Xauthority'), ('XDG_SESSION_DESKTOP', 'ubuntu'), ('XMODIFIERS', '@im=ibus'), ('AMENT_PREFIX_PATH', '/home/ubuntu22/so_arm100_ws/install/so_arm100:/opt/ros/humble'), ('CONDA_PYTHON_EXE', '/home/ubuntu22/anaconda3/bin/python'), ('ORIGINAL_XDG_CURRENT_DESKTOP', 'ubuntu:GNOME'), ('SSH_AGENT_LAUNCHER', 'gnome-keyring'), ('SSH_AUTH_SOCK', '/run/user/1000/keyring/ssh'), ('SHELL', '/bin/bash'), ('GDMSESSION', 'ubuntu'), ('QT_ACCESSIBILITY', '1'), ('ELECTRON_RUN_AS_NODE', '1'), ('CONDA_DEFAULT_ENV', 'base'), ('LESSCLOSE', '/usr/bin/lesspipe %s %s'), ('GJS_DEBUG_OUTPUT', 'stderr'), ('GPG_AGENT_INFO', '/run/user/1000/gnupg/S.gpg-agent:0:1'), ('QT_IM_MODULE', 'ibus'), ('CODEIUM_EDITOR_APP_ROOT', '/usr/share/windsurf/resources/app'), ('PWD', '/home/ubuntu22/so_arm100_ws/build/so_arm100_moveit_config'), ('CONDA_EXE', '/home/ubuntu22/anaconda3/bin/conda'), ('VSCODE_CODE_CACHE_PATH', '/home/ubuntu22/.config/Windsurf/CachedData/c418a14b63f051e96dafb37fe06f1fe0b10ba3c8'), ('XDG_CONFIG_DIRS', '/etc/xdg/xdg-ubuntu:/etc/xdg'), ('XDG_DATA_DIRS', '/usr/share/ubuntu:/usr/share/gnome:/home/ubuntu22/.local/share/flatpak/exports/share:/var/lib/flatpak/exports/share:/usr/local/share/:/usr/share/:/var/lib/snapd/desktop'), ('PYTHONPATH', '/opt/ros/humble/lib/python3.10/site-packages:/opt/ros/humble/lib/python3.10/site-packages:/opt/ros/humble/local/lib/python3.10/dist-packages'), ('CONDA_PREFIX', '/home/ubuntu22/anaconda3'), ('COLCON', '1'), ('VSCODE_PID', '4731'), ('CMAKE_PREFIX_PATH', '/home/ubuntu22/so_arm100_ws/install/so_arm100:/opt/ros/humble')]), 'shell': False}
[0.600380] (-) TimerEvent: {}
[0.657407] (so_arm100_moveit_config) CommandEnded: {'returncode': 0}
[0.657828] (so_arm100_moveit_config) JobProgress: {'identifier': 'so_arm100_moveit_config', 'progress': 'install'}
[0.657975] (so_arm100_moveit_config) Command: {'cmd': ['/home/ubuntu22/.local/bin/cmake', '--install', '/home/ubuntu22/so_arm100_ws/build/so_arm100_moveit_config'], 'cwd': '/home/ubuntu22/so_arm100_ws/build/so_arm100_moveit_config', 'env': OrderedDict([('GJS_DEBUG_TOPICS', 'JS ERROR;JS LOG'), ('LESSOPEN', '| /usr/bin/lesspipe %s'), ('VSCODE_CWD', '/home/ubuntu22'), ('CONDA_PROMPT_MODIFIER', '(base)'), ('LANGUAGE', 'zh_CN:zh'), ('USER', 'ubuntu22'), ('VSCODE_NLS_CONFIG', '{"userLocale":"zh-cn","osLocale":"zh-cn","resolvedLanguage":"zh-cn","defaultMessagesFile":"/usr/share/windsurf/resources/app/out/nls.messages.json","languagePack":{"translationsConfigFile":"/home/ubuntu22/.config/Windsurf/clp/83447c9e569f9056950c8dcd32d44ec9.zh-cn/tcf.json","messagesFile":"/home/ubuntu22/.config/Windsurf/clp/83447c9e569f9056950c8dcd32d44ec9.zh-cn/c418a14b63f051e96dafb37fe06f1fe0b10ba3c8/nls.messages.json","corruptMarkerFile":"/home/ubuntu22/.config/Windsurf/clp/83447c9e569f9056950c8dcd32d44ec9.zh-cn/corrupted.info"},"locale":"zh-cn","availableLanguages":{"*":"zh-cn"},"_languagePackId":"83447c9e569f9056950c8dcd32d44ec9.zh-cn","_languagePackSupport":true,"_translationsConfigFile":"/home/ubuntu22/.config/Windsurf/clp/83447c9e569f9056950c8dcd32d44ec9.zh-cn/tcf.json","_cacheRoot":"/home/ubuntu22/.config/Windsurf/clp/83447c9e569f9056950c8dcd32d44ec9.zh-cn","_resolvedLanguagePackCoreLocation":"/home/ubuntu22/.config/Windsurf/clp/83447c9e569f9056950c8dcd32d44ec9.zh-cn/c418a14b63f051e96dafb37fe06f1fe0b10ba3c8","_corruptedFile":"/home/ubuntu22/.config/Windsurf/clp/83447c9e569f9056950c8dcd32d44ec9.zh-cn/corrupted.info"}'), ('VSCODE_HANDLES_UNCAUGHT_ERRORS', 'true'), ('XDG_SESSION_TYPE', 'x11'), ('LD_LIBRARY_PATH', '/home/ubuntu22/so_arm100_ws/install/so_arm100/lib:/opt/ros/humble/lib:/opt/ros/humble/opt/rviz_ogre_vendor/lib:/opt/ros/humble/lib/x86_64-linux-gnu:/opt/ros/humble/lib'), ('SHLVL', '0'), ('CHROME_DESKTOP', 'windsurf-url-handler.desktop'), ('CONDA_SHLVL', '1'), ('HOME', '/home/ubuntu22'), ('DESKTOP_SESSION', 'ubuntu'), ('GIO_LAUNCHED_DESKTOP_FILE', '/usr/share/applications/windsurf.desktop'), ('VSCODE_IPC_HOOK', '/run/user/1000/vscode-b1babb8d-1.94-main.sock'), ('GNOME_SHELL_SESSION_MODE', 'ubuntu'), ('GTK_MODULES', 'gail:atk-bridge'), ('ROS_PYTHON_VERSION', '3'), ('MANAGERPID', '1180'), ('DBUS_SESSION_BUS_ADDRESS', 'unix:path=/run/user/1000/bus'), ('SYSTEMD_EXEC_PID', '1524'), ('GIO_LAUNCHED_DESKTOP_FILE_PID', '4731'), ('VSCODE_CRASH_REPORTER_PROCESS_TYPE', 'extensionHost'), ('IM_CONFIG_PHASE', '1'), ('ROS_DISTRO', 'humble'), ('GTK_IM_MODULE', 'ibus'), ('LOGNAME', 'ubuntu22'), ('JOURNAL_STREAM', '8:2865'), ('_', '/usr/share/windsurf/windsurf'), ('ROS_VERSION', '2'), ('XDG_SESSION_CLASS', 'user'), ('USERNAME', 'ubuntu22'), ('GNOME_DESKTOP_SESSION_ID', 'this-is-deprecated'), ('ROS_LOCALHOST_ONLY', '0'), ('WINDOWPATH', '2'), ('PATH', '/home/ubuntu22/.local/bin:/opt/ros/humble/bin:/home/ubuntu22/anaconda3/bin:/home/ubuntu22/anaconda3/condabin:/home/ubuntu22/.local/bin:/usr/local/sbin:/usr/local/bin:/usr/sbin:/usr/bin:/sbin:/bin:/usr/games:/usr/local/games:/snap/bin:/snap/bin:/home/ubuntu22/.local/bin'), ('INVOCATION_ID', '63840f417d1e405798d2fecddfe7ad06'), ('SESSION_MANAGER', 'local/ubuntu22-MS-Challenger-B760M-N-D5:@/tmp/.ICE-unix/1496,unix/ubuntu22-MS-Challenger-B760M-N-D5:/tmp/.ICE-unix/1496'), ('VSCODE_AMD_ENTRYPOINT', 'vs/workbench/api/node/extensionHostProcess'), ('GDK_BACKEND', 'x11'), ('XDG_MENU_PREFIX', 'gnome-'), ('XDG_RUNTIME_DIR', '/run/user/1000'), ('DISPLAY', ':0'), ('LANG', 'zh_CN.UTF-8'), ('XDG_CURRENT_DESKTOP', 'Unity'), ('XAUTHORITY', '/run/user/1000/gdm/Xauthority'), ('XDG_SESSION_DESKTOP', 'ubuntu'), ('XMODIFIERS', '@im=ibus'), ('AMENT_PREFIX_PATH', '/home/ubuntu22/so_arm100_ws/install/so_arm100:/opt/ros/humble'), ('CONDA_PYTHON_EXE', '/home/ubuntu22/anaconda3/bin/python'), ('ORIGINAL_XDG_CURRENT_DESKTOP', 'ubuntu:GNOME'), ('SSH_AGENT_LAUNCHER', 'gnome-keyring'), ('SSH_AUTH_SOCK', '/run/user/1000/keyring/ssh'), ('SHELL', '/bin/bash'), ('GDMSESSION', 'ubuntu'), ('QT_ACCESSIBILITY', '1'), ('ELECTRON_RUN_AS_NODE', '1'), ('CONDA_DEFAULT_ENV', 'base'), ('LESSCLOSE', '/usr/bin/lesspipe %s %s'), ('GJS_DEBUG_OUTPUT', 'stderr'), ('GPG_AGENT_INFO', '/run/user/1000/gnupg/S.gpg-agent:0:1'), ('QT_IM_MODULE', 'ibus'), ('CODEIUM_EDITOR_APP_ROOT', '/usr/share/windsurf/resources/app'), ('PWD', '/home/ubuntu22/so_arm100_ws/build/so_arm100_moveit_config'), ('CONDA_EXE', '/home/ubuntu22/anaconda3/bin/conda'), ('VSCODE_CODE_CACHE_PATH', '/home/ubuntu22/.config/Windsurf/CachedData/c418a14b63f051e96dafb37fe06f1fe0b10ba3c8'), ('XDG_CONFIG_DIRS', '/etc/xdg/xdg-ubuntu:/etc/xdg'), ('XDG_DATA_DIRS', '/usr/share/ubuntu:/usr/share/gnome:/home/ubuntu22/.local/share/flatpak/exports/share:/var/lib/flatpak/exports/share:/usr/local/share/:/usr/share/:/var/lib/snapd/desktop'), ('PYTHONPATH', '/opt/ros/humble/lib/python3.10/site-packages:/opt/ros/humble/lib/python3.10/site-packages:/opt/ros/humble/local/lib/python3.10/dist-packages'), ('CONDA_PREFIX', '/home/ubuntu22/anaconda3'), ('COLCON', '1'), ('VSCODE_PID', '4731'), ('CMAKE_PREFIX_PATH', '/home/ubuntu22/so_arm100_ws/install/so_arm100:/opt/ros/humble')]), 'shell': False}
[0.700469] (-) TimerEvent: {}
[0.704647] (so_arm100_moveit_config) StdoutLine: {'line': b'-- Install configuration: ""\n'}
[0.704836] (so_arm100_moveit_config) StdoutLine: {'line': b'-- Up-to-date: /home/ubuntu22/so_arm100_ws/install/so_arm100_moveit_config/share/ament_index/resource_index/package_run_dependencies/so_arm100_moveit_config\n'}
[0.704872] (so_arm100_moveit_config) StdoutLine: {'line': b'-- Up-to-date: /home/ubuntu22/so_arm100_ws/install/so_arm100_moveit_config/share/ament_index/resource_index/parent_prefix_path/so_arm100_moveit_config\n'}
[0.704903] (so_arm100_moveit_config) StdoutLine: {'line': b'-- Up-to-date: /home/ubuntu22/so_arm100_ws/install/so_arm100_moveit_config/share/so_arm100_moveit_config/environment/ament_prefix_path.sh\n'}
[0.704934] (so_arm100_moveit_config) StdoutLine: {'line': b'-- Up-to-date: /home/ubuntu22/so_arm100_ws/install/so_arm100_moveit_config/share/so_arm100_moveit_config/environment/ament_prefix_path.dsv\n'}
[0.704964] (so_arm100_moveit_config) StdoutLine: {'line': b'-- Up-to-date: /home/ubuntu22/so_arm100_ws/install/so_arm100_moveit_config/share/so_arm100_moveit_config/environment/path.sh\n'}
[0.704994] (so_arm100_moveit_config) StdoutLine: {'line': b'-- Up-to-date: /home/ubuntu22/so_arm100_ws/install/so_arm100_moveit_config/share/so_arm100_moveit_config/environment/path.dsv\n'}
[0.705021] (so_arm100_moveit_config) StdoutLine: {'line': b'-- Up-to-date: /home/ubuntu22/so_arm100_ws/install/so_arm100_moveit_config/share/so_arm100_moveit_config/local_setup.bash\n'}
[0.705048] (so_arm100_moveit_config) StdoutLine: {'line': b'-- Up-to-date: /home/ubuntu22/so_arm100_ws/install/so_arm100_moveit_config/share/so_arm100_moveit_config/local_setup.sh\n'}
[0.705074] (so_arm100_moveit_config) StdoutLine: {'line': b'-- Up-to-date: /home/ubuntu22/so_arm100_ws/install/so_arm100_moveit_config/share/so_arm100_moveit_config/local_setup.zsh\n'}
[0.705100] (so_arm100_moveit_config) StdoutLine: {'line': b'-- Up-to-date: /home/ubuntu22/so_arm100_ws/install/so_arm100_moveit_config/share/so_arm100_moveit_config/local_setup.dsv\n'}
[0.705127] (so_arm100_moveit_config) StdoutLine: {'line': b'-- Installing: /home/ubuntu22/so_arm100_ws/install/so_arm100_moveit_config/share/so_arm100_moveit_config/package.dsv\n'}
[0.705333] (so_arm100_moveit_config) StdoutLine: {'line': b'-- Up-to-date: /home/ubuntu22/so_arm100_ws/install/so_arm100_moveit_config/share/ament_index/resource_index/packages/so_arm100_moveit_config\n'}
[0.705365] (so_arm100_moveit_config) StdoutLine: {'line': b'-- Up-to-date: /home/ubuntu22/so_arm100_ws/install/so_arm100_moveit_config/share/so_arm100_moveit_config/cmake/so_arm100_moveit_configConfig.cmake\n'}
[0.705391] (so_arm100_moveit_config) StdoutLine: {'line': b'-- Up-to-date: /home/ubuntu22/so_arm100_ws/install/so_arm100_moveit_config/share/so_arm100_moveit_config/cmake/so_arm100_moveit_configConfig-version.cmake\n'}
[0.705416] (so_arm100_moveit_config) StdoutLine: {'line': b'-- Up-to-date: /home/ubuntu22/so_arm100_ws/install/so_arm100_moveit_config/share/so_arm100_moveit_config/package.xml\n'}
[0.705440] (so_arm100_moveit_config) StdoutLine: {'line': b'-- Up-to-date: /home/ubuntu22/so_arm100_ws/install/so_arm100_moveit_config/share/so_arm100_moveit_config/launch\n'}
[0.705470] (so_arm100_moveit_config) StdoutLine: {'line': b'-- Up-to-date: /home/ubuntu22/so_arm100_ws/install/so_arm100_moveit_config/share/so_arm100_moveit_config/launch/rsp.launch.py\n'}
[0.705496] (so_arm100_moveit_config) StdoutLine: {'line': b'-- Up-to-date: /home/ubuntu22/so_arm100_ws/install/so_arm100_moveit_config/share/so_arm100_moveit_config/launch/static_virtual_joint_tfs.launch.py\n'}
[0.705521] (so_arm100_moveit_config) StdoutLine: {'line': b'-- Up-to-date: /home/ubuntu22/so_arm100_ws/install/so_arm100_moveit_config/share/so_arm100_moveit_config/launch/setup_assistant.launch.py\n'}
[0.705548] (so_arm100_moveit_config) StdoutLine: {'line': b'-- Up-to-date: /home/ubuntu22/so_arm100_ws/install/so_arm100_moveit_config/share/so_arm100_moveit_config/launch/spawn_controllers.launch.py\n'}
[0.705571] (so_arm100_moveit_config) StdoutLine: {'line': b'-- Up-to-date: /home/ubuntu22/so_arm100_ws/install/so_arm100_moveit_config/share/so_arm100_moveit_config/launch/demo.launch.py\n'}
[0.705594] (so_arm100_moveit_config) StdoutLine: {'line': b'-- Up-to-date: /home/ubuntu22/so_arm100_ws/install/so_arm100_moveit_config/share/so_arm100_moveit_config/launch/move_group.launch.py\n'}
[0.705618] (so_arm100_moveit_config) StdoutLine: {'line': b'-- Up-to-date: /home/ubuntu22/so_arm100_ws/install/so_arm100_moveit_config/share/so_arm100_moveit_config/launch/moveit_rviz.launch.py\n'}
[0.705641] (so_arm100_moveit_config) StdoutLine: {'line': b'-- Up-to-date: /home/ubuntu22/so_arm100_ws/install/so_arm100_moveit_config/share/so_arm100_moveit_config/launch/warehouse_db.launch.py\n'}
[0.705665] (so_arm100_moveit_config) StdoutLine: {'line': b'-- Up-to-date: /home/ubuntu22/so_arm100_ws/install/so_arm100_moveit_config/share/so_arm100_moveit_config/config\n'}
[0.705688] (so_arm100_moveit_config) StdoutLine: {'line': b'-- Up-to-date: /home/ubuntu22/so_arm100_ws/install/so_arm100_moveit_config/share/so_arm100_moveit_config/config/moveit.rviz\n'}
[0.705722] (so_arm100_moveit_config) StdoutLine: {'line': b'-- Up-to-date: /home/ubuntu22/so_arm100_ws/install/so_arm100_moveit_config/share/so_arm100_moveit_config/config/arm_controller.yaml\n'}
[0.705753] (so_arm100_moveit_config) StdoutLine: {'line': b'-- Up-to-date: /home/ubuntu22/so_arm100_ws/install/so_arm100_moveit_config/share/so_arm100_moveit_config/config/ros2_controllers.yaml\n'}
[0.705783] (so_arm100_moveit_config) StdoutLine: {'line': b'-- Up-to-date: /home/ubuntu22/so_arm100_ws/install/so_arm100_moveit_config/share/so_arm100_moveit_config/config/so_arm100.srdf\n'}
[0.705813] (so_arm100_moveit_config) StdoutLine: {'line': b'-- Up-to-date: /home/ubuntu22/so_arm100_ws/install/so_arm100_moveit_config/share/so_arm100_moveit_config/config/kinematics.yaml\n'}
[0.705842] (so_arm100_moveit_config) StdoutLine: {'line': b'-- Up-to-date: /home/ubuntu22/so_arm100_ws/install/so_arm100_moveit_config/share/so_arm100_moveit_config/config/pilz_cartesian_limits.yaml\n'}
[0.705955] (so_arm100_moveit_config) StdoutLine: {'line': b'-- Up-to-date: /home/ubuntu22/so_arm100_ws/install/so_arm100_moveit_config/share/so_arm100_moveit_config/config/gripper_controller.yaml\n'}
[0.705993] (so_arm100_moveit_config) StdoutLine: {'line': b'-- Up-to-date: /home/ubuntu22/so_arm100_ws/install/so_arm100_moveit_config/share/so_arm100_moveit_config/config/joint_limits.yaml\n'}
[0.706028] (so_arm100_moveit_config) StdoutLine: {'line': b'-- Up-to-date: /home/ubuntu22/so_arm100_ws/install/so_arm100_moveit_config/share/so_arm100_moveit_config/config/moveit_controllers.yaml\n'}
[0.706061] (so_arm100_moveit_config) StdoutLine: {'line': b'-- Up-to-date: /home/ubuntu22/so_arm100_ws/install/so_arm100_moveit_config/share/so_arm100_moveit_config/config/controllers.yaml\n'}
[0.706092] (so_arm100_moveit_config) StdoutLine: {'line': b'-- Up-to-date: /home/ubuntu22/so_arm100_ws/install/so_arm100_moveit_config/share/so_arm100_moveit_config/.setup_assistant\n'}
[0.706126] (so_arm100_moveit_config) StdoutLine: {'line': b'-- Up-to-date: /home/ubuntu22/so_arm100_ws/install/so_arm100_moveit_config/lib/so_arm100_moveit_config\n'}
[0.706238] (so_arm100_moveit_config) StdoutLine: {'line': b'-- Up-to-date: /home/ubuntu22/so_arm100_ws/install/so_arm100_moveit_config/lib/so_arm100_moveit_config/test_move.py\n'}
[0.706489] (so_arm100_moveit_config) CommandEnded: {'returncode': 0}
[0.713012] (so_arm100_moveit_config) JobEnded: {'identifier': 'so_arm100_moveit_config', 'rc': 0}
[0.713293] (-) EventReactorShutdown: {}
