[0.000000] (-) TimerEvent: {}
[0.000176] (so_arm100) JobQueued: {'identifier': 'so_arm100', 'dependencies': OrderedDict()}
[0.000458] (so_arm100_moveit_config) JobQueued: {'identifier': 'so_arm100_moveit_config', 'dependencies': OrderedDict([('so_arm100', '/home/ubuntu22/ros2_so_arm100/install/so_arm100')])}
[0.000585] (so_arm100) JobStarted: {'identifier': 'so_arm100'}
[0.005122] (so_arm100) JobProgress: {'identifier': 'so_arm100', 'progress': 'cmake'}
[0.005402] (so_arm100) JobProgress: {'identifier': 'so_arm100', 'progress': 'build'}
[0.005780] (so_arm100) Command: {'cmd': ['/home/ubuntu22/.local/bin/cmake', '--build', '/home/ubuntu22/ros2_so_arm100/build/so_arm100', '--', '-j16', '-l16'], 'cwd': '/home/ubuntu22/ros2_so_arm100/build/so_arm100', 'env': OrderedDict([('GJS_DEBUG_TOPICS', 'JS ERROR;JS LOG'), ('LESSOPEN', '| /usr/bin/lesspipe %s'), ('VSCODE_CWD', '/home/ubuntu22'), ('CONDA_PROMPT_MODIFIER', '(base)'), ('LANGUAGE', 'zh_CN:zh'), ('USER', 'ubuntu22'), ('VSCODE_NLS_CONFIG', '{"userLocale":"zh-cn","osLocale":"zh-cn","resolvedLanguage":"zh-cn","defaultMessagesFile":"/usr/share/windsurf/resources/app/out/nls.messages.json","languagePack":{"translationsConfigFile":"/home/ubuntu22/.config/Windsurf/clp/83447c9e569f9056950c8dcd32d44ec9.zh-cn/tcf.json","messagesFile":"/home/ubuntu22/.config/Windsurf/clp/83447c9e569f9056950c8dcd32d44ec9.zh-cn/bf4345439764c543a1e5ff3517bbce5a22128bca/nls.messages.json","corruptMarkerFile":"/home/ubuntu22/.config/Windsurf/clp/83447c9e569f9056950c8dcd32d44ec9.zh-cn/corrupted.info"},"locale":"zh-cn","availableLanguages":{"*":"zh-cn"},"_languagePackId":"83447c9e569f9056950c8dcd32d44ec9.zh-cn","_languagePackSupport":true,"_translationsConfigFile":"/home/ubuntu22/.config/Windsurf/clp/83447c9e569f9056950c8dcd32d44ec9.zh-cn/tcf.json","_cacheRoot":"/home/ubuntu22/.config/Windsurf/clp/83447c9e569f9056950c8dcd32d44ec9.zh-cn","_resolvedLanguagePackCoreLocation":"/home/ubuntu22/.config/Windsurf/clp/83447c9e569f9056950c8dcd32d44ec9.zh-cn/bf4345439764c543a1e5ff3517bbce5a22128bca","_corruptedFile":"/home/ubuntu22/.config/Windsurf/clp/83447c9e569f9056950c8dcd32d44ec9.zh-cn/corrupted.info"}'), ('VSCODE_HANDLES_UNCAUGHT_ERRORS', 'true'), ('XDG_SESSION_TYPE', 'x11'), ('SHLVL', '1'), ('LD_LIBRARY_PATH', '/opt/ros/humble/lib:/opt/ros/humble/opt/rviz_ogre_vendor/lib:/opt/ros/humble/lib/x86_64-linux-gnu:/opt/ros/humble/lib'), ('HOME', '/home/ubuntu22'), ('CHROME_DESKTOP', 'windsurf-url-handler.desktop'), ('CONDA_SHLVL', '1'), ('DESKTOP_SESSION', 'ubuntu'), ('VSCODE_IPC_HOOK', '/run/user/1000/vscode-b1babb8d-1.94-main.sock'), ('GIO_LAUNCHED_DESKTOP_FILE', '/usr/share/applications/windsurf.desktop'), ('ROS_PYTHON_VERSION', '3'), ('GNOME_SHELL_SESSION_MODE', 'ubuntu'), ('GTK_MODULES', 'gail:atk-bridge'), ('MANAGERPID', '1180'), ('SYSTEMD_EXEC_PID', '1553'), ('DBUS_SESSION_BUS_ADDRESS', 'unix:path=/run/user/1000/bus'), ('GIO_LAUNCHED_DESKTOP_FILE_PID', '5277'), ('VSCODE_CRASH_REPORTER_PROCESS_TYPE', 'extensionHost'), ('IM_CONFIG_PHASE', '1'), ('VSCODE_L10N_BUNDLE_LOCATION', 'file:///home/ubuntu22/.windsurf/extensions/ms-ceintl.vscode-language-pack-zh-hans-1.94.0-universal/translations/extensions/vscode.markdown-language-features.i18n.json'), ('ROS_DISTRO', 'humble'), ('GTK_IM_MODULE', 'ibus'), ('LOGNAME', 'ubuntu22'), ('_', '/usr/bin/colcon'), ('JOURNAL_STREAM', '8:9189'), ('ROS_VERSION', '2'), ('XDG_SESSION_CLASS', 'user'), ('USERNAME', 'ubuntu22'), ('GNOME_DESKTOP_SESSION_ID', 'this-is-deprecated'), ('ROS_LOCALHOST_ONLY', '0'), ('WINDOWPATH', '2'), ('PATH', '/home/ubuntu22/.local/bin:/opt/ros/humble/bin:/home/ubuntu22/anaconda3/bin:/home/ubuntu22/anaconda3/condabin:/home/ubuntu22/.local/bin:/usr/local/sbin:/usr/local/bin:/usr/sbin:/usr/bin:/sbin:/bin:/usr/games:/usr/local/games:/snap/bin:/snap/bin:/home/ubuntu22/.local/bin'), ('SESSION_MANAGER', 'local/ubuntu22-MS-Challenger-B760M-N-D5:@/tmp/.ICE-unix/1526,unix/ubuntu22-MS-Challenger-B760M-N-D5:/tmp/.ICE-unix/1526'), ('VSCODE_AMD_ENTRYPOINT', 'vs/workbench/api/node/extensionHostProcess'), ('INVOCATION_ID', '24d955afea184bb0ace7b53cbe0fda04'), ('XDG_MENU_PREFIX', 'gnome-'), ('XDG_RUNTIME_DIR', '/run/user/1000'), ('GDK_BACKEND', 'x11'), ('DISPLAY', ':0'), ('LANG', 'zh_CN.UTF-8'), ('XDG_CURRENT_DESKTOP', 'Unity'), ('XMODIFIERS', '@im=ibus'), ('XDG_SESSION_DESKTOP', 'ubuntu'), ('XAUTHORITY', '/run/user/1000/gdm/Xauthority'), ('SSH_AGENT_LAUNCHER', 'gnome-keyring'), ('SSH_AUTH_SOCK', '/run/user/1000/keyring/ssh'), ('AMENT_PREFIX_PATH', '/opt/ros/humble'), ('CONDA_PYTHON_EXE', '/home/ubuntu22/anaconda3/bin/python'), ('ORIGINAL_XDG_CURRENT_DESKTOP', 'ubuntu:GNOME'), ('SHELL', '/bin/bash'), ('QT_ACCESSIBILITY', '1'), ('ELECTRON_RUN_AS_NODE', '1'), ('GDMSESSION', 'ubuntu'), ('LESSCLOSE', '/usr/bin/lesspipe %s %s'), ('CONDA_DEFAULT_ENV', 'base'), ('GPG_AGENT_INFO', '/run/user/1000/gnupg/S.gpg-agent:0:1'), ('GJS_DEBUG_OUTPUT', 'stderr'), ('CODEIUM_EDITOR_APP_ROOT', '/usr/share/windsurf/resources/app'), ('QT_IM_MODULE', 'ibus'), ('PWD', '/home/ubuntu22/ros2_so_arm100/build/so_arm100'), ('XDG_CONFIG_DIRS', '/etc/xdg/xdg-ubuntu:/etc/xdg'), ('CONDA_EXE', '/home/ubuntu22/anaconda3/bin/conda'), ('VSCODE_CODE_CACHE_PATH', '/home/ubuntu22/.config/Windsurf/CachedData/bf4345439764c543a1e5ff3517bbce5a22128bca'), ('XDG_DATA_DIRS', '/usr/share/ubuntu:/usr/share/gnome:/home/ubuntu22/.local/share/flatpak/exports/share:/var/lib/flatpak/exports/share:/usr/local/share/:/usr/share/:/var/lib/snapd/desktop'), ('PYTHONPATH', '/opt/ros/humble/lib/python3.10/site-packages:/opt/ros/humble/lib/python3.10/site-packages:/opt/ros/humble/local/lib/python3.10/dist-packages'), ('CONDA_PREFIX', '/home/ubuntu22/anaconda3'), ('COLCON', '1'), ('VSCODE_PID', '5277'), ('CMAKE_PREFIX_PATH', '/opt/ros/humble')]), 'shell': False}
[0.059146] (so_arm100) StderrLine: {'line': b'CMake Deprecation Warning at CMakeLists.txt:1 (cmake_minimum_required):\n'}
[0.059328] (so_arm100) StderrLine: {'line': b'  Compatibility with CMake < 3.10 will be removed from a future version of\n'}
[0.059406] (so_arm100) StderrLine: {'line': b'  CMake.\n'}
[0.059474] (so_arm100) StderrLine: {'line': b'\n'}
[0.059538] (so_arm100) StderrLine: {'line': b'  Update the VERSION argument <min> value or use a ...<max> suffix to tell\n'}
[0.059601] (so_arm100) StderrLine: {'line': b'  CMake that the project does not need compatibility with older versions.\n'}
[0.059662] (so_arm100) StderrLine: {'line': b'\n'}
[0.059722] (so_arm100) StderrLine: {'line': b'\n'}
[0.068203] (so_arm100) StdoutLine: {'line': b'-- Found ament_cmake: 1.3.11 (/opt/ros/humble/share/ament_cmake/cmake)\n'}
[0.099847] (-) TimerEvent: {}
[0.200084] (-) TimerEvent: {}
[0.218328] (so_arm100) StdoutLine: {'line': b'-- Override CMake install command with custom implementation using symlinks instead of copying resources\n'}
[0.223853] (so_arm100) StdoutLine: {'line': b'-- Found hardware_interface: 2.44.0 (/opt/ros/humble/share/hardware_interface/cmake)\n'}
[0.258929] (so_arm100) StdoutLine: {'line': b'-- Found rosidl_generator_c: 3.1.6 (/opt/ros/humble/share/rosidl_generator_c/cmake)\n'}
[0.263079] (so_arm100) StdoutLine: {'line': b'-- Found rosidl_adapter: 3.1.6 (/opt/ros/humble/share/rosidl_adapter/cmake)\n'}
[0.269899] (so_arm100) StdoutLine: {'line': b'-- Found rosidl_generator_cpp: 3.1.6 (/opt/ros/humble/share/rosidl_generator_cpp/cmake)\n'}
[0.281548] (so_arm100) StdoutLine: {'line': b'-- Using all available rosidl_typesupport_c: rosidl_typesupport_fastrtps_c;rosidl_typesupport_introspection_c\n'}
[0.295831] (so_arm100) StdoutLine: {'line': b'-- Using all available rosidl_typesupport_cpp: rosidl_typesupport_fastrtps_cpp;rosidl_typesupport_introspection_cpp\n'}
[0.300136] (-) TimerEvent: {}
[0.400259] (-) TimerEvent: {}
[0.491323] (so_arm100) StdoutLine: {'line': b'-- Found rmw_implementation_cmake: 6.1.2 (/opt/ros/humble/share/rmw_implementation_cmake/cmake)\n'}
[0.493453] (so_arm100) StdoutLine: {'line': b'-- Found rmw_fastrtps_cpp: 6.2.7 (/opt/ros/humble/share/rmw_fastrtps_cpp/cmake)\n'}
[0.500360] (-) TimerEvent: {}
[0.516282] (so_arm100) StdoutLine: {'line': b'-- Found TinyXML2 via Config file: TinyXML2_DIR-NOTFOUND\n'}
[0.548179] (so_arm100) StdoutLine: {'line': b'-- Found OpenSSL: /usr/lib/x86_64-linux-gnu/libcrypto.so (found version "3.0.2")\n'}
[0.550748] (so_arm100) StdoutLine: {'line': b'-- Found TinyXML2 via Config file: TinyXML2_DIR-NOTFOUND\n'}
[0.562303] (so_arm100) StdoutLine: {'line': b'-- Found FastRTPS: /opt/ros/humble/include\n'}
[0.565071] (so_arm100) StdoutLine: {'line': b'-- Found TinyXML2 via Config file: TinyXML2_DIR-NOTFOUND\n'}
[0.571511] (so_arm100) StdoutLine: {'line': b'-- Found TinyXML2 via Config file: TinyXML2_DIR-NOTFOUND\n'}
[0.579771] (so_arm100) StdoutLine: {'line': b"-- Using RMW implementation 'rmw_fastrtps_cpp' as default\n"}
[0.587744] (so_arm100) StdoutLine: {'line': b'-- Performing Test CMAKE_HAVE_LIBC_PTHREAD\n'}
[0.600501] (-) TimerEvent: {}
[0.639185] (so_arm100) StdoutLine: {'line': b'-- Performing Test CMAKE_HAVE_LIBC_PTHREAD - Success\n'}
[0.640213] (so_arm100) StdoutLine: {'line': b'-- Found Threads: TRUE\n'}
[0.700583] (-) TimerEvent: {}
[0.752038] (so_arm100) StdoutLine: {'line': b'-- Configuring done (0.7s)\n'}
[0.773392] (so_arm100) StdoutLine: {'line': b'-- Generating done (0.0s)\n'}
[0.775168] (so_arm100) StdoutLine: {'line': b'-- Build files have been written to: /home/ubuntu22/ros2_so_arm100/build/so_arm100\n'}
[0.791870] (so_arm100) StdoutLine: {'line': b'[ 50%] Building CXX object CMakeFiles/so_arm100.dir/src/feetech_hardware_interface.cpp.o\n'}
[0.800689] (-) TimerEvent: {}
[0.900846] (-) TimerEvent: {}
[1.001026] (-) TimerEvent: {}
[1.101185] (-) TimerEvent: {}
[1.201349] (-) TimerEvent: {}
[1.301504] (-) TimerEvent: {}
[1.401669] (-) TimerEvent: {}
[1.501839] (-) TimerEvent: {}
[1.602010] (-) TimerEvent: {}
[1.702150] (-) TimerEvent: {}
[1.802298] (-) TimerEvent: {}
[1.902471] (-) TimerEvent: {}
[2.002628] (-) TimerEvent: {}
[2.102798] (-) TimerEvent: {}
[2.202973] (-) TimerEvent: {}
[2.303122] (-) TimerEvent: {}
[2.403270] (-) TimerEvent: {}
[2.503440] (-) TimerEvent: {}
[2.603610] (-) TimerEvent: {}
[2.703774] (-) TimerEvent: {}
[2.803936] (-) TimerEvent: {}
[2.858429] (so_arm100) StdoutLine: {'line': b'[100%] Linking CXX shared library libso_arm100.so\n'}
[2.904054] (-) TimerEvent: {}
[2.959181] (so_arm100) StdoutLine: {'line': b'[100%] Built target so_arm100\n'}
[2.962311] (so_arm100) CommandEnded: {'returncode': 0}
[2.962921] (so_arm100) JobProgress: {'identifier': 'so_arm100', 'progress': 'install'}
[3.004129] (-) TimerEvent: {}
[3.026335] (so_arm100) Command: {'cmd': ['/home/ubuntu22/.local/bin/cmake', '--install', '/home/ubuntu22/ros2_so_arm100/build/so_arm100'], 'cwd': '/home/ubuntu22/ros2_so_arm100/build/so_arm100', 'env': OrderedDict([('GJS_DEBUG_TOPICS', 'JS ERROR;JS LOG'), ('LESSOPEN', '| /usr/bin/lesspipe %s'), ('VSCODE_CWD', '/home/ubuntu22'), ('CONDA_PROMPT_MODIFIER', '(base)'), ('LANGUAGE', 'zh_CN:zh'), ('USER', 'ubuntu22'), ('VSCODE_NLS_CONFIG', '{"userLocale":"zh-cn","osLocale":"zh-cn","resolvedLanguage":"zh-cn","defaultMessagesFile":"/usr/share/windsurf/resources/app/out/nls.messages.json","languagePack":{"translationsConfigFile":"/home/ubuntu22/.config/Windsurf/clp/83447c9e569f9056950c8dcd32d44ec9.zh-cn/tcf.json","messagesFile":"/home/ubuntu22/.config/Windsurf/clp/83447c9e569f9056950c8dcd32d44ec9.zh-cn/bf4345439764c543a1e5ff3517bbce5a22128bca/nls.messages.json","corruptMarkerFile":"/home/ubuntu22/.config/Windsurf/clp/83447c9e569f9056950c8dcd32d44ec9.zh-cn/corrupted.info"},"locale":"zh-cn","availableLanguages":{"*":"zh-cn"},"_languagePackId":"83447c9e569f9056950c8dcd32d44ec9.zh-cn","_languagePackSupport":true,"_translationsConfigFile":"/home/ubuntu22/.config/Windsurf/clp/83447c9e569f9056950c8dcd32d44ec9.zh-cn/tcf.json","_cacheRoot":"/home/ubuntu22/.config/Windsurf/clp/83447c9e569f9056950c8dcd32d44ec9.zh-cn","_resolvedLanguagePackCoreLocation":"/home/ubuntu22/.config/Windsurf/clp/83447c9e569f9056950c8dcd32d44ec9.zh-cn/bf4345439764c543a1e5ff3517bbce5a22128bca","_corruptedFile":"/home/ubuntu22/.config/Windsurf/clp/83447c9e569f9056950c8dcd32d44ec9.zh-cn/corrupted.info"}'), ('VSCODE_HANDLES_UNCAUGHT_ERRORS', 'true'), ('XDG_SESSION_TYPE', 'x11'), ('SHLVL', '1'), ('LD_LIBRARY_PATH', '/opt/ros/humble/lib:/opt/ros/humble/opt/rviz_ogre_vendor/lib:/opt/ros/humble/lib/x86_64-linux-gnu:/opt/ros/humble/lib'), ('HOME', '/home/ubuntu22'), ('CHROME_DESKTOP', 'windsurf-url-handler.desktop'), ('CONDA_SHLVL', '1'), ('DESKTOP_SESSION', 'ubuntu'), ('VSCODE_IPC_HOOK', '/run/user/1000/vscode-b1babb8d-1.94-main.sock'), ('GIO_LAUNCHED_DESKTOP_FILE', '/usr/share/applications/windsurf.desktop'), ('ROS_PYTHON_VERSION', '3'), ('GNOME_SHELL_SESSION_MODE', 'ubuntu'), ('GTK_MODULES', 'gail:atk-bridge'), ('MANAGERPID', '1180'), ('SYSTEMD_EXEC_PID', '1553'), ('DBUS_SESSION_BUS_ADDRESS', 'unix:path=/run/user/1000/bus'), ('GIO_LAUNCHED_DESKTOP_FILE_PID', '5277'), ('VSCODE_CRASH_REPORTER_PROCESS_TYPE', 'extensionHost'), ('IM_CONFIG_PHASE', '1'), ('VSCODE_L10N_BUNDLE_LOCATION', 'file:///home/ubuntu22/.windsurf/extensions/ms-ceintl.vscode-language-pack-zh-hans-1.94.0-universal/translations/extensions/vscode.markdown-language-features.i18n.json'), ('ROS_DISTRO', 'humble'), ('GTK_IM_MODULE', 'ibus'), ('LOGNAME', 'ubuntu22'), ('_', '/usr/bin/colcon'), ('JOURNAL_STREAM', '8:9189'), ('ROS_VERSION', '2'), ('XDG_SESSION_CLASS', 'user'), ('USERNAME', 'ubuntu22'), ('GNOME_DESKTOP_SESSION_ID', 'this-is-deprecated'), ('ROS_LOCALHOST_ONLY', '0'), ('WINDOWPATH', '2'), ('PATH', '/home/ubuntu22/.local/bin:/opt/ros/humble/bin:/home/ubuntu22/anaconda3/bin:/home/ubuntu22/anaconda3/condabin:/home/ubuntu22/.local/bin:/usr/local/sbin:/usr/local/bin:/usr/sbin:/usr/bin:/sbin:/bin:/usr/games:/usr/local/games:/snap/bin:/snap/bin:/home/ubuntu22/.local/bin'), ('SESSION_MANAGER', 'local/ubuntu22-MS-Challenger-B760M-N-D5:@/tmp/.ICE-unix/1526,unix/ubuntu22-MS-Challenger-B760M-N-D5:/tmp/.ICE-unix/1526'), ('VSCODE_AMD_ENTRYPOINT', 'vs/workbench/api/node/extensionHostProcess'), ('INVOCATION_ID', '24d955afea184bb0ace7b53cbe0fda04'), ('XDG_MENU_PREFIX', 'gnome-'), ('XDG_RUNTIME_DIR', '/run/user/1000'), ('GDK_BACKEND', 'x11'), ('DISPLAY', ':0'), ('LANG', 'zh_CN.UTF-8'), ('XDG_CURRENT_DESKTOP', 'Unity'), ('XMODIFIERS', '@im=ibus'), ('XDG_SESSION_DESKTOP', 'ubuntu'), ('XAUTHORITY', '/run/user/1000/gdm/Xauthority'), ('SSH_AGENT_LAUNCHER', 'gnome-keyring'), ('SSH_AUTH_SOCK', '/run/user/1000/keyring/ssh'), ('AMENT_PREFIX_PATH', '/opt/ros/humble'), ('CONDA_PYTHON_EXE', '/home/ubuntu22/anaconda3/bin/python'), ('ORIGINAL_XDG_CURRENT_DESKTOP', 'ubuntu:GNOME'), ('SHELL', '/bin/bash'), ('QT_ACCESSIBILITY', '1'), ('ELECTRON_RUN_AS_NODE', '1'), ('GDMSESSION', 'ubuntu'), ('LESSCLOSE', '/usr/bin/lesspipe %s %s'), ('CONDA_DEFAULT_ENV', 'base'), ('GPG_AGENT_INFO', '/run/user/1000/gnupg/S.gpg-agent:0:1'), ('GJS_DEBUG_OUTPUT', 'stderr'), ('CODEIUM_EDITOR_APP_ROOT', '/usr/share/windsurf/resources/app'), ('QT_IM_MODULE', 'ibus'), ('PWD', '/home/ubuntu22/ros2_so_arm100/build/so_arm100'), ('XDG_CONFIG_DIRS', '/etc/xdg/xdg-ubuntu:/etc/xdg'), ('CONDA_EXE', '/home/ubuntu22/anaconda3/bin/conda'), ('VSCODE_CODE_CACHE_PATH', '/home/ubuntu22/.config/Windsurf/CachedData/bf4345439764c543a1e5ff3517bbce5a22128bca'), ('XDG_DATA_DIRS', '/usr/share/ubuntu:/usr/share/gnome:/home/ubuntu22/.local/share/flatpak/exports/share:/var/lib/flatpak/exports/share:/usr/local/share/:/usr/share/:/var/lib/snapd/desktop'), ('PYTHONPATH', '/opt/ros/humble/lib/python3.10/site-packages:/opt/ros/humble/lib/python3.10/site-packages:/opt/ros/humble/local/lib/python3.10/dist-packages'), ('CONDA_PREFIX', '/home/ubuntu22/anaconda3'), ('COLCON', '1'), ('VSCODE_PID', '5277'), ('CMAKE_PREFIX_PATH', '/opt/ros/humble')]), 'shell': False}
[3.079912] (so_arm100) StdoutLine: {'line': b'-- Install configuration: ""\n'}
[3.080142] (so_arm100) StdoutLine: {'line': b'-- Execute custom install script\n'}
[3.080250] (so_arm100) StdoutLine: {'line': b'-- Symlinking: /home/ubuntu22/ros2_so_arm100/install/so_arm100/share/so_arm100//feetech_hardware_interface.xml\n'}
[3.082609] (so_arm100) StdoutLine: {'line': b'-- Symlinking: /home/ubuntu22/ros2_so_arm100/install/so_arm100/lib/libso_arm100.so\n'}
[3.085510] (so_arm100) StdoutLine: {'line': b'-- Symlinking: /home/ubuntu22/ros2_so_arm100/install/so_arm100/include/so_arm100/feetech_hardware_interface.hpp\n'}
[3.087784] (so_arm100) StdoutLine: {'line': b'-- Up-to-date symlink: /home/ubuntu22/ros2_so_arm100/install/so_arm100/share/so_arm100//launch/controllers_bringup.launch.py\n'}
[3.087945] (so_arm100) StdoutLine: {'line': b'-- Up-to-date symlink: /home/ubuntu22/ros2_so_arm100/install/so_arm100/share/so_arm100//launch/display.launch\n'}
[3.088003] (so_arm100) StdoutLine: {'line': b'-- Up-to-date symlink: /home/ubuntu22/ros2_so_arm100/install/so_arm100/share/so_arm100//launch/display.launch.py\n'}
[3.088109] (so_arm100) StdoutLine: {'line': b'-- Up-to-date symlink: /home/ubuntu22/ros2_so_arm100/install/so_arm100/share/so_arm100//launch/gazebo.launch\n'}
[3.088269] (so_arm100) StdoutLine: {'line': b'-- Up-to-date symlink: /home/ubuntu22/ros2_so_arm100/install/so_arm100/share/so_arm100//meshes/Base.STL\n'}
[3.088363] (so_arm100) StdoutLine: {'line': b'-- Up-to-date symlink: /home/ubuntu22/ros2_so_arm100/install/so_arm100/share/so_arm100//meshes/forearm_link.STL\n'}
[3.088444] (so_arm100) StdoutLine: {'line': b'-- Up-to-date symlink: /home/ubuntu22/ros2_so_arm100/install/so_arm100/share/so_arm100//meshes/jaw_link.STL\n'}
[3.088531] (so_arm100) StdoutLine: {'line': b'-- Up-to-date symlink: /home/ubuntu22/ros2_so_arm100/install/so_arm100/share/so_arm100//meshes/shoulder_link.STL\n'}
[3.088626] (so_arm100) StdoutLine: {'line': b'-- Up-to-date symlink: /home/ubuntu22/ros2_so_arm100/install/so_arm100/share/so_arm100//meshes/upper_arm_link.STL\n'}
[3.088719] (so_arm100) StdoutLine: {'line': b'-- Up-to-date symlink: /home/ubuntu22/ros2_so_arm100/install/so_arm100/share/so_arm100//meshes/wrist_1_link.STL\n'}
[3.088819] (so_arm100) StdoutLine: {'line': b'-- Up-to-date symlink: /home/ubuntu22/ros2_so_arm100/install/so_arm100/share/so_arm100//meshes/wrist_2_link.STL\n'}
[3.089040] (so_arm100) StdoutLine: {'line': b'-- Up-to-date symlink: /home/ubuntu22/ros2_so_arm100/install/so_arm100/share/so_arm100//urdf/so_arm100.csv\n'}
[3.089257] (so_arm100) StdoutLine: {'line': b'-- Up-to-date symlink: /home/ubuntu22/ros2_so_arm100/install/so_arm100/share/so_arm100//urdf/so_arm100.urdf\n'}
[3.089455] (so_arm100) StdoutLine: {'line': b'-- Up-to-date symlink: /home/ubuntu22/ros2_so_arm100/install/so_arm100/share/so_arm100//urdf/so_arm100.urdf.xacro\n'}
[3.089505] (so_arm100) StdoutLine: {'line': b'-- Up-to-date symlink: /home/ubuntu22/ros2_so_arm100/install/so_arm100/share/so_arm100//urdf/so_arm100_control.urdf.xacro\n'}
[3.089540] (so_arm100) StdoutLine: {'line': b'-- Up-to-date symlink: /home/ubuntu22/ros2_so_arm100/install/so_arm100/share/so_arm100//urdf/so_arm100_macro.xacro\n'}
[3.089627] (so_arm100) StdoutLine: {'line': b'-- Up-to-date symlink: /home/ubuntu22/ros2_so_arm100/install/so_arm100/share/so_arm100//config/joint_names_so_arm100.yaml\n'}
[3.089711] (so_arm100) StdoutLine: {'line': b'-- Up-to-date symlink: /home/ubuntu22/ros2_so_arm100/install/so_arm100/share/so_arm100//config/urdf.rviz\n'}
[3.089862] (so_arm100) StdoutLine: {'line': b'-- Symlinking: /home/ubuntu22/ros2_so_arm100/install/so_arm100/share/so_arm100/environment/library_path.sh\n'}
[3.091983] (so_arm100) StdoutLine: {'line': b'-- Symlinking: /home/ubuntu22/ros2_so_arm100/install/so_arm100/share/so_arm100/environment/library_path.dsv\n'}
[3.094540] (so_arm100) StdoutLine: {'line': b'-- Up-to-date symlink: /home/ubuntu22/ros2_so_arm100/install/so_arm100/share/ament_index/resource_index/package_run_dependencies/so_arm100\n'}
[3.094728] (so_arm100) StdoutLine: {'line': b'-- Up-to-date symlink: /home/ubuntu22/ros2_so_arm100/install/so_arm100/share/ament_index/resource_index/parent_prefix_path/so_arm100\n'}
[3.094768] (so_arm100) StdoutLine: {'line': b'-- Up-to-date symlink: /home/ubuntu22/ros2_so_arm100/install/so_arm100/share/so_arm100/environment/ament_prefix_path.sh\n'}
[3.094798] (so_arm100) StdoutLine: {'line': b'-- Up-to-date symlink: /home/ubuntu22/ros2_so_arm100/install/so_arm100/share/so_arm100/environment/ament_prefix_path.dsv\n'}
[3.094890] (so_arm100) StdoutLine: {'line': b'-- Up-to-date symlink: /home/ubuntu22/ros2_so_arm100/install/so_arm100/share/so_arm100/environment/path.sh\n'}
[3.094920] (so_arm100) StdoutLine: {'line': b'-- Up-to-date symlink: /home/ubuntu22/ros2_so_arm100/install/so_arm100/share/so_arm100/environment/path.dsv\n'}
[3.095152] (so_arm100) StdoutLine: {'line': b'-- Up-to-date symlink: /home/ubuntu22/ros2_so_arm100/install/so_arm100/share/so_arm100/local_setup.bash\n'}
[3.095179] (so_arm100) StdoutLine: {'line': b'-- Up-to-date symlink: /home/ubuntu22/ros2_so_arm100/install/so_arm100/share/so_arm100/local_setup.sh\n'}
[3.095205] (so_arm100) StdoutLine: {'line': b'-- Up-to-date symlink: /home/ubuntu22/ros2_so_arm100/install/so_arm100/share/so_arm100/local_setup.zsh\n'}
[3.095230] (so_arm100) StdoutLine: {'line': b'-- Up-to-date symlink: /home/ubuntu22/ros2_so_arm100/install/so_arm100/share/so_arm100/local_setup.dsv\n'}
[3.095254] (so_arm100) StdoutLine: {'line': b'-- Symlinking: /home/ubuntu22/ros2_so_arm100/install/so_arm100/share/so_arm100/package.dsv\n'}
[3.097530] (so_arm100) StdoutLine: {'line': b'-- Up-to-date symlink: /home/ubuntu22/ros2_so_arm100/install/so_arm100/share/ament_index/resource_index/packages/so_arm100\n'}
[3.097589] (so_arm100) StdoutLine: {'line': b'-- Symlinking: /home/ubuntu22/ros2_so_arm100/install/so_arm100/share/ament_index/resource_index/hardware_interface__pluginlib__plugin/so_arm100\n'}
[3.099931] (so_arm100) StdoutLine: {'line': b'-- Symlinking: /home/ubuntu22/ros2_so_arm100/install/so_arm100/share/so_arm100/cmake/ament_cmake_export_include_directories-extras.cmake\n'}
[3.102182] (so_arm100) StdoutLine: {'line': b'-- Symlinking: /home/ubuntu22/ros2_so_arm100/install/so_arm100/share/so_arm100/cmake/ament_cmake_export_libraries-extras.cmake\n'}
[3.104176] (-) TimerEvent: {}
[3.104311] (so_arm100) StdoutLine: {'line': b'-- Symlinking: /home/ubuntu22/ros2_so_arm100/install/so_arm100/share/so_arm100/cmake/ament_cmake_export_dependencies-extras.cmake\n'}
[3.106633] (so_arm100) StdoutLine: {'line': b'-- Up-to-date symlink: /home/ubuntu22/ros2_so_arm100/install/so_arm100/share/so_arm100/cmake/so_arm100Config.cmake\n'}
[3.106669] (so_arm100) StdoutLine: {'line': b'-- Up-to-date symlink: /home/ubuntu22/ros2_so_arm100/install/so_arm100/share/so_arm100/cmake/so_arm100Config-version.cmake\n'}
[3.106720] (so_arm100) StdoutLine: {'line': b'-- Up-to-date symlink: /home/ubuntu22/ros2_so_arm100/install/so_arm100/share/so_arm100/package.xml\n'}
[3.107282] (so_arm100) CommandEnded: {'returncode': 0}
[3.119167] (so_arm100) JobEnded: {'identifier': 'so_arm100', 'rc': 0}
[3.119747] (so_arm100_moveit_config) JobStarted: {'identifier': 'so_arm100_moveit_config'}
[3.124010] (so_arm100_moveit_config) JobProgress: {'identifier': 'so_arm100_moveit_config', 'progress': 'cmake'}
[3.124275] (so_arm100_moveit_config) JobProgress: {'identifier': 'so_arm100_moveit_config', 'progress': 'build'}
[3.124403] (so_arm100_moveit_config) Command: {'cmd': ['/home/ubuntu22/.local/bin/cmake', '--build', '/home/ubuntu22/ros2_so_arm100/build/so_arm100_moveit_config', '--', '-j16', '-l16'], 'cwd': '/home/ubuntu22/ros2_so_arm100/build/so_arm100_moveit_config', 'env': OrderedDict([('GJS_DEBUG_TOPICS', 'JS ERROR;JS LOG'), ('LESSOPEN', '| /usr/bin/lesspipe %s'), ('VSCODE_CWD', '/home/ubuntu22'), ('CONDA_PROMPT_MODIFIER', '(base)'), ('LANGUAGE', 'zh_CN:zh'), ('USER', 'ubuntu22'), ('VSCODE_NLS_CONFIG', '{"userLocale":"zh-cn","osLocale":"zh-cn","resolvedLanguage":"zh-cn","defaultMessagesFile":"/usr/share/windsurf/resources/app/out/nls.messages.json","languagePack":{"translationsConfigFile":"/home/ubuntu22/.config/Windsurf/clp/83447c9e569f9056950c8dcd32d44ec9.zh-cn/tcf.json","messagesFile":"/home/ubuntu22/.config/Windsurf/clp/83447c9e569f9056950c8dcd32d44ec9.zh-cn/bf4345439764c543a1e5ff3517bbce5a22128bca/nls.messages.json","corruptMarkerFile":"/home/ubuntu22/.config/Windsurf/clp/83447c9e569f9056950c8dcd32d44ec9.zh-cn/corrupted.info"},"locale":"zh-cn","availableLanguages":{"*":"zh-cn"},"_languagePackId":"83447c9e569f9056950c8dcd32d44ec9.zh-cn","_languagePackSupport":true,"_translationsConfigFile":"/home/ubuntu22/.config/Windsurf/clp/83447c9e569f9056950c8dcd32d44ec9.zh-cn/tcf.json","_cacheRoot":"/home/ubuntu22/.config/Windsurf/clp/83447c9e569f9056950c8dcd32d44ec9.zh-cn","_resolvedLanguagePackCoreLocation":"/home/ubuntu22/.config/Windsurf/clp/83447c9e569f9056950c8dcd32d44ec9.zh-cn/bf4345439764c543a1e5ff3517bbce5a22128bca","_corruptedFile":"/home/ubuntu22/.config/Windsurf/clp/83447c9e569f9056950c8dcd32d44ec9.zh-cn/corrupted.info"}'), ('VSCODE_HANDLES_UNCAUGHT_ERRORS', 'true'), ('XDG_SESSION_TYPE', 'x11'), ('SHLVL', '1'), ('LD_LIBRARY_PATH', '/home/ubuntu22/ros2_so_arm100/install/so_arm100/lib:/opt/ros/humble/lib:/opt/ros/humble/opt/rviz_ogre_vendor/lib:/opt/ros/humble/lib/x86_64-linux-gnu:/opt/ros/humble/lib'), ('HOME', '/home/ubuntu22'), ('CHROME_DESKTOP', 'windsurf-url-handler.desktop'), ('CONDA_SHLVL', '1'), ('DESKTOP_SESSION', 'ubuntu'), ('VSCODE_IPC_HOOK', '/run/user/1000/vscode-b1babb8d-1.94-main.sock'), ('GIO_LAUNCHED_DESKTOP_FILE', '/usr/share/applications/windsurf.desktop'), ('ROS_PYTHON_VERSION', '3'), ('GNOME_SHELL_SESSION_MODE', 'ubuntu'), ('GTK_MODULES', 'gail:atk-bridge'), ('MANAGERPID', '1180'), ('SYSTEMD_EXEC_PID', '1553'), ('DBUS_SESSION_BUS_ADDRESS', 'unix:path=/run/user/1000/bus'), ('GIO_LAUNCHED_DESKTOP_FILE_PID', '5277'), ('VSCODE_CRASH_REPORTER_PROCESS_TYPE', 'extensionHost'), ('IM_CONFIG_PHASE', '1'), ('VSCODE_L10N_BUNDLE_LOCATION', 'file:///home/ubuntu22/.windsurf/extensions/ms-ceintl.vscode-language-pack-zh-hans-1.94.0-universal/translations/extensions/vscode.markdown-language-features.i18n.json'), ('ROS_DISTRO', 'humble'), ('GTK_IM_MODULE', 'ibus'), ('LOGNAME', 'ubuntu22'), ('_', '/usr/bin/colcon'), ('JOURNAL_STREAM', '8:9189'), ('ROS_VERSION', '2'), ('XDG_SESSION_CLASS', 'user'), ('USERNAME', 'ubuntu22'), ('GNOME_DESKTOP_SESSION_ID', 'this-is-deprecated'), ('ROS_LOCALHOST_ONLY', '0'), ('WINDOWPATH', '2'), ('PATH', '/home/ubuntu22/.local/bin:/opt/ros/humble/bin:/home/ubuntu22/anaconda3/bin:/home/ubuntu22/anaconda3/condabin:/home/ubuntu22/.local/bin:/usr/local/sbin:/usr/local/bin:/usr/sbin:/usr/bin:/sbin:/bin:/usr/games:/usr/local/games:/snap/bin:/snap/bin:/home/ubuntu22/.local/bin'), ('SESSION_MANAGER', 'local/ubuntu22-MS-Challenger-B760M-N-D5:@/tmp/.ICE-unix/1526,unix/ubuntu22-MS-Challenger-B760M-N-D5:/tmp/.ICE-unix/1526'), ('VSCODE_AMD_ENTRYPOINT', 'vs/workbench/api/node/extensionHostProcess'), ('INVOCATION_ID', '24d955afea184bb0ace7b53cbe0fda04'), ('XDG_MENU_PREFIX', 'gnome-'), ('XDG_RUNTIME_DIR', '/run/user/1000'), ('GDK_BACKEND', 'x11'), ('DISPLAY', ':0'), ('LANG', 'zh_CN.UTF-8'), ('XDG_CURRENT_DESKTOP', 'Unity'), ('XMODIFIERS', '@im=ibus'), ('XDG_SESSION_DESKTOP', 'ubuntu'), ('XAUTHORITY', '/run/user/1000/gdm/Xauthority'), ('SSH_AGENT_LAUNCHER', 'gnome-keyring'), ('SSH_AUTH_SOCK', '/run/user/1000/keyring/ssh'), ('AMENT_PREFIX_PATH', '/home/ubuntu22/ros2_so_arm100/install/so_arm100:/opt/ros/humble'), ('CONDA_PYTHON_EXE', '/home/ubuntu22/anaconda3/bin/python'), ('ORIGINAL_XDG_CURRENT_DESKTOP', 'ubuntu:GNOME'), ('SHELL', '/bin/bash'), ('QT_ACCESSIBILITY', '1'), ('ELECTRON_RUN_AS_NODE', '1'), ('GDMSESSION', 'ubuntu'), ('LESSCLOSE', '/usr/bin/lesspipe %s %s'), ('CONDA_DEFAULT_ENV', 'base'), ('GPG_AGENT_INFO', '/run/user/1000/gnupg/S.gpg-agent:0:1'), ('GJS_DEBUG_OUTPUT', 'stderr'), ('CODEIUM_EDITOR_APP_ROOT', '/usr/share/windsurf/resources/app'), ('QT_IM_MODULE', 'ibus'), ('PWD', '/home/ubuntu22/ros2_so_arm100/build/so_arm100_moveit_config'), ('XDG_CONFIG_DIRS', '/etc/xdg/xdg-ubuntu:/etc/xdg'), ('CONDA_EXE', '/home/ubuntu22/anaconda3/bin/conda'), ('VSCODE_CODE_CACHE_PATH', '/home/ubuntu22/.config/Windsurf/CachedData/bf4345439764c543a1e5ff3517bbce5a22128bca'), ('XDG_DATA_DIRS', '/usr/share/ubuntu:/usr/share/gnome:/home/ubuntu22/.local/share/flatpak/exports/share:/var/lib/flatpak/exports/share:/usr/local/share/:/usr/share/:/var/lib/snapd/desktop'), ('PYTHONPATH', '/opt/ros/humble/lib/python3.10/site-packages:/opt/ros/humble/lib/python3.10/site-packages:/opt/ros/humble/local/lib/python3.10/dist-packages'), ('CONDA_PREFIX', '/home/ubuntu22/anaconda3'), ('COLCON', '1'), ('VSCODE_PID', '5277'), ('CMAKE_PREFIX_PATH', '/home/ubuntu22/ros2_so_arm100/install/so_arm100:/opt/ros/humble')]), 'shell': False}
[3.188572] (so_arm100_moveit_config) CommandEnded: {'returncode': 0}
[3.189138] (so_arm100_moveit_config) JobProgress: {'identifier': 'so_arm100_moveit_config', 'progress': 'install'}
[3.189299] (so_arm100_moveit_config) Command: {'cmd': ['/home/ubuntu22/.local/bin/cmake', '--install', '/home/ubuntu22/ros2_so_arm100/build/so_arm100_moveit_config'], 'cwd': '/home/ubuntu22/ros2_so_arm100/build/so_arm100_moveit_config', 'env': OrderedDict([('GJS_DEBUG_TOPICS', 'JS ERROR;JS LOG'), ('LESSOPEN', '| /usr/bin/lesspipe %s'), ('VSCODE_CWD', '/home/ubuntu22'), ('CONDA_PROMPT_MODIFIER', '(base)'), ('LANGUAGE', 'zh_CN:zh'), ('USER', 'ubuntu22'), ('VSCODE_NLS_CONFIG', '{"userLocale":"zh-cn","osLocale":"zh-cn","resolvedLanguage":"zh-cn","defaultMessagesFile":"/usr/share/windsurf/resources/app/out/nls.messages.json","languagePack":{"translationsConfigFile":"/home/ubuntu22/.config/Windsurf/clp/83447c9e569f9056950c8dcd32d44ec9.zh-cn/tcf.json","messagesFile":"/home/ubuntu22/.config/Windsurf/clp/83447c9e569f9056950c8dcd32d44ec9.zh-cn/bf4345439764c543a1e5ff3517bbce5a22128bca/nls.messages.json","corruptMarkerFile":"/home/ubuntu22/.config/Windsurf/clp/83447c9e569f9056950c8dcd32d44ec9.zh-cn/corrupted.info"},"locale":"zh-cn","availableLanguages":{"*":"zh-cn"},"_languagePackId":"83447c9e569f9056950c8dcd32d44ec9.zh-cn","_languagePackSupport":true,"_translationsConfigFile":"/home/ubuntu22/.config/Windsurf/clp/83447c9e569f9056950c8dcd32d44ec9.zh-cn/tcf.json","_cacheRoot":"/home/ubuntu22/.config/Windsurf/clp/83447c9e569f9056950c8dcd32d44ec9.zh-cn","_resolvedLanguagePackCoreLocation":"/home/ubuntu22/.config/Windsurf/clp/83447c9e569f9056950c8dcd32d44ec9.zh-cn/bf4345439764c543a1e5ff3517bbce5a22128bca","_corruptedFile":"/home/ubuntu22/.config/Windsurf/clp/83447c9e569f9056950c8dcd32d44ec9.zh-cn/corrupted.info"}'), ('VSCODE_HANDLES_UNCAUGHT_ERRORS', 'true'), ('XDG_SESSION_TYPE', 'x11'), ('SHLVL', '1'), ('LD_LIBRARY_PATH', '/home/ubuntu22/ros2_so_arm100/install/so_arm100/lib:/opt/ros/humble/lib:/opt/ros/humble/opt/rviz_ogre_vendor/lib:/opt/ros/humble/lib/x86_64-linux-gnu:/opt/ros/humble/lib'), ('HOME', '/home/ubuntu22'), ('CHROME_DESKTOP', 'windsurf-url-handler.desktop'), ('CONDA_SHLVL', '1'), ('DESKTOP_SESSION', 'ubuntu'), ('VSCODE_IPC_HOOK', '/run/user/1000/vscode-b1babb8d-1.94-main.sock'), ('GIO_LAUNCHED_DESKTOP_FILE', '/usr/share/applications/windsurf.desktop'), ('ROS_PYTHON_VERSION', '3'), ('GNOME_SHELL_SESSION_MODE', 'ubuntu'), ('GTK_MODULES', 'gail:atk-bridge'), ('MANAGERPID', '1180'), ('SYSTEMD_EXEC_PID', '1553'), ('DBUS_SESSION_BUS_ADDRESS', 'unix:path=/run/user/1000/bus'), ('GIO_LAUNCHED_DESKTOP_FILE_PID', '5277'), ('VSCODE_CRASH_REPORTER_PROCESS_TYPE', 'extensionHost'), ('IM_CONFIG_PHASE', '1'), ('VSCODE_L10N_BUNDLE_LOCATION', 'file:///home/ubuntu22/.windsurf/extensions/ms-ceintl.vscode-language-pack-zh-hans-1.94.0-universal/translations/extensions/vscode.markdown-language-features.i18n.json'), ('ROS_DISTRO', 'humble'), ('GTK_IM_MODULE', 'ibus'), ('LOGNAME', 'ubuntu22'), ('_', '/usr/bin/colcon'), ('JOURNAL_STREAM', '8:9189'), ('ROS_VERSION', '2'), ('XDG_SESSION_CLASS', 'user'), ('USERNAME', 'ubuntu22'), ('GNOME_DESKTOP_SESSION_ID', 'this-is-deprecated'), ('ROS_LOCALHOST_ONLY', '0'), ('WINDOWPATH', '2'), ('PATH', '/home/ubuntu22/.local/bin:/opt/ros/humble/bin:/home/ubuntu22/anaconda3/bin:/home/ubuntu22/anaconda3/condabin:/home/ubuntu22/.local/bin:/usr/local/sbin:/usr/local/bin:/usr/sbin:/usr/bin:/sbin:/bin:/usr/games:/usr/local/games:/snap/bin:/snap/bin:/home/ubuntu22/.local/bin'), ('SESSION_MANAGER', 'local/ubuntu22-MS-Challenger-B760M-N-D5:@/tmp/.ICE-unix/1526,unix/ubuntu22-MS-Challenger-B760M-N-D5:/tmp/.ICE-unix/1526'), ('VSCODE_AMD_ENTRYPOINT', 'vs/workbench/api/node/extensionHostProcess'), ('INVOCATION_ID', '24d955afea184bb0ace7b53cbe0fda04'), ('XDG_MENU_PREFIX', 'gnome-'), ('XDG_RUNTIME_DIR', '/run/user/1000'), ('GDK_BACKEND', 'x11'), ('DISPLAY', ':0'), ('LANG', 'zh_CN.UTF-8'), ('XDG_CURRENT_DESKTOP', 'Unity'), ('XMODIFIERS', '@im=ibus'), ('XDG_SESSION_DESKTOP', 'ubuntu'), ('XAUTHORITY', '/run/user/1000/gdm/Xauthority'), ('SSH_AGENT_LAUNCHER', 'gnome-keyring'), ('SSH_AUTH_SOCK', '/run/user/1000/keyring/ssh'), ('AMENT_PREFIX_PATH', '/home/ubuntu22/ros2_so_arm100/install/so_arm100:/opt/ros/humble'), ('CONDA_PYTHON_EXE', '/home/ubuntu22/anaconda3/bin/python'), ('ORIGINAL_XDG_CURRENT_DESKTOP', 'ubuntu:GNOME'), ('SHELL', '/bin/bash'), ('QT_ACCESSIBILITY', '1'), ('ELECTRON_RUN_AS_NODE', '1'), ('GDMSESSION', 'ubuntu'), ('LESSCLOSE', '/usr/bin/lesspipe %s %s'), ('CONDA_DEFAULT_ENV', 'base'), ('GPG_AGENT_INFO', '/run/user/1000/gnupg/S.gpg-agent:0:1'), ('GJS_DEBUG_OUTPUT', 'stderr'), ('CODEIUM_EDITOR_APP_ROOT', '/usr/share/windsurf/resources/app'), ('QT_IM_MODULE', 'ibus'), ('PWD', '/home/ubuntu22/ros2_so_arm100/build/so_arm100_moveit_config'), ('XDG_CONFIG_DIRS', '/etc/xdg/xdg-ubuntu:/etc/xdg'), ('CONDA_EXE', '/home/ubuntu22/anaconda3/bin/conda'), ('VSCODE_CODE_CACHE_PATH', '/home/ubuntu22/.config/Windsurf/CachedData/bf4345439764c543a1e5ff3517bbce5a22128bca'), ('XDG_DATA_DIRS', '/usr/share/ubuntu:/usr/share/gnome:/home/ubuntu22/.local/share/flatpak/exports/share:/var/lib/flatpak/exports/share:/usr/local/share/:/usr/share/:/var/lib/snapd/desktop'), ('PYTHONPATH', '/opt/ros/humble/lib/python3.10/site-packages:/opt/ros/humble/lib/python3.10/site-packages:/opt/ros/humble/local/lib/python3.10/dist-packages'), ('CONDA_PREFIX', '/home/ubuntu22/anaconda3'), ('COLCON', '1'), ('VSCODE_PID', '5277'), ('CMAKE_PREFIX_PATH', '/home/ubuntu22/ros2_so_arm100/install/so_arm100:/opt/ros/humble')]), 'shell': False}
[3.204307] (-) TimerEvent: {}
[3.238138] (so_arm100_moveit_config) StdoutLine: {'line': b'-- Install configuration: ""\n'}
[3.238376] (so_arm100_moveit_config) StdoutLine: {'line': b'-- Execute custom install script\n'}
[3.238505] (so_arm100_moveit_config) StdoutLine: {'line': b'-- Up-to-date symlink: /home/ubuntu22/ros2_so_arm100/install/so_arm100_moveit_config/share/ament_index/resource_index/package_run_dependencies/so_arm100_moveit_config\n'}
[3.238608] (so_arm100_moveit_config) StdoutLine: {'line': b'-- Up-to-date symlink: /home/ubuntu22/ros2_so_arm100/install/so_arm100_moveit_config/share/ament_index/resource_index/parent_prefix_path/so_arm100_moveit_config\n'}
[3.238710] (so_arm100_moveit_config) StdoutLine: {'line': b'-- Up-to-date symlink: /home/ubuntu22/ros2_so_arm100/install/so_arm100_moveit_config/share/so_arm100_moveit_config/environment/ament_prefix_path.sh\n'}
[3.238807] (so_arm100_moveit_config) StdoutLine: {'line': b'-- Up-to-date symlink: /home/ubuntu22/ros2_so_arm100/install/so_arm100_moveit_config/share/so_arm100_moveit_config/environment/ament_prefix_path.dsv\n'}
[3.238921] (so_arm100_moveit_config) StdoutLine: {'line': b'-- Up-to-date symlink: /home/ubuntu22/ros2_so_arm100/install/so_arm100_moveit_config/share/so_arm100_moveit_config/environment/path.sh\n'}
[3.239017] (so_arm100_moveit_config) StdoutLine: {'line': b'-- Up-to-date symlink: /home/ubuntu22/ros2_so_arm100/install/so_arm100_moveit_config/share/so_arm100_moveit_config/environment/path.dsv\n'}
[3.239134] (so_arm100_moveit_config) StdoutLine: {'line': b'-- Up-to-date symlink: /home/ubuntu22/ros2_so_arm100/install/so_arm100_moveit_config/share/so_arm100_moveit_config/local_setup.bash\n'}
[3.239244] (so_arm100_moveit_config) StdoutLine: {'line': b'-- Up-to-date symlink: /home/ubuntu22/ros2_so_arm100/install/so_arm100_moveit_config/share/so_arm100_moveit_config/local_setup.sh\n'}
[3.239307] (so_arm100_moveit_config) StdoutLine: {'line': b'-- Up-to-date symlink: /home/ubuntu22/ros2_so_arm100/install/so_arm100_moveit_config/share/so_arm100_moveit_config/local_setup.zsh\n'}
[3.239367] (so_arm100_moveit_config) StdoutLine: {'line': b'-- Up-to-date symlink: /home/ubuntu22/ros2_so_arm100/install/so_arm100_moveit_config/share/so_arm100_moveit_config/local_setup.dsv\n'}
[3.239427] (so_arm100_moveit_config) StdoutLine: {'line': b'-- Symlinking: /home/ubuntu22/ros2_so_arm100/install/so_arm100_moveit_config/share/so_arm100_moveit_config/package.dsv\n'}
[3.247519] (so_arm100_moveit_config) StdoutLine: {'line': b'-- Up-to-date symlink: /home/ubuntu22/ros2_so_arm100/install/so_arm100_moveit_config/share/ament_index/resource_index/packages/so_arm100_moveit_config\n'}
[3.247959] (so_arm100_moveit_config) StdoutLine: {'line': b'-- Up-to-date symlink: /home/ubuntu22/ros2_so_arm100/install/so_arm100_moveit_config/share/so_arm100_moveit_config/cmake/so_arm100_moveit_configConfig.cmake\n'}
[3.248214] (so_arm100_moveit_config) StdoutLine: {'line': b'-- Up-to-date symlink: /home/ubuntu22/ros2_so_arm100/install/so_arm100_moveit_config/share/so_arm100_moveit_config/cmake/so_arm100_moveit_configConfig-version.cmake\n'}
[3.248300] (so_arm100_moveit_config) StdoutLine: {'line': b'-- Up-to-date symlink: /home/ubuntu22/ros2_so_arm100/install/so_arm100_moveit_config/share/so_arm100_moveit_config/package.xml\n'}
[3.248332] (so_arm100_moveit_config) StdoutLine: {'line': b'-- Up-to-date symlink: /home/ubuntu22/ros2_so_arm100/install/so_arm100_moveit_config/share/so_arm100_moveit_config/launch/demo.launch.py\n'}
[3.248362] (so_arm100_moveit_config) StdoutLine: {'line': b'-- Up-to-date symlink: /home/ubuntu22/ros2_so_arm100/install/so_arm100_moveit_config/share/so_arm100_moveit_config/launch/move_group.launch.py\n'}
[3.248419] (so_arm100_moveit_config) StdoutLine: {'line': b'-- Up-to-date symlink: /home/ubuntu22/ros2_so_arm100/install/so_arm100_moveit_config/share/so_arm100_moveit_config/launch/moveit_rviz.launch.py\n'}
[3.248447] (so_arm100_moveit_config) StdoutLine: {'line': b'-- Up-to-date symlink: /home/ubuntu22/ros2_so_arm100/install/so_arm100_moveit_config/share/so_arm100_moveit_config/launch/rsp.launch.py\n'}
[3.248472] (so_arm100_moveit_config) StdoutLine: {'line': b'-- Up-to-date symlink: /home/ubuntu22/ros2_so_arm100/install/so_arm100_moveit_config/share/so_arm100_moveit_config/launch/setup_assistant.launch.py\n'}
[3.248497] (so_arm100_moveit_config) StdoutLine: {'line': b'-- Up-to-date symlink: /home/ubuntu22/ros2_so_arm100/install/so_arm100_moveit_config/share/so_arm100_moveit_config/launch/spawn_controllers.launch.py\n'}
[3.248521] (so_arm100_moveit_config) StdoutLine: {'line': b'-- Up-to-date symlink: /home/ubuntu22/ros2_so_arm100/install/so_arm100_moveit_config/share/so_arm100_moveit_config/launch/static_virtual_joint_tfs.launch.py\n'}
[3.248546] (so_arm100_moveit_config) StdoutLine: {'line': b'-- Up-to-date symlink: /home/ubuntu22/ros2_so_arm100/install/so_arm100_moveit_config/share/so_arm100_moveit_config/launch/warehouse_db.launch.py\n'}
[3.248601] (so_arm100_moveit_config) StdoutLine: {'line': b'-- Up-to-date symlink: /home/ubuntu22/ros2_so_arm100/install/so_arm100_moveit_config/share/so_arm100_moveit_config/config/arm_controller.yaml\n'}
[3.248672] (so_arm100_moveit_config) StdoutLine: {'line': b'-- Up-to-date symlink: /home/ubuntu22/ros2_so_arm100/install/so_arm100_moveit_config/share/so_arm100_moveit_config/config/controllers.yaml\n'}
[3.248719] (so_arm100_moveit_config) StdoutLine: {'line': b'-- Up-to-date symlink: /home/ubuntu22/ros2_so_arm100/install/so_arm100_moveit_config/share/so_arm100_moveit_config/config/gripper_controller.yaml\n'}
[3.248767] (so_arm100_moveit_config) StdoutLine: {'line': b'-- Up-to-date symlink: /home/ubuntu22/ros2_so_arm100/install/so_arm100_moveit_config/share/so_arm100_moveit_config/config/joint_limits.yaml\n'}
[3.248792] (so_arm100_moveit_config) StdoutLine: {'line': b'-- Up-to-date symlink: /home/ubuntu22/ros2_so_arm100/install/so_arm100_moveit_config/share/so_arm100_moveit_config/config/kinematics.yaml\n'}
[3.248846] (so_arm100_moveit_config) StdoutLine: {'line': b'-- Up-to-date symlink: /home/ubuntu22/ros2_so_arm100/install/so_arm100_moveit_config/share/so_arm100_moveit_config/config/moveit.rviz\n'}
[3.248896] (so_arm100_moveit_config) StdoutLine: {'line': b'-- Up-to-date symlink: /home/ubuntu22/ros2_so_arm100/install/so_arm100_moveit_config/share/so_arm100_moveit_config/config/moveit_controllers.yaml\n'}
[3.248943] (so_arm100_moveit_config) StdoutLine: {'line': b'-- Up-to-date symlink: /home/ubuntu22/ros2_so_arm100/install/so_arm100_moveit_config/share/so_arm100_moveit_config/config/pilz_cartesian_limits.yaml\n'}
[3.248969] (so_arm100_moveit_config) StdoutLine: {'line': b'-- Up-to-date symlink: /home/ubuntu22/ros2_so_arm100/install/so_arm100_moveit_config/share/so_arm100_moveit_config/config/ros2_controllers.yaml\n'}
[3.249024] (so_arm100_moveit_config) StdoutLine: {'line': b'-- Up-to-date symlink: /home/ubuntu22/ros2_so_arm100/install/so_arm100_moveit_config/share/so_arm100_moveit_config/config/so_arm100.srdf\n'}
[3.249075] (so_arm100_moveit_config) StdoutLine: {'line': b'-- Up-to-date symlink: /home/ubuntu22/ros2_so_arm100/install/so_arm100_moveit_config/share/so_arm100_moveit_config/.setup_assistant\n'}
[3.249125] (so_arm100_moveit_config) StdoutLine: {'line': b'-- Up-to-date: /home/ubuntu22/ros2_so_arm100/install/so_arm100_moveit_config/lib/so_arm100_moveit_config\n'}
[3.249176] (so_arm100_moveit_config) StdoutLine: {'line': b'-- Up-to-date: /home/ubuntu22/ros2_so_arm100/install/so_arm100_moveit_config/lib/so_arm100_moveit_config/test_move.py\n'}
[3.249834] (so_arm100_moveit_config) CommandEnded: {'returncode': 0}
[3.256644] (so_arm100_moveit_config) JobEnded: {'identifier': 'so_arm100_moveit_config', 'rc': 0}
[3.256937] (-) EventReactorShutdown: {}
