[0.061s] DEBUG:colcon:Command line arguments: ['/usr/bin/colcon', 'build']
[0.061s] DEBUG:colcon:Parsed command line arguments: Namespace(log_base=None, log_level=None, verb_name='build', build_base='build', install_base='install', merge_install=False, symlink_install=False, test_result_base=None, continue_on_error=False, executor='parallel', parallel_workers=16, event_handlers=None, ignore_user_meta=False, metas=['./colcon.meta'], base_paths=['.'], packages_ignore=None, packages_ignore_regex=None, paths=None, packages_up_to=None, packages_up_to_regex=None, packages_above=None, packages_above_and_dependencies=None, packages_above_depth=None, packages_select_by_dep=None, packages_skip_by_dep=None, packages_skip_up_to=None, packages_select_build_failed=False, packages_skip_build_finished=False, packages_select_test_failures=False, packages_skip_test_passed=False, packages_select=None, packages_skip=None, packages_select_regex=None, packages_skip_regex=None, packages_start=None, packages_end=None, allow_overriding=[], cmake_args=None, cmake_target=None, cmake_target_skip_unavailable=False, cmake_clean_cache=False, cmake_clean_first=False, cmake_force_configure=False, ament_cmake_args=None, catkin_cmake_args=None, catkin_skip_building_tests=False, verb_parser=<colcon_defaults.argument_parser.defaults.DefaultArgumentsDecorator object at 0x76388b70e7d0>, verb_extension=<colcon_core.verb.build.BuildVerb object at 0x76388b70e2c0>, main=<bound method BuildVerb.main of <colcon_core.verb.build.BuildVerb object at 0x76388b70e2c0>>)
[0.175s] Level 1:colcon.colcon_core.package_discovery:discover_packages(colcon_meta) check parameters
[0.175s] Level 1:colcon.colcon_core.package_discovery:discover_packages(recursive) check parameters
[0.175s] Level 1:colcon.colcon_core.package_discovery:discover_packages(ignore) check parameters
[0.175s] Level 1:colcon.colcon_core.package_discovery:discover_packages(path) check parameters
[0.175s] Level 1:colcon.colcon_core.package_discovery:discover_packages(colcon_meta) discover
[0.175s] Level 1:colcon.colcon_core.package_discovery:discover_packages(recursive) discover
[0.175s] INFO:colcon.colcon_core.package_discovery:Crawling recursively for packages in '/home/ubuntu22/so_arm100_ws'
[0.175s] Level 1:colcon.colcon_core.package_identification:_identify(.) by extensions ['ignore', 'ignore_ament_install']
[0.175s] Level 1:colcon.colcon_core.package_identification:_identify(.) by extension 'ignore'
[0.175s] Level 1:colcon.colcon_core.package_identification:_identify(.) by extension 'ignore_ament_install'
[0.175s] Level 1:colcon.colcon_core.package_identification:_identify(.) by extensions ['colcon_pkg']
[0.175s] Level 1:colcon.colcon_core.package_identification:_identify(.) by extension 'colcon_pkg'
[0.175s] Level 1:colcon.colcon_core.package_identification:_identify(.) by extensions ['colcon_meta']
[0.175s] Level 1:colcon.colcon_core.package_identification:_identify(.) by extension 'colcon_meta'
[0.175s] Level 1:colcon.colcon_core.package_identification:_identify(.) by extensions ['ros']
[0.175s] Level 1:colcon.colcon_core.package_identification:_identify(.) by extension 'ros'
[0.194s] Level 1:colcon.colcon_core.package_identification:_identify(.) by extensions ['cmake', 'python']
[0.194s] Level 1:colcon.colcon_core.package_identification:_identify(.) by extension 'cmake'
[0.194s] Level 1:colcon.colcon_core.package_identification:_identify(.) by extension 'python'
[0.195s] Level 1:colcon.colcon_core.package_identification:_identify(.) by extensions ['python_setup_py']
[0.195s] Level 1:colcon.colcon_core.package_identification:_identify(.) by extension 'python_setup_py'
[0.195s] Level 1:colcon.colcon_core.package_identification:_identify(build) by extensions ['ignore', 'ignore_ament_install']
[0.195s] Level 1:colcon.colcon_core.package_identification:_identify(build) by extension 'ignore'
[0.195s] Level 1:colcon.colcon_core.package_identification:_identify(build) ignored
[0.195s] Level 1:colcon.colcon_core.package_identification:_identify(docs) by extensions ['ignore', 'ignore_ament_install']
[0.195s] Level 1:colcon.colcon_core.package_identification:_identify(docs) by extension 'ignore'
[0.195s] Level 1:colcon.colcon_core.package_identification:_identify(docs) by extension 'ignore_ament_install'
[0.195s] Level 1:colcon.colcon_core.package_identification:_identify(docs) by extensions ['colcon_pkg']
[0.195s] Level 1:colcon.colcon_core.package_identification:_identify(docs) by extension 'colcon_pkg'
[0.195s] Level 1:colcon.colcon_core.package_identification:_identify(docs) by extensions ['colcon_meta']
[0.195s] Level 1:colcon.colcon_core.package_identification:_identify(docs) by extension 'colcon_meta'
[0.195s] Level 1:colcon.colcon_core.package_identification:_identify(docs) by extensions ['ros']
[0.195s] Level 1:colcon.colcon_core.package_identification:_identify(docs) by extension 'ros'
[0.195s] Level 1:colcon.colcon_core.package_identification:_identify(docs) by extensions ['cmake', 'python']
[0.195s] Level 1:colcon.colcon_core.package_identification:_identify(docs) by extension 'cmake'
[0.195s] Level 1:colcon.colcon_core.package_identification:_identify(docs) by extension 'python'
[0.195s] Level 1:colcon.colcon_core.package_identification:_identify(docs) by extensions ['python_setup_py']
[0.195s] Level 1:colcon.colcon_core.package_identification:_identify(docs) by extension 'python_setup_py'
[0.195s] Level 1:colcon.colcon_core.package_identification:_identify(install) by extensions ['ignore', 'ignore_ament_install']
[0.195s] Level 1:colcon.colcon_core.package_identification:_identify(install) by extension 'ignore'
[0.195s] Level 1:colcon.colcon_core.package_identification:_identify(install) ignored
[0.195s] Level 1:colcon.colcon_core.package_identification:_identify(log) by extensions ['ignore', 'ignore_ament_install']
[0.195s] Level 1:colcon.colcon_core.package_identification:_identify(log) by extension 'ignore'
[0.195s] Level 1:colcon.colcon_core.package_identification:_identify(log) ignored
[0.195s] Level 1:colcon.colcon_core.package_identification:_identify(motors) by extensions ['ignore', 'ignore_ament_install']
[0.195s] Level 1:colcon.colcon_core.package_identification:_identify(motors) by extension 'ignore'
[0.195s] Level 1:colcon.colcon_core.package_identification:_identify(motors) by extension 'ignore_ament_install'
[0.195s] Level 1:colcon.colcon_core.package_identification:_identify(motors) by extensions ['colcon_pkg']
[0.195s] Level 1:colcon.colcon_core.package_identification:_identify(motors) by extension 'colcon_pkg'
[0.195s] Level 1:colcon.colcon_core.package_identification:_identify(motors) by extensions ['colcon_meta']
[0.195s] Level 1:colcon.colcon_core.package_identification:_identify(motors) by extension 'colcon_meta'
[0.195s] Level 1:colcon.colcon_core.package_identification:_identify(motors) by extensions ['ros']
[0.195s] Level 1:colcon.colcon_core.package_identification:_identify(motors) by extension 'ros'
[0.196s] Level 1:colcon.colcon_core.package_identification:_identify(motors) by extensions ['cmake', 'python']
[0.196s] Level 1:colcon.colcon_core.package_identification:_identify(motors) by extension 'cmake'
[0.196s] Level 1:colcon.colcon_core.package_identification:_identify(motors) by extension 'python'
[0.196s] Level 1:colcon.colcon_core.package_identification:_identify(motors) by extensions ['python_setup_py']
[0.196s] Level 1:colcon.colcon_core.package_identification:_identify(motors) by extension 'python_setup_py'
[0.196s] Level 1:colcon.colcon_core.package_identification:_identify(motors/__pycache__) by extensions ['ignore', 'ignore_ament_install']
[0.196s] Level 1:colcon.colcon_core.package_identification:_identify(motors/__pycache__) by extension 'ignore'
[0.196s] Level 1:colcon.colcon_core.package_identification:_identify(motors/__pycache__) by extension 'ignore_ament_install'
[0.196s] Level 1:colcon.colcon_core.package_identification:_identify(motors/__pycache__) by extensions ['colcon_pkg']
[0.196s] Level 1:colcon.colcon_core.package_identification:_identify(motors/__pycache__) by extension 'colcon_pkg'
[0.196s] Level 1:colcon.colcon_core.package_identification:_identify(motors/__pycache__) by extensions ['colcon_meta']
[0.196s] Level 1:colcon.colcon_core.package_identification:_identify(motors/__pycache__) by extension 'colcon_meta'
[0.196s] Level 1:colcon.colcon_core.package_identification:_identify(motors/__pycache__) by extensions ['ros']
[0.196s] Level 1:colcon.colcon_core.package_identification:_identify(motors/__pycache__) by extension 'ros'
[0.196s] Level 1:colcon.colcon_core.package_identification:_identify(motors/__pycache__) by extensions ['cmake', 'python']
[0.196s] Level 1:colcon.colcon_core.package_identification:_identify(motors/__pycache__) by extension 'cmake'
[0.196s] Level 1:colcon.colcon_core.package_identification:_identify(motors/__pycache__) by extension 'python'
[0.196s] Level 1:colcon.colcon_core.package_identification:_identify(motors/__pycache__) by extensions ['python_setup_py']
[0.196s] Level 1:colcon.colcon_core.package_identification:_identify(motors/__pycache__) by extension 'python_setup_py'
[0.196s] Level 1:colcon.colcon_core.package_identification:_identify(recorded_trajectories) by extensions ['ignore', 'ignore_ament_install']
[0.196s] Level 1:colcon.colcon_core.package_identification:_identify(recorded_trajectories) by extension 'ignore'
[0.196s] Level 1:colcon.colcon_core.package_identification:_identify(recorded_trajectories) by extension 'ignore_ament_install'
[0.196s] Level 1:colcon.colcon_core.package_identification:_identify(recorded_trajectories) by extensions ['colcon_pkg']
[0.196s] Level 1:colcon.colcon_core.package_identification:_identify(recorded_trajectories) by extension 'colcon_pkg'
[0.196s] Level 1:colcon.colcon_core.package_identification:_identify(recorded_trajectories) by extensions ['colcon_meta']
[0.196s] Level 1:colcon.colcon_core.package_identification:_identify(recorded_trajectories) by extension 'colcon_meta'
[0.196s] Level 1:colcon.colcon_core.package_identification:_identify(recorded_trajectories) by extensions ['ros']
[0.196s] Level 1:colcon.colcon_core.package_identification:_identify(recorded_trajectories) by extension 'ros'
[0.196s] Level 1:colcon.colcon_core.package_identification:_identify(recorded_trajectories) by extensions ['cmake', 'python']
[0.196s] Level 1:colcon.colcon_core.package_identification:_identify(recorded_trajectories) by extension 'cmake'
[0.196s] Level 1:colcon.colcon_core.package_identification:_identify(recorded_trajectories) by extension 'python'
[0.196s] Level 1:colcon.colcon_core.package_identification:_identify(recorded_trajectories) by extensions ['python_setup_py']
[0.196s] Level 1:colcon.colcon_core.package_identification:_identify(recorded_trajectories) by extension 'python_setup_py'
[0.196s] Level 1:colcon.colcon_core.package_identification:_identify(so_arm100) by extensions ['ignore', 'ignore_ament_install']
[0.196s] Level 1:colcon.colcon_core.package_identification:_identify(so_arm100) by extension 'ignore'
[0.196s] Level 1:colcon.colcon_core.package_identification:_identify(so_arm100) by extension 'ignore_ament_install'
[0.196s] Level 1:colcon.colcon_core.package_identification:_identify(so_arm100) by extensions ['colcon_pkg']
[0.196s] Level 1:colcon.colcon_core.package_identification:_identify(so_arm100) by extension 'colcon_pkg'
[0.196s] Level 1:colcon.colcon_core.package_identification:_identify(so_arm100) by extensions ['colcon_meta']
[0.196s] Level 1:colcon.colcon_core.package_identification:_identify(so_arm100) by extension 'colcon_meta'
[0.196s] Level 1:colcon.colcon_core.package_identification:_identify(so_arm100) by extensions ['ros']
[0.196s] Level 1:colcon.colcon_core.package_identification:_identify(so_arm100) by extension 'ros'
[0.198s] DEBUG:colcon.colcon_core.package_identification:Package 'so_arm100' with type 'ros.ament_cmake' and name 'so_arm100'
[0.198s] Level 1:colcon.colcon_core.package_identification:_identify(so_arm100.egg-info) by extensions ['ignore', 'ignore_ament_install']
[0.198s] Level 1:colcon.colcon_core.package_identification:_identify(so_arm100.egg-info) by extension 'ignore'
[0.198s] Level 1:colcon.colcon_core.package_identification:_identify(so_arm100.egg-info) by extension 'ignore_ament_install'
[0.198s] Level 1:colcon.colcon_core.package_identification:_identify(so_arm100.egg-info) by extensions ['colcon_pkg']
[0.198s] Level 1:colcon.colcon_core.package_identification:_identify(so_arm100.egg-info) by extension 'colcon_pkg'
[0.198s] Level 1:colcon.colcon_core.package_identification:_identify(so_arm100.egg-info) by extensions ['colcon_meta']
[0.198s] Level 1:colcon.colcon_core.package_identification:_identify(so_arm100.egg-info) by extension 'colcon_meta'
[0.198s] Level 1:colcon.colcon_core.package_identification:_identify(so_arm100.egg-info) by extensions ['ros']
[0.198s] Level 1:colcon.colcon_core.package_identification:_identify(so_arm100.egg-info) by extension 'ros'
[0.198s] Level 1:colcon.colcon_core.package_identification:_identify(so_arm100.egg-info) by extensions ['cmake', 'python']
[0.198s] Level 1:colcon.colcon_core.package_identification:_identify(so_arm100.egg-info) by extension 'cmake'
[0.198s] Level 1:colcon.colcon_core.package_identification:_identify(so_arm100.egg-info) by extension 'python'
[0.198s] Level 1:colcon.colcon_core.package_identification:_identify(so_arm100.egg-info) by extensions ['python_setup_py']
[0.198s] Level 1:colcon.colcon_core.package_identification:_identify(so_arm100.egg-info) by extension 'python_setup_py'
[0.198s] Level 1:colcon.colcon_core.package_identification:_identify(so_arm100_isaac) by extensions ['ignore', 'ignore_ament_install']
[0.198s] Level 1:colcon.colcon_core.package_identification:_identify(so_arm100_isaac) by extension 'ignore'
[0.198s] Level 1:colcon.colcon_core.package_identification:_identify(so_arm100_isaac) by extension 'ignore_ament_install'
[0.198s] Level 1:colcon.colcon_core.package_identification:_identify(so_arm100_isaac) by extensions ['colcon_pkg']
[0.198s] Level 1:colcon.colcon_core.package_identification:_identify(so_arm100_isaac) by extension 'colcon_pkg'
[0.198s] Level 1:colcon.colcon_core.package_identification:_identify(so_arm100_isaac) by extensions ['colcon_meta']
[0.198s] Level 1:colcon.colcon_core.package_identification:_identify(so_arm100_isaac) by extension 'colcon_meta'
[0.199s] Level 1:colcon.colcon_core.package_identification:_identify(so_arm100_isaac) by extensions ['ros']
[0.199s] Level 1:colcon.colcon_core.package_identification:_identify(so_arm100_isaac) by extension 'ros'
[0.199s] Level 1:colcon.colcon_core.package_identification:_identify(so_arm100_isaac) by extensions ['cmake', 'python']
[0.199s] Level 1:colcon.colcon_core.package_identification:_identify(so_arm100_isaac) by extension 'cmake'
[0.199s] Level 1:colcon.colcon_core.package_identification:_identify(so_arm100_isaac) by extension 'python'
[0.199s] Level 1:colcon.colcon_core.package_identification:_identify(so_arm100_isaac) by extensions ['python_setup_py']
[0.199s] Level 1:colcon.colcon_core.package_identification:_identify(so_arm100_isaac) by extension 'python_setup_py'
[0.199s] Level 1:colcon.colcon_core.package_identification:_identify(so_arm100_isaac/asset) by extensions ['ignore', 'ignore_ament_install']
[0.199s] Level 1:colcon.colcon_core.package_identification:_identify(so_arm100_isaac/asset) by extension 'ignore'
[0.199s] Level 1:colcon.colcon_core.package_identification:_identify(so_arm100_isaac/asset) by extension 'ignore_ament_install'
[0.199s] Level 1:colcon.colcon_core.package_identification:_identify(so_arm100_isaac/asset) by extensions ['colcon_pkg']
[0.199s] Level 1:colcon.colcon_core.package_identification:_identify(so_arm100_isaac/asset) by extension 'colcon_pkg'
[0.199s] Level 1:colcon.colcon_core.package_identification:_identify(so_arm100_isaac/asset) by extensions ['colcon_meta']
[0.199s] Level 1:colcon.colcon_core.package_identification:_identify(so_arm100_isaac/asset) by extension 'colcon_meta'
[0.199s] Level 1:colcon.colcon_core.package_identification:_identify(so_arm100_isaac/asset) by extensions ['ros']
[0.199s] Level 1:colcon.colcon_core.package_identification:_identify(so_arm100_isaac/asset) by extension 'ros'
[0.199s] Level 1:colcon.colcon_core.package_identification:_identify(so_arm100_isaac/asset) by extensions ['cmake', 'python']
[0.199s] Level 1:colcon.colcon_core.package_identification:_identify(so_arm100_isaac/asset) by extension 'cmake'
[0.199s] Level 1:colcon.colcon_core.package_identification:_identify(so_arm100_isaac/asset) by extension 'python'
[0.199s] Level 1:colcon.colcon_core.package_identification:_identify(so_arm100_isaac/asset) by extensions ['python_setup_py']
[0.199s] Level 1:colcon.colcon_core.package_identification:_identify(so_arm100_isaac/asset) by extension 'python_setup_py'
[0.199s] Level 1:colcon.colcon_core.package_identification:_identify(so_arm100_moveit_config) by extensions ['ignore', 'ignore_ament_install']
[0.199s] Level 1:colcon.colcon_core.package_identification:_identify(so_arm100_moveit_config) by extension 'ignore'
[0.199s] Level 1:colcon.colcon_core.package_identification:_identify(so_arm100_moveit_config) by extension 'ignore_ament_install'
[0.199s] Level 1:colcon.colcon_core.package_identification:_identify(so_arm100_moveit_config) by extensions ['colcon_pkg']
[0.199s] Level 1:colcon.colcon_core.package_identification:_identify(so_arm100_moveit_config) by extension 'colcon_pkg'
[0.199s] Level 1:colcon.colcon_core.package_identification:_identify(so_arm100_moveit_config) by extensions ['colcon_meta']
[0.199s] Level 1:colcon.colcon_core.package_identification:_identify(so_arm100_moveit_config) by extension 'colcon_meta'
[0.199s] Level 1:colcon.colcon_core.package_identification:_identify(so_arm100_moveit_config) by extensions ['ros']
[0.199s] Level 1:colcon.colcon_core.package_identification:_identify(so_arm100_moveit_config) by extension 'ros'
[0.200s] DEBUG:colcon.colcon_core.package_identification:Package 'so_arm100_moveit_config' with type 'ros.ament_cmake' and name 'so_arm100_moveit_config'
[0.200s] Level 1:colcon.colcon_core.package_discovery:discover_packages(recursive) using defaults
[0.200s] Level 1:colcon.colcon_core.package_discovery:discover_packages(ignore) discover
[0.200s] Level 1:colcon.colcon_core.package_discovery:discover_packages(ignore) using defaults
[0.200s] Level 1:colcon.colcon_core.package_discovery:discover_packages(path) discover
[0.200s] Level 1:colcon.colcon_core.package_discovery:discover_packages(path) using defaults
[0.211s] Level 1:colcon.colcon_core.package_discovery:discover_packages(prefix_path) check parameters
[0.211s] Level 1:colcon.colcon_core.package_discovery:discover_packages(prefix_path) discover
[0.212s] DEBUG:colcon.colcon_installed_package_information.package_discovery:Found 349 installed packages in /opt/ros/humble
[0.213s] Level 1:colcon.colcon_core.package_discovery:discover_packages(prefix_path) using defaults
[0.236s] Level 5:colcon.colcon_core.verb:set package 'so_arm100' build argument 'cmake_args' from command line to 'None'
[0.237s] Level 5:colcon.colcon_core.verb:set package 'so_arm100' build argument 'cmake_target' from command line to 'None'
[0.237s] Level 5:colcon.colcon_core.verb:set package 'so_arm100' build argument 'cmake_target_skip_unavailable' from command line to 'False'
[0.237s] Level 5:colcon.colcon_core.verb:set package 'so_arm100' build argument 'cmake_clean_cache' from command line to 'False'
[0.237s] Level 5:colcon.colcon_core.verb:set package 'so_arm100' build argument 'cmake_clean_first' from command line to 'False'
[0.237s] Level 5:colcon.colcon_core.verb:set package 'so_arm100' build argument 'cmake_force_configure' from command line to 'False'
[0.237s] Level 5:colcon.colcon_core.verb:set package 'so_arm100' build argument 'ament_cmake_args' from command line to 'None'
[0.237s] Level 5:colcon.colcon_core.verb:set package 'so_arm100' build argument 'catkin_cmake_args' from command line to 'None'
[0.237s] Level 5:colcon.colcon_core.verb:set package 'so_arm100' build argument 'catkin_skip_building_tests' from command line to 'False'
[0.237s] DEBUG:colcon.colcon_core.verb:Building package 'so_arm100' with the following arguments: {'ament_cmake_args': None, 'build_base': '/home/ubuntu22/so_arm100_ws/build/so_arm100', 'catkin_cmake_args': None, 'catkin_skip_building_tests': False, 'cmake_args': None, 'cmake_clean_cache': False, 'cmake_clean_first': False, 'cmake_force_configure': False, 'cmake_target': None, 'cmake_target_skip_unavailable': False, 'install_base': '/home/ubuntu22/so_arm100_ws/install/so_arm100', 'merge_install': False, 'path': '/home/ubuntu22/so_arm100_ws/so_arm100', 'symlink_install': False, 'test_result_base': None}
[0.237s] Level 5:colcon.colcon_core.verb:set package 'so_arm100_moveit_config' build argument 'cmake_args' from command line to 'None'
[0.237s] Level 5:colcon.colcon_core.verb:set package 'so_arm100_moveit_config' build argument 'cmake_target' from command line to 'None'
[0.237s] Level 5:colcon.colcon_core.verb:set package 'so_arm100_moveit_config' build argument 'cmake_target_skip_unavailable' from command line to 'False'
[0.237s] Level 5:colcon.colcon_core.verb:set package 'so_arm100_moveit_config' build argument 'cmake_clean_cache' from command line to 'False'
[0.237s] Level 5:colcon.colcon_core.verb:set package 'so_arm100_moveit_config' build argument 'cmake_clean_first' from command line to 'False'
[0.237s] Level 5:colcon.colcon_core.verb:set package 'so_arm100_moveit_config' build argument 'cmake_force_configure' from command line to 'False'
[0.237s] Level 5:colcon.colcon_core.verb:set package 'so_arm100_moveit_config' build argument 'ament_cmake_args' from command line to 'None'
[0.237s] Level 5:colcon.colcon_core.verb:set package 'so_arm100_moveit_config' build argument 'catkin_cmake_args' from command line to 'None'
[0.237s] Level 5:colcon.colcon_core.verb:set package 'so_arm100_moveit_config' build argument 'catkin_skip_building_tests' from command line to 'False'
[0.237s] DEBUG:colcon.colcon_core.verb:Building package 'so_arm100_moveit_config' with the following arguments: {'ament_cmake_args': None, 'build_base': '/home/ubuntu22/so_arm100_ws/build/so_arm100_moveit_config', 'catkin_cmake_args': None, 'catkin_skip_building_tests': False, 'cmake_args': None, 'cmake_clean_cache': False, 'cmake_clean_first': False, 'cmake_force_configure': False, 'cmake_target': None, 'cmake_target_skip_unavailable': False, 'install_base': '/home/ubuntu22/so_arm100_ws/install/so_arm100_moveit_config', 'merge_install': False, 'path': '/home/ubuntu22/so_arm100_ws/so_arm100_moveit_config', 'symlink_install': False, 'test_result_base': None}
[0.237s] INFO:colcon.colcon_core.executor:Executing jobs using 'parallel' executor
[0.238s] DEBUG:colcon.colcon_parallel_executor.executor.parallel:run_until_complete
[0.238s] INFO:colcon.colcon_ros.task.ament_cmake.build:Building ROS package in '/home/ubuntu22/so_arm100_ws/so_arm100' with build type 'ament_cmake'
[0.238s] INFO:colcon.colcon_cmake.task.cmake.build:Building CMake package in '/home/ubuntu22/so_arm100_ws/so_arm100'
[0.239s] INFO:colcon.colcon_core.plugin_system:Skipping extension 'colcon_core.shell.bat': Not used on non-Windows systems
[0.239s] INFO:colcon.colcon_core.shell:Skip shell extension 'powershell' for command environment: Not usable outside of PowerShell
[0.239s] DEBUG:colcon.colcon_core.shell:Skip shell extension 'dsv' for command environment
[0.244s] DEBUG:colcon.colcon_core.event_handler.log_command:Invoking command in '/home/ubuntu22/so_arm100_ws/build/so_arm100': CMAKE_PREFIX_PATH=/opt/ros/humble CONDA_PROMPT_MODIFIER=(base) /home/ubuntu22/.local/bin/cmake /home/ubuntu22/so_arm100_ws/so_arm100 -DCMAKE_INSTALL_PREFIX=/home/ubuntu22/so_arm100_ws/install/so_arm100
[1.262s] DEBUG:colcon.colcon_core.event_handler.log_command:Invoked command in '/home/ubuntu22/so_arm100_ws/build/so_arm100' returned '0': CMAKE_PREFIX_PATH=/opt/ros/humble CONDA_PROMPT_MODIFIER=(base) /home/ubuntu22/.local/bin/cmake /home/ubuntu22/so_arm100_ws/so_arm100 -DCMAKE_INSTALL_PREFIX=/home/ubuntu22/so_arm100_ws/install/so_arm100
[1.263s] DEBUG:colcon.colcon_core.event_handler.log_command:Invoking command in '/home/ubuntu22/so_arm100_ws/build/so_arm100': CMAKE_PREFIX_PATH=/opt/ros/humble CONDA_PROMPT_MODIFIER=(base) /home/ubuntu22/.local/bin/cmake --build /home/ubuntu22/so_arm100_ws/build/so_arm100 -- -j16 -l16
[1.777s] DEBUG:colcon.colcon_core.event_handler.log_command:Invoked command in '/home/ubuntu22/so_arm100_ws/build/so_arm100' returned '0': CMAKE_PREFIX_PATH=/opt/ros/humble CONDA_PROMPT_MODIFIER=(base) /home/ubuntu22/.local/bin/cmake --build /home/ubuntu22/so_arm100_ws/build/so_arm100 -- -j16 -l16
[1.829s] DEBUG:colcon.colcon_core.event_handler.log_command:Invoking command in '/home/ubuntu22/so_arm100_ws/build/so_arm100': CMAKE_PREFIX_PATH=/opt/ros/humble CONDA_PROMPT_MODIFIER=(base) /home/ubuntu22/.local/bin/cmake --install /home/ubuntu22/so_arm100_ws/build/so_arm100
[1.884s] Level 1:colcon.colcon_core.environment:create_environment_scripts_only(so_arm100)
[1.884s] DEBUG:colcon.colcon_core.event_handler.log_command:Invoked command in '/home/ubuntu22/so_arm100_ws/build/so_arm100' returned '0': CMAKE_PREFIX_PATH=/opt/ros/humble CONDA_PROMPT_MODIFIER=(base) /home/ubuntu22/.local/bin/cmake --install /home/ubuntu22/so_arm100_ws/build/so_arm100
[1.885s] Level 1:colcon.colcon_core.environment:checking '/home/ubuntu22/so_arm100_ws/install/so_arm100' for CMake module files
[1.885s] Level 1:colcon.colcon_core.environment:checking '/home/ubuntu22/so_arm100_ws/install/so_arm100' for CMake config files
[1.886s] Level 1:colcon.colcon_core.shell:create_environment_hook('so_arm100', 'cmake_prefix_path')
[1.886s] INFO:colcon.colcon_core.shell:Creating environment hook '/home/ubuntu22/so_arm100_ws/install/so_arm100/share/so_arm100/hook/cmake_prefix_path.ps1'
[1.886s] INFO:colcon.colcon_core.shell:Creating environment descriptor '/home/ubuntu22/so_arm100_ws/install/so_arm100/share/so_arm100/hook/cmake_prefix_path.dsv'
[1.886s] INFO:colcon.colcon_core.shell:Creating environment hook '/home/ubuntu22/so_arm100_ws/install/so_arm100/share/so_arm100/hook/cmake_prefix_path.sh'
[1.887s] Level 1:colcon.colcon_core.environment:checking '/home/ubuntu22/so_arm100_ws/install/so_arm100/lib'
[1.887s] Level 1:colcon.colcon_core.shell:create_environment_hook('so_arm100', 'ld_library_path_lib')
[1.887s] INFO:colcon.colcon_core.shell:Creating environment hook '/home/ubuntu22/so_arm100_ws/install/so_arm100/share/so_arm100/hook/ld_library_path_lib.ps1'
[1.887s] INFO:colcon.colcon_core.shell:Creating environment descriptor '/home/ubuntu22/so_arm100_ws/install/so_arm100/share/so_arm100/hook/ld_library_path_lib.dsv'
[1.887s] INFO:colcon.colcon_core.shell:Creating environment hook '/home/ubuntu22/so_arm100_ws/install/so_arm100/share/so_arm100/hook/ld_library_path_lib.sh'
[1.888s] Level 1:colcon.colcon_core.environment:checking '/home/ubuntu22/so_arm100_ws/install/so_arm100/bin'
[1.888s] Level 1:colcon.colcon_core.environment:checking '/home/ubuntu22/so_arm100_ws/install/so_arm100/lib/pkgconfig/so_arm100.pc'
[1.888s] Level 1:colcon.colcon_core.environment:checking '/home/ubuntu22/so_arm100_ws/install/so_arm100/lib/python3.10/site-packages'
[1.888s] Level 1:colcon.colcon_core.environment:checking '/home/ubuntu22/so_arm100_ws/install/so_arm100/bin'
[1.888s] INFO:colcon.colcon_core.shell:Creating package script '/home/ubuntu22/so_arm100_ws/install/so_arm100/share/so_arm100/package.ps1'
[1.888s] INFO:colcon.colcon_core.shell:Creating package descriptor '/home/ubuntu22/so_arm100_ws/install/so_arm100/share/so_arm100/package.dsv'
[1.889s] INFO:colcon.colcon_core.shell:Creating package script '/home/ubuntu22/so_arm100_ws/install/so_arm100/share/so_arm100/package.sh'
[1.889s] INFO:colcon.colcon_core.shell:Creating package script '/home/ubuntu22/so_arm100_ws/install/so_arm100/share/so_arm100/package.bash'
[1.889s] INFO:colcon.colcon_core.shell:Creating package script '/home/ubuntu22/so_arm100_ws/install/so_arm100/share/so_arm100/package.zsh'
[1.890s] Level 1:colcon.colcon_core.environment:create_file_with_runtime_dependencies(/home/ubuntu22/so_arm100_ws/install/so_arm100/share/colcon-core/packages/so_arm100)
[1.890s] Level 1:colcon.colcon_core.environment:create_environment_scripts_only(so_arm100)
[1.890s] Level 1:colcon.colcon_core.environment:checking '/home/ubuntu22/so_arm100_ws/install/so_arm100' for CMake module files
[1.890s] Level 1:colcon.colcon_core.environment:checking '/home/ubuntu22/so_arm100_ws/install/so_arm100' for CMake config files
[1.891s] Level 1:colcon.colcon_core.shell:create_environment_hook('so_arm100', 'cmake_prefix_path')
[1.891s] INFO:colcon.colcon_core.shell:Creating environment hook '/home/ubuntu22/so_arm100_ws/install/so_arm100/share/so_arm100/hook/cmake_prefix_path.ps1'
[1.891s] INFO:colcon.colcon_core.shell:Creating environment descriptor '/home/ubuntu22/so_arm100_ws/install/so_arm100/share/so_arm100/hook/cmake_prefix_path.dsv'
[1.891s] INFO:colcon.colcon_core.shell:Creating environment hook '/home/ubuntu22/so_arm100_ws/install/so_arm100/share/so_arm100/hook/cmake_prefix_path.sh'
[1.891s] Level 1:colcon.colcon_core.environment:checking '/home/ubuntu22/so_arm100_ws/install/so_arm100/lib'
[1.891s] Level 1:colcon.colcon_core.shell:create_environment_hook('so_arm100', 'ld_library_path_lib')
[1.891s] INFO:colcon.colcon_core.shell:Creating environment hook '/home/ubuntu22/so_arm100_ws/install/so_arm100/share/so_arm100/hook/ld_library_path_lib.ps1'
[1.892s] INFO:colcon.colcon_core.shell:Creating environment descriptor '/home/ubuntu22/so_arm100_ws/install/so_arm100/share/so_arm100/hook/ld_library_path_lib.dsv'
[1.892s] INFO:colcon.colcon_core.shell:Creating environment hook '/home/ubuntu22/so_arm100_ws/install/so_arm100/share/so_arm100/hook/ld_library_path_lib.sh'
[1.892s] Level 1:colcon.colcon_core.environment:checking '/home/ubuntu22/so_arm100_ws/install/so_arm100/bin'
[1.892s] Level 1:colcon.colcon_core.environment:checking '/home/ubuntu22/so_arm100_ws/install/so_arm100/lib/pkgconfig/so_arm100.pc'
[1.892s] Level 1:colcon.colcon_core.environment:checking '/home/ubuntu22/so_arm100_ws/install/so_arm100/lib/python3.10/site-packages'
[1.892s] Level 1:colcon.colcon_core.environment:checking '/home/ubuntu22/so_arm100_ws/install/so_arm100/bin'
[1.892s] INFO:colcon.colcon_core.shell:Creating package script '/home/ubuntu22/so_arm100_ws/install/so_arm100/share/so_arm100/package.ps1'
[1.893s] INFO:colcon.colcon_core.shell:Creating package descriptor '/home/ubuntu22/so_arm100_ws/install/so_arm100/share/so_arm100/package.dsv'
[1.893s] INFO:colcon.colcon_core.shell:Creating package script '/home/ubuntu22/so_arm100_ws/install/so_arm100/share/so_arm100/package.sh'
[1.893s] INFO:colcon.colcon_core.shell:Creating package script '/home/ubuntu22/so_arm100_ws/install/so_arm100/share/so_arm100/package.bash'
[1.893s] INFO:colcon.colcon_core.shell:Creating package script '/home/ubuntu22/so_arm100_ws/install/so_arm100/share/so_arm100/package.zsh'
[1.894s] Level 1:colcon.colcon_core.environment:create_file_with_runtime_dependencies(/home/ubuntu22/so_arm100_ws/install/so_arm100/share/colcon-core/packages/so_arm100)
[1.894s] INFO:colcon.colcon_ros.task.ament_cmake.build:Building ROS package in '/home/ubuntu22/so_arm100_ws/so_arm100_moveit_config' with build type 'ament_cmake'
[1.894s] INFO:colcon.colcon_cmake.task.cmake.build:Building CMake package in '/home/ubuntu22/so_arm100_ws/so_arm100_moveit_config'
[1.894s] INFO:colcon.colcon_core.shell:Skip shell extension 'powershell' for command environment: Not usable outside of PowerShell
[1.894s] DEBUG:colcon.colcon_core.shell:Skip shell extension 'dsv' for command environment
[1.901s] DEBUG:colcon.colcon_core.event_handler.log_command:Invoking command in '/home/ubuntu22/so_arm100_ws/build/so_arm100_moveit_config': AMENT_PREFIX_PATH=/home/ubuntu22/so_arm100_ws/install/so_arm100:${AMENT_PREFIX_PATH} CMAKE_PREFIX_PATH=/home/ubuntu22/so_arm100_ws/install/so_arm100:/opt/ros/humble CONDA_PROMPT_MODIFIER=(base) LD_LIBRARY_PATH=/home/ubuntu22/so_arm100_ws/install/so_arm100/lib:${LD_LIBRARY_PATH} /home/ubuntu22/.local/bin/cmake /home/ubuntu22/so_arm100_ws/so_arm100_moveit_config -DCMAKE_INSTALL_PREFIX=/home/ubuntu22/so_arm100_ws/install/so_arm100_moveit_config
[2.502s] DEBUG:colcon.colcon_core.event_handler.log_command:Invoked command in '/home/ubuntu22/so_arm100_ws/build/so_arm100_moveit_config' returned '0': AMENT_PREFIX_PATH=/home/ubuntu22/so_arm100_ws/install/so_arm100:${AMENT_PREFIX_PATH} CMAKE_PREFIX_PATH=/home/ubuntu22/so_arm100_ws/install/so_arm100:/opt/ros/humble CONDA_PROMPT_MODIFIER=(base) LD_LIBRARY_PATH=/home/ubuntu22/so_arm100_ws/install/so_arm100/lib:${LD_LIBRARY_PATH} /home/ubuntu22/.local/bin/cmake /home/ubuntu22/so_arm100_ws/so_arm100_moveit_config -DCMAKE_INSTALL_PREFIX=/home/ubuntu22/so_arm100_ws/install/so_arm100_moveit_config
[2.503s] DEBUG:colcon.colcon_core.event_handler.log_command:Invoking command in '/home/ubuntu22/so_arm100_ws/build/so_arm100_moveit_config': AMENT_PREFIX_PATH=/home/ubuntu22/so_arm100_ws/install/so_arm100:${AMENT_PREFIX_PATH} CMAKE_PREFIX_PATH=/home/ubuntu22/so_arm100_ws/install/so_arm100:/opt/ros/humble CONDA_PROMPT_MODIFIER=(base) LD_LIBRARY_PATH=/home/ubuntu22/so_arm100_ws/install/so_arm100/lib:${LD_LIBRARY_PATH} /home/ubuntu22/.local/bin/cmake --build /home/ubuntu22/so_arm100_ws/build/so_arm100_moveit_config -- -j16 -l16
[2.559s] DEBUG:colcon.colcon_core.event_handler.log_command:Invoked command in '/home/ubuntu22/so_arm100_ws/build/so_arm100_moveit_config' returned '0': AMENT_PREFIX_PATH=/home/ubuntu22/so_arm100_ws/install/so_arm100:${AMENT_PREFIX_PATH} CMAKE_PREFIX_PATH=/home/ubuntu22/so_arm100_ws/install/so_arm100:/opt/ros/humble CONDA_PROMPT_MODIFIER=(base) LD_LIBRARY_PATH=/home/ubuntu22/so_arm100_ws/install/so_arm100/lib:${LD_LIBRARY_PATH} /home/ubuntu22/.local/bin/cmake --build /home/ubuntu22/so_arm100_ws/build/so_arm100_moveit_config -- -j16 -l16
[2.560s] DEBUG:colcon.colcon_core.event_handler.log_command:Invoking command in '/home/ubuntu22/so_arm100_ws/build/so_arm100_moveit_config': AMENT_PREFIX_PATH=/home/ubuntu22/so_arm100_ws/install/so_arm100:${AMENT_PREFIX_PATH} CMAKE_PREFIX_PATH=/home/ubuntu22/so_arm100_ws/install/so_arm100:/opt/ros/humble CONDA_PROMPT_MODIFIER=(base) LD_LIBRARY_PATH=/home/ubuntu22/so_arm100_ws/install/so_arm100/lib:${LD_LIBRARY_PATH} /home/ubuntu22/.local/bin/cmake --install /home/ubuntu22/so_arm100_ws/build/so_arm100_moveit_config
[2.609s] Level 1:colcon.colcon_core.environment:create_environment_scripts_only(so_arm100_moveit_config)
[2.609s] Level 1:colcon.colcon_core.environment:checking '/home/ubuntu22/so_arm100_ws/install/so_arm100_moveit_config' for CMake module files
[2.610s] DEBUG:colcon.colcon_core.event_handler.log_command:Invoked command in '/home/ubuntu22/so_arm100_ws/build/so_arm100_moveit_config' returned '0': AMENT_PREFIX_PATH=/home/ubuntu22/so_arm100_ws/install/so_arm100:${AMENT_PREFIX_PATH} CMAKE_PREFIX_PATH=/home/ubuntu22/so_arm100_ws/install/so_arm100:/opt/ros/humble CONDA_PROMPT_MODIFIER=(base) LD_LIBRARY_PATH=/home/ubuntu22/so_arm100_ws/install/so_arm100/lib:${LD_LIBRARY_PATH} /home/ubuntu22/.local/bin/cmake --install /home/ubuntu22/so_arm100_ws/build/so_arm100_moveit_config
[2.610s] Level 1:colcon.colcon_core.environment:checking '/home/ubuntu22/so_arm100_ws/install/so_arm100_moveit_config' for CMake config files
[2.610s] Level 1:colcon.colcon_core.shell:create_environment_hook('so_arm100_moveit_config', 'cmake_prefix_path')
[2.610s] INFO:colcon.colcon_core.shell:Creating environment hook '/home/ubuntu22/so_arm100_ws/install/so_arm100_moveit_config/share/so_arm100_moveit_config/hook/cmake_prefix_path.ps1'
[2.610s] INFO:colcon.colcon_core.shell:Creating environment descriptor '/home/ubuntu22/so_arm100_ws/install/so_arm100_moveit_config/share/so_arm100_moveit_config/hook/cmake_prefix_path.dsv'
[2.610s] INFO:colcon.colcon_core.shell:Creating environment hook '/home/ubuntu22/so_arm100_ws/install/so_arm100_moveit_config/share/so_arm100_moveit_config/hook/cmake_prefix_path.sh'
[2.611s] Level 1:colcon.colcon_core.environment:checking '/home/ubuntu22/so_arm100_ws/install/so_arm100_moveit_config/lib'
[2.611s] Level 1:colcon.colcon_core.environment:checking '/home/ubuntu22/so_arm100_ws/install/so_arm100_moveit_config/bin'
[2.611s] Level 1:colcon.colcon_core.environment:checking '/home/ubuntu22/so_arm100_ws/install/so_arm100_moveit_config/lib/pkgconfig/so_arm100_moveit_config.pc'
[2.611s] Level 1:colcon.colcon_core.environment:checking '/home/ubuntu22/so_arm100_ws/install/so_arm100_moveit_config/lib/python3.10/site-packages'
[2.611s] Level 1:colcon.colcon_core.environment:checking '/home/ubuntu22/so_arm100_ws/install/so_arm100_moveit_config/bin'
[2.611s] INFO:colcon.colcon_core.shell:Creating package script '/home/ubuntu22/so_arm100_ws/install/so_arm100_moveit_config/share/so_arm100_moveit_config/package.ps1'
[2.612s] INFO:colcon.colcon_core.shell:Creating package descriptor '/home/ubuntu22/so_arm100_ws/install/so_arm100_moveit_config/share/so_arm100_moveit_config/package.dsv'
[2.612s] INFO:colcon.colcon_core.shell:Creating package script '/home/ubuntu22/so_arm100_ws/install/so_arm100_moveit_config/share/so_arm100_moveit_config/package.sh'
[2.612s] INFO:colcon.colcon_core.shell:Creating package script '/home/ubuntu22/so_arm100_ws/install/so_arm100_moveit_config/share/so_arm100_moveit_config/package.bash'
[2.612s] INFO:colcon.colcon_core.shell:Creating package script '/home/ubuntu22/so_arm100_ws/install/so_arm100_moveit_config/share/so_arm100_moveit_config/package.zsh'
[2.612s] Level 1:colcon.colcon_core.environment:create_file_with_runtime_dependencies(/home/ubuntu22/so_arm100_ws/install/so_arm100_moveit_config/share/colcon-core/packages/so_arm100_moveit_config)
[2.613s] Level 1:colcon.colcon_core.environment:create_environment_scripts_only(so_arm100_moveit_config)
[2.613s] Level 1:colcon.colcon_core.environment:checking '/home/ubuntu22/so_arm100_ws/install/so_arm100_moveit_config' for CMake module files
[2.613s] Level 1:colcon.colcon_core.environment:checking '/home/ubuntu22/so_arm100_ws/install/so_arm100_moveit_config' for CMake config files
[2.613s] Level 1:colcon.colcon_core.shell:create_environment_hook('so_arm100_moveit_config', 'cmake_prefix_path')
[2.613s] INFO:colcon.colcon_core.shell:Creating environment hook '/home/ubuntu22/so_arm100_ws/install/so_arm100_moveit_config/share/so_arm100_moveit_config/hook/cmake_prefix_path.ps1'
[2.613s] INFO:colcon.colcon_core.shell:Creating environment descriptor '/home/ubuntu22/so_arm100_ws/install/so_arm100_moveit_config/share/so_arm100_moveit_config/hook/cmake_prefix_path.dsv'
[2.613s] INFO:colcon.colcon_core.shell:Creating environment hook '/home/ubuntu22/so_arm100_ws/install/so_arm100_moveit_config/share/so_arm100_moveit_config/hook/cmake_prefix_path.sh'
[2.614s] Level 1:colcon.colcon_core.environment:checking '/home/ubuntu22/so_arm100_ws/install/so_arm100_moveit_config/lib'
[2.614s] Level 1:colcon.colcon_core.environment:checking '/home/ubuntu22/so_arm100_ws/install/so_arm100_moveit_config/bin'
[2.614s] Level 1:colcon.colcon_core.environment:checking '/home/ubuntu22/so_arm100_ws/install/so_arm100_moveit_config/lib/pkgconfig/so_arm100_moveit_config.pc'
[2.614s] Level 1:colcon.colcon_core.environment:checking '/home/ubuntu22/so_arm100_ws/install/so_arm100_moveit_config/lib/python3.10/site-packages'
[2.614s] Level 1:colcon.colcon_core.environment:checking '/home/ubuntu22/so_arm100_ws/install/so_arm100_moveit_config/bin'
[2.614s] INFO:colcon.colcon_core.shell:Creating package script '/home/ubuntu22/so_arm100_ws/install/so_arm100_moveit_config/share/so_arm100_moveit_config/package.ps1'
[2.614s] INFO:colcon.colcon_core.shell:Creating package descriptor '/home/ubuntu22/so_arm100_ws/install/so_arm100_moveit_config/share/so_arm100_moveit_config/package.dsv'
[2.615s] INFO:colcon.colcon_core.shell:Creating package script '/home/ubuntu22/so_arm100_ws/install/so_arm100_moveit_config/share/so_arm100_moveit_config/package.sh'
[2.615s] INFO:colcon.colcon_core.shell:Creating package script '/home/ubuntu22/so_arm100_ws/install/so_arm100_moveit_config/share/so_arm100_moveit_config/package.bash'
[2.615s] INFO:colcon.colcon_core.shell:Creating package script '/home/ubuntu22/so_arm100_ws/install/so_arm100_moveit_config/share/so_arm100_moveit_config/package.zsh'
[2.615s] Level 1:colcon.colcon_core.environment:create_file_with_runtime_dependencies(/home/ubuntu22/so_arm100_ws/install/so_arm100_moveit_config/share/colcon-core/packages/so_arm100_moveit_config)
[2.615s] DEBUG:colcon.colcon_parallel_executor.executor.parallel:closing loop
[2.616s] DEBUG:colcon.colcon_parallel_executor.executor.parallel:loop closed
[2.616s] DEBUG:colcon.colcon_parallel_executor.executor.parallel:run_until_complete finished with '0'
[2.616s] DEBUG:colcon.colcon_core.event_reactor:joining thread
[2.618s] INFO:colcon.colcon_core.plugin_system:Skipping extension 'colcon_notification.desktop_notification.terminal_notifier': Not used on non-Darwin systems
[2.618s] INFO:colcon.colcon_core.plugin_system:Skipping extension 'colcon_notification.desktop_notification.win32': Not used on non-Windows systems
[2.619s] INFO:colcon.colcon_notification.desktop_notification:Sending desktop notification using 'notify2'
[2.629s] DEBUG:colcon.colcon_core.event_reactor:joined thread
[2.629s] INFO:colcon.colcon_core.shell:Creating prefix script '/home/ubuntu22/so_arm100_ws/install/local_setup.ps1'
[2.630s] INFO:colcon.colcon_core.shell:Creating prefix util module '/home/ubuntu22/so_arm100_ws/install/_local_setup_util_ps1.py'
[2.631s] INFO:colcon.colcon_core.shell:Creating prefix chain script '/home/ubuntu22/so_arm100_ws/install/setup.ps1'
[2.632s] INFO:colcon.colcon_core.shell:Creating prefix script '/home/ubuntu22/so_arm100_ws/install/local_setup.sh'
[2.632s] INFO:colcon.colcon_core.shell:Creating prefix util module '/home/ubuntu22/so_arm100_ws/install/_local_setup_util_sh.py'
[2.632s] INFO:colcon.colcon_core.shell:Creating prefix chain script '/home/ubuntu22/so_arm100_ws/install/setup.sh'
[2.633s] INFO:colcon.colcon_core.shell:Creating prefix script '/home/ubuntu22/so_arm100_ws/install/local_setup.bash'
[2.633s] INFO:colcon.colcon_core.shell:Creating prefix chain script '/home/ubuntu22/so_arm100_ws/install/setup.bash'
[2.634s] INFO:colcon.colcon_core.shell:Creating prefix script '/home/ubuntu22/so_arm100_ws/install/local_setup.zsh'
[2.634s] INFO:colcon.colcon_core.shell:Creating prefix chain script '/home/ubuntu22/so_arm100_ws/install/setup.zsh'
