CMake Deprecation Warning at CMakeLists.txt:1 (cmake_minimum_required):
  Compatibility with CMake < 3.10 will be removed from a future version of
  CMake.

  Update the VERSION argument <min> value or use a ...<max> suffix to tell
  CMake that the project does not need compatibility with older versions.


-- Found ament_cmake: 1.3.11 (/opt/ros/humble/share/ament_cmake/cmake)
-- Override CMake install command with custom implementation using symlinks instead of copying resources
-- Found rclcpp: 16.0.11 (/opt/ros/humble/share/rclcpp/cmake)
-- Found rosidl_generator_c: 3.1.6 (/opt/ros/humble/share/rosidl_generator_c/cmake)
-- Found rosidl_adapter: 3.1.6 (/opt/ros/humble/share/rosidl_adapter/cmake)
-- Found rosidl_generator_cpp: 3.1.6 (/opt/ros/humble/share/rosidl_generator_cpp/cmake)
-- Using all available rosidl_typesupport_c: rosidl_typesupport_fastrtps_c;rosidl_typesupport_introspection_c
-- Using all available rosidl_typesupport_cpp: rosidl_typesupport_fastrtps_cpp;rosidl_typesupport_introspection_cpp
-- Found rmw_implementation_cmake: 6.1.2 (/opt/ros/humble/share/rmw_implementation_cmake/cmake)
-- Found rmw_fastrtps_cpp: 6.2.7 (/opt/ros/humble/share/rmw_fastrtps_cpp/cmake)
-- Using RMW implementation 'rmw_fastrtps_cpp' as default
-- Found rclcpp_lifecycle: 16.0.11 (/opt/ros/humble/share/rclcpp_lifecycle/cmake)
-- Configuring done (0.4s)
-- Generating done (0.0s)
-- Build files have been written to: /home/ubuntu22/ros2_so_arm100/build/so_arm100
[ 50%] Building CXX object CMakeFiles/so_arm100.dir/src/feetech.cpp.o
/home/ubuntu22/ros2_so_arm100/so_arm100/src/feetech.cpp: In constructor ‘FeetechMotorsBus::Impl::Impl(const string&, const std::map<std::__cxx11::basic_string<char>, std::pair<int, std::__cxx11::basic_string<char> > >&)’:
/home/ubuntu22/ros2_so_arm100/so_arm100/src/feetech.cpp:198:17: warning: ‘FeetechMotorsBus::Impl::port_’ will be initialized after [-Wreorder]
  198 |     std::string port_;
      |                 ^~~~~
/home/ubuntu22/ros2_so_arm100/so_arm100/src/feetech.cpp:12:56: warning:   ‘std::map<std::__cxx11::basic_string<char>, std::pair<int, std::__cxx11::basic_string<char> > > FeetechMotorsBus::Impl::motors_’ [-Wreorder]
   12 |     std::map<std::string, std::pair<int, std::string>> motors_;
      |                                                        ^~~~~~~
/home/ubuntu22/ros2_so_arm100/so_arm100/src/feetech.cpp:14:5: warning:   when initialized here [-Wreorder]
   14 |     Impl(const std::string& port,
      |     ^~~~
/home/ubuntu22/ros2_so_arm100/so_arm100/src/feetech.cpp:12:56: warning: ‘FeetechMotorsBus::Impl::motors_’ will be initialized after [-Wreorder]
   12 |     std::map<std::string, std::pair<int, std::string>> motors_;
      |                                                        ^~~~~~~
/home/ubuntu22/ros2_so_arm100/so_arm100/src/feetech.cpp:11:9: warning:   ‘int FeetechMotorsBus::Impl::fd_’ [-Wreorder]
   11 |     int fd_;
      |         ^~~
/home/ubuntu22/ros2_so_arm100/so_arm100/src/feetech.cpp:14:5: warning:   when initialized here [-Wreorder]
   14 |     Impl(const std::string& port,
      |     ^~~~
[100%] Linking CXX shared library libso_arm100.so
[100%] Built target so_arm100
-- Install configuration: ""
-- Execute custom install script
-- Symlinking: /home/ubuntu22/ros2_so_arm100/install/so_arm100/include/motors/feetech.hpp
-- Up-to-date symlink: /home/ubuntu22/ros2_so_arm100/install/so_arm100/share/so_arm100/urdf/so_arm100.csv
-- Up-to-date symlink: /home/ubuntu22/ros2_so_arm100/install/so_arm100/share/so_arm100/urdf/so_arm100.urdf
-- Up-to-date symlink: /home/ubuntu22/ros2_so_arm100/install/so_arm100/share/so_arm100/urdf/so_arm100.urdf.xacro
-- Up-to-date symlink: /home/ubuntu22/ros2_so_arm100/install/so_arm100/share/so_arm100/urdf/so_arm100_control.urdf.xacro
-- Up-to-date symlink: /home/ubuntu22/ros2_so_arm100/install/so_arm100/share/so_arm100/urdf/so_arm100_macro.xacro
-- Up-to-date symlink: /home/ubuntu22/ros2_so_arm100/install/so_arm100/share/so_arm100/config/joint_names_so_arm100.yaml
-- Up-to-date symlink: /home/ubuntu22/ros2_so_arm100/install/so_arm100/share/so_arm100/config/urdf.rviz
-- Up-to-date symlink: /home/ubuntu22/ros2_so_arm100/install/so_arm100/lib/libso_arm100.so
-- Up-to-date symlink: /home/ubuntu22/ros2_so_arm100/install/so_arm100/share/so_arm100/environment/library_path.sh
-- Up-to-date symlink: /home/ubuntu22/ros2_so_arm100/install/so_arm100/share/so_arm100/environment/library_path.dsv
-- Up-to-date symlink: /home/ubuntu22/ros2_so_arm100/install/so_arm100/share/ament_index/resource_index/package_run_dependencies/so_arm100
-- Up-to-date symlink: /home/ubuntu22/ros2_so_arm100/install/so_arm100/share/ament_index/resource_index/parent_prefix_path/so_arm100
-- Up-to-date symlink: /home/ubuntu22/ros2_so_arm100/install/so_arm100/share/so_arm100/environment/ament_prefix_path.sh
-- Up-to-date symlink: /home/ubuntu22/ros2_so_arm100/install/so_arm100/share/so_arm100/environment/ament_prefix_path.dsv
-- Up-to-date symlink: /home/ubuntu22/ros2_so_arm100/install/so_arm100/share/so_arm100/environment/path.sh
-- Up-to-date symlink: /home/ubuntu22/ros2_so_arm100/install/so_arm100/share/so_arm100/environment/path.dsv
-- Up-to-date symlink: /home/ubuntu22/ros2_so_arm100/install/so_arm100/share/so_arm100/local_setup.bash
-- Up-to-date symlink: /home/ubuntu22/ros2_so_arm100/install/so_arm100/share/so_arm100/local_setup.sh
-- Up-to-date symlink: /home/ubuntu22/ros2_so_arm100/install/so_arm100/share/so_arm100/local_setup.zsh
-- Up-to-date symlink: /home/ubuntu22/ros2_so_arm100/install/so_arm100/share/so_arm100/local_setup.dsv
-- Symlinking: /home/ubuntu22/ros2_so_arm100/install/so_arm100/share/so_arm100/package.dsv
-- Up-to-date symlink: /home/ubuntu22/ros2_so_arm100/install/so_arm100/share/ament_index/resource_index/packages/so_arm100
-- Up-to-date symlink: /home/ubuntu22/ros2_so_arm100/install/so_arm100/share/so_arm100/cmake/ament_cmake_export_include_directories-extras.cmake
-- Up-to-date symlink: /home/ubuntu22/ros2_so_arm100/install/so_arm100/share/so_arm100/cmake/ament_cmake_export_libraries-extras.cmake
-- Up-to-date symlink: /home/ubuntu22/ros2_so_arm100/install/so_arm100/share/so_arm100/cmake/ament_cmake_export_dependencies-extras.cmake
-- Up-to-date symlink: /home/ubuntu22/ros2_so_arm100/install/so_arm100/share/so_arm100/cmake/so_arm100Config.cmake
-- Up-to-date symlink: /home/ubuntu22/ros2_so_arm100/install/so_arm100/share/so_arm100/cmake/so_arm100Config-version.cmake
-- Up-to-date symlink: /home/ubuntu22/ros2_so_arm100/install/so_arm100/share/so_arm100/package.xml
