[0.006s] Invoking command in '/home/ubuntu22/ros2_so_arm100/build/so_arm100': CMAKE_PREFIX_PATH=/opt/ros/humble CONDA_PROMPT_MODIFIER=(base) /home/ubuntu22/.local/bin/cmake /home/ubuntu22/ros2_so_arm100/so_arm100 -DCMAKE_INSTALL_PREFIX=/home/ubuntu22/ros2_so_arm100/install/so_arm100
[0.054s] CMake Deprecation Warning at CMakeLists.txt:1 (cmake_minimum_required):
[0.054s]   Compatibility with CMake < 3.10 will be removed from a future version of
[0.054s]   CMake.
[0.054s] 
[0.054s]   Update the VERSION argument <min> value or use a ...<max> suffix to tell
[0.054s]   CMake that the project does not need compatibility with older versions.
[0.054s] 
[0.054s] 
[0.062s] -- Found ament_cmake: 1.3.11 (/opt/ros/humble/share/ament_cmake/cmake)
[0.210s] -- Override CMake install command with custom implementation using symlinks instead of copying resources
[0.215s] -- Found rclcpp: 16.0.11 (/opt/ros/humble/share/rclcpp/cmake)
[0.237s] -- Found rosidl_generator_c: 3.1.6 (/opt/ros/humble/share/rosidl_generator_c/cmake)
[0.238s] -- Found rosidl_adapter: 3.1.6 (/opt/ros/humble/share/rosidl_adapter/cmake)
[0.243s] -- Found rosidl_generator_cpp: 3.1.6 (/opt/ros/humble/share/rosidl_generator_cpp/cmake)
[0.250s] -- Using all available rosidl_typesupport_c: rosidl_typesupport_fastrtps_c;rosidl_typesupport_introspection_c
[0.260s] -- Using all available rosidl_typesupport_cpp: rosidl_typesupport_fastrtps_cpp;rosidl_typesupport_introspection_cpp
[0.286s] -- Found rmw_implementation_cmake: 6.1.2 (/opt/ros/humble/share/rmw_implementation_cmake/cmake)
[0.286s] -- Found rmw_fastrtps_cpp: 6.2.7 (/opt/ros/humble/share/rmw_fastrtps_cpp/cmake)
[0.360s] -- Using RMW implementation 'rmw_fastrtps_cpp' as default
[0.404s] -- Found rclcpp_lifecycle: 16.0.11 (/opt/ros/humble/share/rclcpp_lifecycle/cmake)
[0.482s] -- Configuring done (0.4s)
[0.490s] -- Generating done (0.0s)
[0.491s] -- Build files have been written to: /home/ubuntu22/ros2_so_arm100/build/so_arm100
[0.496s] Invoked command in '/home/ubuntu22/ros2_so_arm100/build/so_arm100' returned '0': CMAKE_PREFIX_PATH=/opt/ros/humble CONDA_PROMPT_MODIFIER=(base) /home/ubuntu22/.local/bin/cmake /home/ubuntu22/ros2_so_arm100/so_arm100 -DCMAKE_INSTALL_PREFIX=/home/ubuntu22/ros2_so_arm100/install/so_arm100
[0.497s] Invoking command in '/home/ubuntu22/ros2_so_arm100/build/so_arm100': CMAKE_PREFIX_PATH=/opt/ros/humble CONDA_PROMPT_MODIFIER=(base) /home/ubuntu22/.local/bin/cmake --build /home/ubuntu22/ros2_so_arm100/build/so_arm100 -- -j16 -l16
[0.567s] [ 50%] Building CXX object CMakeFiles/so_arm100.dir/src/feetech.cpp.o
[0.806s] /home/ubuntu22/ros2_so_arm100/so_arm100/src/feetech.cpp: In constructor ‘FeetechMotorsBus::Impl::Impl(const string&, const std::map<std::__cxx11::basic_string<char>, std::pair<int, std::__cxx11::basic_string<char> > >&)’:
[0.806s] /home/ubuntu22/ros2_so_arm100/so_arm100/src/feetech.cpp:198:17: warning: ‘FeetechMotorsBus::Impl::port_’ will be initialized after [-Wreorder]
[0.806s]   198 |     std::string port_;
[0.806s]       |                 ^~~~~
[0.806s] /home/ubuntu22/ros2_so_arm100/so_arm100/src/feetech.cpp:12:56: warning:   ‘std::map<std::__cxx11::basic_string<char>, std::pair<int, std::__cxx11::basic_string<char> > > FeetechMotorsBus::Impl::motors_’ [-Wreorder]
[0.806s]    12 |     std::map<std::string, std::pair<int, std::string>> motors_;
[0.806s]       |                                                        ^~~~~~~
[0.806s] /home/ubuntu22/ros2_so_arm100/so_arm100/src/feetech.cpp:14:5: warning:   when initialized here [-Wreorder]
[0.806s]    14 |     Impl(const std::string& port,
[0.806s]       |     ^~~~
[0.806s] /home/ubuntu22/ros2_so_arm100/so_arm100/src/feetech.cpp:12:56: warning: ‘FeetechMotorsBus::Impl::motors_’ will be initialized after [-Wreorder]
[0.807s]    12 |     std::map<std::string, std::pair<int, std::string>> motors_;
[0.807s]       |                                                        ^~~~~~~
[0.807s] /home/ubuntu22/ros2_so_arm100/so_arm100/src/feetech.cpp:11:9: warning:   ‘int FeetechMotorsBus::Impl::fd_’ [-Wreorder]
[0.807s]    11 |     int fd_;
[0.807s]       |         ^~~
[0.807s] /home/ubuntu22/ros2_so_arm100/so_arm100/src/feetech.cpp:14:5: warning:   when initialized here [-Wreorder]
[0.807s]    14 |     Impl(const std::string& port,
[0.807s]       |     ^~~~
[0.947s] [100%] Linking CXX shared library libso_arm100.so
[1.008s] [100%] Built target so_arm100
[1.011s] Invoked command in '/home/ubuntu22/ros2_so_arm100/build/so_arm100' returned '0': CMAKE_PREFIX_PATH=/opt/ros/humble CONDA_PROMPT_MODIFIER=(base) /home/ubuntu22/.local/bin/cmake --build /home/ubuntu22/ros2_so_arm100/build/so_arm100 -- -j16 -l16
[1.060s] Invoking command in '/home/ubuntu22/ros2_so_arm100/build/so_arm100': CMAKE_PREFIX_PATH=/opt/ros/humble CONDA_PROMPT_MODIFIER=(base) /home/ubuntu22/.local/bin/cmake --install /home/ubuntu22/ros2_so_arm100/build/so_arm100
[1.113s] -- Install configuration: ""
[1.113s] -- Execute custom install script
[1.114s] -- Symlinking: /home/ubuntu22/ros2_so_arm100/install/so_arm100/include/motors/feetech.hpp
[1.117s] -- Up-to-date symlink: /home/ubuntu22/ros2_so_arm100/install/so_arm100/share/so_arm100/urdf/so_arm100.csv
[1.117s] -- Up-to-date symlink: /home/ubuntu22/ros2_so_arm100/install/so_arm100/share/so_arm100/urdf/so_arm100.urdf
[1.117s] -- Up-to-date symlink: /home/ubuntu22/ros2_so_arm100/install/so_arm100/share/so_arm100/urdf/so_arm100.urdf.xacro
[1.117s] -- Up-to-date symlink: /home/ubuntu22/ros2_so_arm100/install/so_arm100/share/so_arm100/urdf/so_arm100_control.urdf.xacro
[1.117s] -- Up-to-date symlink: /home/ubuntu22/ros2_so_arm100/install/so_arm100/share/so_arm100/urdf/so_arm100_macro.xacro
[1.117s] -- Up-to-date symlink: /home/ubuntu22/ros2_so_arm100/install/so_arm100/share/so_arm100/config/joint_names_so_arm100.yaml
[1.117s] -- Up-to-date symlink: /home/ubuntu22/ros2_so_arm100/install/so_arm100/share/so_arm100/config/urdf.rviz
[1.117s] -- Up-to-date symlink: /home/ubuntu22/ros2_so_arm100/install/so_arm100/lib/libso_arm100.so
[1.117s] -- Up-to-date symlink: /home/ubuntu22/ros2_so_arm100/install/so_arm100/share/so_arm100/environment/library_path.sh
[1.117s] -- Up-to-date symlink: /home/ubuntu22/ros2_so_arm100/install/so_arm100/share/so_arm100/environment/library_path.dsv
[1.118s] -- Up-to-date symlink: /home/ubuntu22/ros2_so_arm100/install/so_arm100/share/ament_index/resource_index/package_run_dependencies/so_arm100
[1.118s] -- Up-to-date symlink: /home/ubuntu22/ros2_so_arm100/install/so_arm100/share/ament_index/resource_index/parent_prefix_path/so_arm100
[1.118s] -- Up-to-date symlink: /home/ubuntu22/ros2_so_arm100/install/so_arm100/share/so_arm100/environment/ament_prefix_path.sh
[1.118s] -- Up-to-date symlink: /home/ubuntu22/ros2_so_arm100/install/so_arm100/share/so_arm100/environment/ament_prefix_path.dsv
[1.118s] -- Up-to-date symlink: /home/ubuntu22/ros2_so_arm100/install/so_arm100/share/so_arm100/environment/path.sh
[1.118s] -- Up-to-date symlink: /home/ubuntu22/ros2_so_arm100/install/so_arm100/share/so_arm100/environment/path.dsv
[1.118s] -- Up-to-date symlink: /home/ubuntu22/ros2_so_arm100/install/so_arm100/share/so_arm100/local_setup.bash
[1.118s] -- Up-to-date symlink: /home/ubuntu22/ros2_so_arm100/install/so_arm100/share/so_arm100/local_setup.sh
[1.118s] -- Up-to-date symlink: /home/ubuntu22/ros2_so_arm100/install/so_arm100/share/so_arm100/local_setup.zsh
[1.118s] -- Up-to-date symlink: /home/ubuntu22/ros2_so_arm100/install/so_arm100/share/so_arm100/local_setup.dsv
[1.118s] -- Symlinking: /home/ubuntu22/ros2_so_arm100/install/so_arm100/share/so_arm100/package.dsv
[1.121s] -- Up-to-date symlink: /home/ubuntu22/ros2_so_arm100/install/so_arm100/share/ament_index/resource_index/packages/so_arm100
[1.121s] -- Up-to-date symlink: /home/ubuntu22/ros2_so_arm100/install/so_arm100/share/so_arm100/cmake/ament_cmake_export_include_directories-extras.cmake
[1.121s] -- Up-to-date symlink: /home/ubuntu22/ros2_so_arm100/install/so_arm100/share/so_arm100/cmake/ament_cmake_export_libraries-extras.cmake
[1.121s] -- Up-to-date symlink: /home/ubuntu22/ros2_so_arm100/install/so_arm100/share/so_arm100/cmake/ament_cmake_export_dependencies-extras.cmake
[1.121s] -- Up-to-date symlink: /home/ubuntu22/ros2_so_arm100/install/so_arm100/share/so_arm100/cmake/so_arm100Config.cmake
[1.121s] -- Up-to-date symlink: /home/ubuntu22/ros2_so_arm100/install/so_arm100/share/so_arm100/cmake/so_arm100Config-version.cmake
[1.122s] -- Up-to-date symlink: /home/ubuntu22/ros2_so_arm100/install/so_arm100/share/so_arm100/package.xml
[1.122s] Invoked command in '/home/ubuntu22/ros2_so_arm100/build/so_arm100' returned '0': CMAKE_PREFIX_PATH=/opt/ros/humble CONDA_PROMPT_MODIFIER=(base) /home/ubuntu22/.local/bin/cmake --install /home/ubuntu22/ros2_so_arm100/build/so_arm100
