[0.062s] DEBUG:colcon:Command line arguments: ['/usr/bin/colcon', 'build', '--symlink-install']
[0.062s] DEBUG:colcon:Parsed command line arguments: Namespace(log_base=None, log_level=None, verb_name='build', build_base='build', install_base='install', merge_install=False, symlink_install=True, test_result_base=None, continue_on_error=False, executor='parallel', parallel_workers=16, event_handlers=None, ignore_user_meta=False, metas=['./colcon.meta'], base_paths=['.'], packages_ignore=None, packages_ignore_regex=None, paths=None, packages_up_to=None, packages_up_to_regex=None, packages_above=None, packages_above_and_dependencies=None, packages_above_depth=None, packages_select_by_dep=None, packages_skip_by_dep=None, packages_skip_up_to=None, packages_select_build_failed=False, packages_skip_build_finished=False, packages_select_test_failures=False, packages_skip_test_passed=False, packages_select=None, packages_skip=None, packages_select_regex=None, packages_skip_regex=None, packages_start=None, packages_end=None, allow_overriding=[], cmake_args=None, cmake_target=None, cmake_target_skip_unavailable=False, cmake_clean_cache=False, cmake_clean_first=False, cmake_force_configure=False, ament_cmake_args=None, catkin_cmake_args=None, catkin_skip_building_tests=False, verb_parser=<colcon_defaults.argument_parser.defaults.DefaultArgumentsDecorator object at 0x756b3ee5e530>, verb_extension=<colcon_core.verb.build.BuildVerb object at 0x756b3ee5e020>, main=<bound method BuildVerb.main of <colcon_core.verb.build.BuildVerb object at 0x756b3ee5e020>>)
[0.175s] Level 1:colcon.colcon_core.package_discovery:discover_packages(colcon_meta) check parameters
[0.175s] Level 1:colcon.colcon_core.package_discovery:discover_packages(recursive) check parameters
[0.175s] Level 1:colcon.colcon_core.package_discovery:discover_packages(ignore) check parameters
[0.175s] Level 1:colcon.colcon_core.package_discovery:discover_packages(path) check parameters
[0.175s] Level 1:colcon.colcon_core.package_discovery:discover_packages(colcon_meta) discover
[0.175s] Level 1:colcon.colcon_core.package_discovery:discover_packages(recursive) discover
[0.175s] INFO:colcon.colcon_core.package_discovery:Crawling recursively for packages in '/home/ubuntu22/ros2_so_arm100'
[0.175s] Level 1:colcon.colcon_core.package_identification:_identify(.) by extensions ['ignore', 'ignore_ament_install']
[0.175s] Level 1:colcon.colcon_core.package_identification:_identify(.) by extension 'ignore'
[0.175s] Level 1:colcon.colcon_core.package_identification:_identify(.) by extension 'ignore_ament_install'
[0.175s] Level 1:colcon.colcon_core.package_identification:_identify(.) by extensions ['colcon_pkg']
[0.175s] Level 1:colcon.colcon_core.package_identification:_identify(.) by extension 'colcon_pkg'
[0.175s] Level 1:colcon.colcon_core.package_identification:_identify(.) by extensions ['colcon_meta']
[0.175s] Level 1:colcon.colcon_core.package_identification:_identify(.) by extension 'colcon_meta'
[0.175s] Level 1:colcon.colcon_core.package_identification:_identify(.) by extensions ['ros']
[0.175s] Level 1:colcon.colcon_core.package_identification:_identify(.) by extension 'ros'
[0.194s] Level 1:colcon.colcon_core.package_identification:_identify(.) by extensions ['cmake', 'python']
[0.194s] Level 1:colcon.colcon_core.package_identification:_identify(.) by extension 'cmake'
[0.194s] Level 1:colcon.colcon_core.package_identification:_identify(.) by extension 'python'
[0.194s] Level 1:colcon.colcon_core.package_identification:_identify(.) by extensions ['python_setup_py']
[0.194s] Level 1:colcon.colcon_core.package_identification:_identify(.) by extension 'python_setup_py'
[0.195s] Level 1:colcon.colcon_core.package_identification:_identify(build) by extensions ['ignore', 'ignore_ament_install']
[0.195s] Level 1:colcon.colcon_core.package_identification:_identify(build) by extension 'ignore'
[0.195s] Level 1:colcon.colcon_core.package_identification:_identify(build) ignored
[0.195s] Level 1:colcon.colcon_core.package_identification:_identify(docs) by extensions ['ignore', 'ignore_ament_install']
[0.195s] Level 1:colcon.colcon_core.package_identification:_identify(docs) by extension 'ignore'
[0.195s] Level 1:colcon.colcon_core.package_identification:_identify(docs) by extension 'ignore_ament_install'
[0.195s] Level 1:colcon.colcon_core.package_identification:_identify(docs) by extensions ['colcon_pkg']
[0.195s] Level 1:colcon.colcon_core.package_identification:_identify(docs) by extension 'colcon_pkg'
[0.195s] Level 1:colcon.colcon_core.package_identification:_identify(docs) by extensions ['colcon_meta']
[0.195s] Level 1:colcon.colcon_core.package_identification:_identify(docs) by extension 'colcon_meta'
[0.195s] Level 1:colcon.colcon_core.package_identification:_identify(docs) by extensions ['ros']
[0.195s] Level 1:colcon.colcon_core.package_identification:_identify(docs) by extension 'ros'
[0.195s] Level 1:colcon.colcon_core.package_identification:_identify(docs) by extensions ['cmake', 'python']
[0.195s] Level 1:colcon.colcon_core.package_identification:_identify(docs) by extension 'cmake'
[0.195s] Level 1:colcon.colcon_core.package_identification:_identify(docs) by extension 'python'
[0.195s] Level 1:colcon.colcon_core.package_identification:_identify(docs) by extensions ['python_setup_py']
[0.195s] Level 1:colcon.colcon_core.package_identification:_identify(docs) by extension 'python_setup_py'
[0.195s] Level 1:colcon.colcon_core.package_identification:_identify(install) by extensions ['ignore', 'ignore_ament_install']
[0.195s] Level 1:colcon.colcon_core.package_identification:_identify(install) by extension 'ignore'
[0.195s] Level 1:colcon.colcon_core.package_identification:_identify(install) ignored
[0.195s] Level 1:colcon.colcon_core.package_identification:_identify(log) by extensions ['ignore', 'ignore_ament_install']
[0.195s] Level 1:colcon.colcon_core.package_identification:_identify(log) by extension 'ignore'
[0.195s] Level 1:colcon.colcon_core.package_identification:_identify(log) ignored
[0.195s] Level 1:colcon.colcon_core.package_identification:_identify(so_arm100) by extensions ['ignore', 'ignore_ament_install']
[0.195s] Level 1:colcon.colcon_core.package_identification:_identify(so_arm100) by extension 'ignore'
[0.195s] Level 1:colcon.colcon_core.package_identification:_identify(so_arm100) by extension 'ignore_ament_install'
[0.195s] Level 1:colcon.colcon_core.package_identification:_identify(so_arm100) by extensions ['colcon_pkg']
[0.195s] Level 1:colcon.colcon_core.package_identification:_identify(so_arm100) by extension 'colcon_pkg'
[0.195s] Level 1:colcon.colcon_core.package_identification:_identify(so_arm100) by extensions ['colcon_meta']
[0.195s] Level 1:colcon.colcon_core.package_identification:_identify(so_arm100) by extension 'colcon_meta'
[0.195s] Level 1:colcon.colcon_core.package_identification:_identify(so_arm100) by extensions ['ros']
[0.195s] Level 1:colcon.colcon_core.package_identification:_identify(so_arm100) by extension 'ros'
[0.197s] DEBUG:colcon.colcon_core.package_identification:Package 'so_arm100' with type 'ros.ament_cmake' and name 'so_arm100'
[0.197s] Level 1:colcon.colcon_core.package_identification:_identify(so_arm100_moveit_config) by extensions ['ignore', 'ignore_ament_install']
[0.197s] Level 1:colcon.colcon_core.package_identification:_identify(so_arm100_moveit_config) by extension 'ignore'
[0.197s] Level 1:colcon.colcon_core.package_identification:_identify(so_arm100_moveit_config) by extension 'ignore_ament_install'
[0.197s] Level 1:colcon.colcon_core.package_identification:_identify(so_arm100_moveit_config) by extensions ['colcon_pkg']
[0.197s] Level 1:colcon.colcon_core.package_identification:_identify(so_arm100_moveit_config) by extension 'colcon_pkg'
[0.197s] Level 1:colcon.colcon_core.package_identification:_identify(so_arm100_moveit_config) by extensions ['colcon_meta']
[0.197s] Level 1:colcon.colcon_core.package_identification:_identify(so_arm100_moveit_config) by extension 'colcon_meta'
[0.197s] Level 1:colcon.colcon_core.package_identification:_identify(so_arm100_moveit_config) by extensions ['ros']
[0.197s] Level 1:colcon.colcon_core.package_identification:_identify(so_arm100_moveit_config) by extension 'ros'
[0.198s] DEBUG:colcon.colcon_core.package_identification:Package 'so_arm100_moveit_config' with type 'ros.ament_cmake' and name 'so_arm100_moveit_config'
[0.198s] Level 1:colcon.colcon_core.package_discovery:discover_packages(recursive) using defaults
[0.198s] Level 1:colcon.colcon_core.package_discovery:discover_packages(ignore) discover
[0.198s] Level 1:colcon.colcon_core.package_discovery:discover_packages(ignore) using defaults
[0.198s] Level 1:colcon.colcon_core.package_discovery:discover_packages(path) discover
[0.198s] Level 1:colcon.colcon_core.package_discovery:discover_packages(path) using defaults
[0.209s] Level 1:colcon.colcon_core.package_discovery:discover_packages(prefix_path) check parameters
[0.209s] Level 1:colcon.colcon_core.package_discovery:discover_packages(prefix_path) discover
[0.210s] DEBUG:colcon.colcon_installed_package_information.package_discovery:Found 2 installed packages in /home/ubuntu22/ros2_so_arm100/install
[0.211s] DEBUG:colcon.colcon_installed_package_information.package_discovery:Found 329 installed packages in /opt/ros/humble
[0.212s] Level 1:colcon.colcon_core.package_discovery:discover_packages(prefix_path) using defaults
[0.234s] Level 5:colcon.colcon_core.verb:set package 'so_arm100' build argument 'cmake_args' from command line to 'None'
[0.234s] Level 5:colcon.colcon_core.verb:set package 'so_arm100' build argument 'cmake_target' from command line to 'None'
[0.234s] Level 5:colcon.colcon_core.verb:set package 'so_arm100' build argument 'cmake_target_skip_unavailable' from command line to 'False'
[0.234s] Level 5:colcon.colcon_core.verb:set package 'so_arm100' build argument 'cmake_clean_cache' from command line to 'False'
[0.234s] Level 5:colcon.colcon_core.verb:set package 'so_arm100' build argument 'cmake_clean_first' from command line to 'False'
[0.235s] Level 5:colcon.colcon_core.verb:set package 'so_arm100' build argument 'cmake_force_configure' from command line to 'False'
[0.235s] Level 5:colcon.colcon_core.verb:set package 'so_arm100' build argument 'ament_cmake_args' from command line to 'None'
[0.235s] Level 5:colcon.colcon_core.verb:set package 'so_arm100' build argument 'catkin_cmake_args' from command line to 'None'
[0.235s] Level 5:colcon.colcon_core.verb:set package 'so_arm100' build argument 'catkin_skip_building_tests' from command line to 'False'
[0.235s] DEBUG:colcon.colcon_core.verb:Building package 'so_arm100' with the following arguments: {'ament_cmake_args': None, 'build_base': '/home/ubuntu22/ros2_so_arm100/build/so_arm100', 'catkin_cmake_args': None, 'catkin_skip_building_tests': False, 'cmake_args': None, 'cmake_clean_cache': False, 'cmake_clean_first': False, 'cmake_force_configure': False, 'cmake_target': None, 'cmake_target_skip_unavailable': False, 'install_base': '/home/ubuntu22/ros2_so_arm100/install/so_arm100', 'merge_install': False, 'path': '/home/ubuntu22/ros2_so_arm100/so_arm100', 'symlink_install': True, 'test_result_base': None}
[0.235s] Level 5:colcon.colcon_core.verb:set package 'so_arm100_moveit_config' build argument 'cmake_args' from command line to 'None'
[0.235s] Level 5:colcon.colcon_core.verb:set package 'so_arm100_moveit_config' build argument 'cmake_target' from command line to 'None'
[0.235s] Level 5:colcon.colcon_core.verb:set package 'so_arm100_moveit_config' build argument 'cmake_target_skip_unavailable' from command line to 'False'
[0.235s] Level 5:colcon.colcon_core.verb:set package 'so_arm100_moveit_config' build argument 'cmake_clean_cache' from command line to 'False'
[0.235s] Level 5:colcon.colcon_core.verb:set package 'so_arm100_moveit_config' build argument 'cmake_clean_first' from command line to 'False'
[0.235s] Level 5:colcon.colcon_core.verb:set package 'so_arm100_moveit_config' build argument 'cmake_force_configure' from command line to 'False'
[0.235s] Level 5:colcon.colcon_core.verb:set package 'so_arm100_moveit_config' build argument 'ament_cmake_args' from command line to 'None'
[0.235s] Level 5:colcon.colcon_core.verb:set package 'so_arm100_moveit_config' build argument 'catkin_cmake_args' from command line to 'None'
[0.235s] Level 5:colcon.colcon_core.verb:set package 'so_arm100_moveit_config' build argument 'catkin_skip_building_tests' from command line to 'False'
[0.235s] DEBUG:colcon.colcon_core.verb:Building package 'so_arm100_moveit_config' with the following arguments: {'ament_cmake_args': None, 'build_base': '/home/ubuntu22/ros2_so_arm100/build/so_arm100_moveit_config', 'catkin_cmake_args': None, 'catkin_skip_building_tests': False, 'cmake_args': None, 'cmake_clean_cache': False, 'cmake_clean_first': False, 'cmake_force_configure': False, 'cmake_target': None, 'cmake_target_skip_unavailable': False, 'install_base': '/home/ubuntu22/ros2_so_arm100/install/so_arm100_moveit_config', 'merge_install': False, 'path': '/home/ubuntu22/ros2_so_arm100/so_arm100_moveit_config', 'symlink_install': True, 'test_result_base': None}
[0.235s] INFO:colcon.colcon_core.executor:Executing jobs using 'parallel' executor
[0.236s] DEBUG:colcon.colcon_parallel_executor.executor.parallel:run_until_complete
[0.236s] INFO:colcon.colcon_ros.task.ament_cmake.build:Building ROS package in '/home/ubuntu22/ros2_so_arm100/so_arm100' with build type 'ament_cmake'
[0.236s] INFO:colcon.colcon_cmake.task.cmake.build:Building CMake package in '/home/ubuntu22/ros2_so_arm100/so_arm100'
[0.237s] INFO:colcon.colcon_core.plugin_system:Skipping extension 'colcon_core.shell.bat': Not used on non-Windows systems
[0.237s] INFO:colcon.colcon_core.shell:Skip shell extension 'powershell' for command environment: Not usable outside of PowerShell
[0.237s] DEBUG:colcon.colcon_core.shell:Skip shell extension 'dsv' for command environment
[0.243s] DEBUG:colcon.colcon_core.event_handler.log_command:Invoking command in '/home/ubuntu22/ros2_so_arm100/build/so_arm100': CMAKE_PREFIX_PATH=${CMAKE_PREFIX_PATH}:/opt/ros/humble CONDA_PROMPT_MODIFIER=(base) /home/ubuntu22/.local/bin/cmake --build /home/ubuntu22/ros2_so_arm100/build/so_arm100 -- -j16 -l16
[0.298s] DEBUG:colcon.colcon_core.event_handler.log_command:Invoked command in '/home/ubuntu22/ros2_so_arm100/build/so_arm100' returned '0': CMAKE_PREFIX_PATH=${CMAKE_PREFIX_PATH}:/opt/ros/humble CONDA_PROMPT_MODIFIER=(base) /home/ubuntu22/.local/bin/cmake --build /home/ubuntu22/ros2_so_arm100/build/so_arm100 -- -j16 -l16
[0.348s] DEBUG:colcon.colcon_core.event_handler.log_command:Invoking command in '/home/ubuntu22/ros2_so_arm100/build/so_arm100': CMAKE_PREFIX_PATH=${CMAKE_PREFIX_PATH}:/opt/ros/humble CONDA_PROMPT_MODIFIER=(base) /home/ubuntu22/.local/bin/cmake --install /home/ubuntu22/ros2_so_arm100/build/so_arm100
[0.399s] Level 1:colcon.colcon_core.environment:create_environment_scripts_only(so_arm100)
[0.399s] DEBUG:colcon.colcon_core.event_handler.log_command:Invoked command in '/home/ubuntu22/ros2_so_arm100/build/so_arm100' returned '0': CMAKE_PREFIX_PATH=${CMAKE_PREFIX_PATH}:/opt/ros/humble CONDA_PROMPT_MODIFIER=(base) /home/ubuntu22/.local/bin/cmake --install /home/ubuntu22/ros2_so_arm100/build/so_arm100
[0.400s] Level 1:colcon.colcon_core.environment:checking '/home/ubuntu22/ros2_so_arm100/install/so_arm100' for CMake module files
[0.400s] Level 1:colcon.colcon_core.environment:checking '/home/ubuntu22/ros2_so_arm100/install/so_arm100' for CMake config files
[0.401s] Level 1:colcon.colcon_core.shell:create_environment_hook('so_arm100', 'cmake_prefix_path')
[0.401s] INFO:colcon.colcon_core.shell:Creating environment hook '/home/ubuntu22/ros2_so_arm100/install/so_arm100/share/so_arm100/hook/cmake_prefix_path.ps1'
[0.401s] INFO:colcon.colcon_core.shell:Creating environment descriptor '/home/ubuntu22/ros2_so_arm100/install/so_arm100/share/so_arm100/hook/cmake_prefix_path.dsv'
[0.401s] INFO:colcon.colcon_core.shell:Creating environment hook '/home/ubuntu22/ros2_so_arm100/install/so_arm100/share/so_arm100/hook/cmake_prefix_path.sh'
[0.402s] Level 1:colcon.colcon_core.environment:checking '/home/ubuntu22/ros2_so_arm100/install/so_arm100/bin'
[0.402s] Level 1:colcon.colcon_core.environment:checking '/home/ubuntu22/ros2_so_arm100/install/so_arm100/lib/pkgconfig/so_arm100.pc'
[0.402s] Level 1:colcon.colcon_core.environment:checking '/home/ubuntu22/ros2_so_arm100/install/so_arm100/lib/python3.10/site-packages'
[0.402s] Level 1:colcon.colcon_core.environment:checking '/home/ubuntu22/ros2_so_arm100/install/so_arm100/bin'
[0.402s] INFO:colcon.colcon_core.shell:Creating package script '/home/ubuntu22/ros2_so_arm100/install/so_arm100/share/so_arm100/package.ps1'
[0.403s] INFO:colcon.colcon_core.shell:Creating package descriptor '/home/ubuntu22/ros2_so_arm100/install/so_arm100/share/so_arm100/package.dsv'
[0.403s] INFO:colcon.colcon_core.shell:Creating package script '/home/ubuntu22/ros2_so_arm100/install/so_arm100/share/so_arm100/package.sh'
[0.403s] INFO:colcon.colcon_core.shell:Creating package script '/home/ubuntu22/ros2_so_arm100/install/so_arm100/share/so_arm100/package.bash'
[0.404s] INFO:colcon.colcon_core.shell:Creating package script '/home/ubuntu22/ros2_so_arm100/install/so_arm100/share/so_arm100/package.zsh'
[0.404s] Level 1:colcon.colcon_core.environment:create_file_with_runtime_dependencies(/home/ubuntu22/ros2_so_arm100/install/so_arm100/share/colcon-core/packages/so_arm100)
[0.404s] Level 1:colcon.colcon_core.environment:create_environment_scripts_only(so_arm100)
[0.405s] Level 1:colcon.colcon_core.environment:checking '/home/ubuntu22/ros2_so_arm100/install/so_arm100' for CMake module files
[0.405s] Level 1:colcon.colcon_core.environment:checking '/home/ubuntu22/ros2_so_arm100/install/so_arm100' for CMake config files
[0.405s] Level 1:colcon.colcon_core.shell:create_environment_hook('so_arm100', 'cmake_prefix_path')
[0.405s] INFO:colcon.colcon_core.shell:Creating environment hook '/home/ubuntu22/ros2_so_arm100/install/so_arm100/share/so_arm100/hook/cmake_prefix_path.ps1'
[0.405s] INFO:colcon.colcon_core.shell:Creating environment descriptor '/home/ubuntu22/ros2_so_arm100/install/so_arm100/share/so_arm100/hook/cmake_prefix_path.dsv'
[0.405s] INFO:colcon.colcon_core.shell:Creating environment hook '/home/ubuntu22/ros2_so_arm100/install/so_arm100/share/so_arm100/hook/cmake_prefix_path.sh'
[0.406s] Level 1:colcon.colcon_core.environment:checking '/home/ubuntu22/ros2_so_arm100/install/so_arm100/bin'
[0.406s] Level 1:colcon.colcon_core.environment:checking '/home/ubuntu22/ros2_so_arm100/install/so_arm100/lib/pkgconfig/so_arm100.pc'
[0.406s] Level 1:colcon.colcon_core.environment:checking '/home/ubuntu22/ros2_so_arm100/install/so_arm100/lib/python3.10/site-packages'
[0.406s] Level 1:colcon.colcon_core.environment:checking '/home/ubuntu22/ros2_so_arm100/install/so_arm100/bin'
[0.406s] INFO:colcon.colcon_core.shell:Creating package script '/home/ubuntu22/ros2_so_arm100/install/so_arm100/share/so_arm100/package.ps1'
[0.406s] INFO:colcon.colcon_core.shell:Creating package descriptor '/home/ubuntu22/ros2_so_arm100/install/so_arm100/share/so_arm100/package.dsv'
[0.407s] INFO:colcon.colcon_core.shell:Creating package script '/home/ubuntu22/ros2_so_arm100/install/so_arm100/share/so_arm100/package.sh'
[0.407s] INFO:colcon.colcon_core.shell:Creating package script '/home/ubuntu22/ros2_so_arm100/install/so_arm100/share/so_arm100/package.bash'
[0.407s] INFO:colcon.colcon_core.shell:Creating package script '/home/ubuntu22/ros2_so_arm100/install/so_arm100/share/so_arm100/package.zsh'
[0.407s] Level 1:colcon.colcon_core.environment:create_file_with_runtime_dependencies(/home/ubuntu22/ros2_so_arm100/install/so_arm100/share/colcon-core/packages/so_arm100)
[0.408s] INFO:colcon.colcon_ros.task.ament_cmake.build:Building ROS package in '/home/ubuntu22/ros2_so_arm100/so_arm100_moveit_config' with build type 'ament_cmake'
[0.408s] INFO:colcon.colcon_cmake.task.cmake.build:Building CMake package in '/home/ubuntu22/ros2_so_arm100/so_arm100_moveit_config'
[0.408s] INFO:colcon.colcon_core.shell:Skip shell extension 'powershell' for command environment: Not usable outside of PowerShell
[0.408s] DEBUG:colcon.colcon_core.shell:Skip shell extension 'dsv' for command environment
[0.413s] DEBUG:colcon.colcon_core.event_handler.log_command:Invoking command in '/home/ubuntu22/ros2_so_arm100/build/so_arm100_moveit_config': CMAKE_PREFIX_PATH=/home/ubuntu22/ros2_so_arm100/install/so_arm100:/home/ubuntu22/ros2_so_arm100/install/so_arm100_moveit_config:/opt/ros/humble CONDA_PROMPT_MODIFIER=(base) /home/ubuntu22/.local/bin/cmake --build /home/ubuntu22/ros2_so_arm100/build/so_arm100_moveit_config -- -j16 -l16
[0.470s] DEBUG:colcon.colcon_core.event_handler.log_command:Invoked command in '/home/ubuntu22/ros2_so_arm100/build/so_arm100_moveit_config' returned '0': CMAKE_PREFIX_PATH=/home/ubuntu22/ros2_so_arm100/install/so_arm100:/home/ubuntu22/ros2_so_arm100/install/so_arm100_moveit_config:/opt/ros/humble CONDA_PROMPT_MODIFIER=(base) /home/ubuntu22/.local/bin/cmake --build /home/ubuntu22/ros2_so_arm100/build/so_arm100_moveit_config -- -j16 -l16
[0.472s] DEBUG:colcon.colcon_core.event_handler.log_command:Invoking command in '/home/ubuntu22/ros2_so_arm100/build/so_arm100_moveit_config': CMAKE_PREFIX_PATH=/home/ubuntu22/ros2_so_arm100/install/so_arm100:/home/ubuntu22/ros2_so_arm100/install/so_arm100_moveit_config:/opt/ros/humble CONDA_PROMPT_MODIFIER=(base) /home/ubuntu22/.local/bin/cmake --install /home/ubuntu22/ros2_so_arm100/build/so_arm100_moveit_config
[0.525s] Level 1:colcon.colcon_core.environment:create_environment_scripts_only(so_arm100_moveit_config)
[0.525s] Level 1:colcon.colcon_core.environment:checking '/home/ubuntu22/ros2_so_arm100/install/so_arm100_moveit_config' for CMake module files
[0.526s] DEBUG:colcon.colcon_core.event_handler.log_command:Invoked command in '/home/ubuntu22/ros2_so_arm100/build/so_arm100_moveit_config' returned '0': CMAKE_PREFIX_PATH=/home/ubuntu22/ros2_so_arm100/install/so_arm100:/home/ubuntu22/ros2_so_arm100/install/so_arm100_moveit_config:/opt/ros/humble CONDA_PROMPT_MODIFIER=(base) /home/ubuntu22/.local/bin/cmake --install /home/ubuntu22/ros2_so_arm100/build/so_arm100_moveit_config
[0.526s] Level 1:colcon.colcon_core.environment:checking '/home/ubuntu22/ros2_so_arm100/install/so_arm100_moveit_config' for CMake config files
[0.526s] Level 1:colcon.colcon_core.shell:create_environment_hook('so_arm100_moveit_config', 'cmake_prefix_path')
[0.526s] INFO:colcon.colcon_core.shell:Creating environment hook '/home/ubuntu22/ros2_so_arm100/install/so_arm100_moveit_config/share/so_arm100_moveit_config/hook/cmake_prefix_path.ps1'
[0.526s] INFO:colcon.colcon_core.shell:Creating environment descriptor '/home/ubuntu22/ros2_so_arm100/install/so_arm100_moveit_config/share/so_arm100_moveit_config/hook/cmake_prefix_path.dsv'
[0.527s] INFO:colcon.colcon_core.shell:Creating environment hook '/home/ubuntu22/ros2_so_arm100/install/so_arm100_moveit_config/share/so_arm100_moveit_config/hook/cmake_prefix_path.sh'
[0.527s] Level 1:colcon.colcon_core.environment:checking '/home/ubuntu22/ros2_so_arm100/install/so_arm100_moveit_config/lib'
[0.527s] Level 1:colcon.colcon_core.environment:checking '/home/ubuntu22/ros2_so_arm100/install/so_arm100_moveit_config/bin'
[0.527s] Level 1:colcon.colcon_core.environment:checking '/home/ubuntu22/ros2_so_arm100/install/so_arm100_moveit_config/lib/pkgconfig/so_arm100_moveit_config.pc'
[0.527s] Level 1:colcon.colcon_core.environment:checking '/home/ubuntu22/ros2_so_arm100/install/so_arm100_moveit_config/lib/python3.10/site-packages'
[0.527s] Level 1:colcon.colcon_core.environment:checking '/home/ubuntu22/ros2_so_arm100/install/so_arm100_moveit_config/bin'
[0.527s] INFO:colcon.colcon_core.shell:Creating package script '/home/ubuntu22/ros2_so_arm100/install/so_arm100_moveit_config/share/so_arm100_moveit_config/package.ps1'
[0.528s] INFO:colcon.colcon_core.shell:Creating package descriptor '/home/ubuntu22/ros2_so_arm100/install/so_arm100_moveit_config/share/so_arm100_moveit_config/package.dsv'
[0.528s] INFO:colcon.colcon_core.shell:Creating package script '/home/ubuntu22/ros2_so_arm100/install/so_arm100_moveit_config/share/so_arm100_moveit_config/package.sh'
[0.528s] INFO:colcon.colcon_core.shell:Creating package script '/home/ubuntu22/ros2_so_arm100/install/so_arm100_moveit_config/share/so_arm100_moveit_config/package.bash'
[0.528s] INFO:colcon.colcon_core.shell:Creating package script '/home/ubuntu22/ros2_so_arm100/install/so_arm100_moveit_config/share/so_arm100_moveit_config/package.zsh'
[0.528s] Level 1:colcon.colcon_core.environment:create_file_with_runtime_dependencies(/home/ubuntu22/ros2_so_arm100/install/so_arm100_moveit_config/share/colcon-core/packages/so_arm100_moveit_config)
[0.529s] Level 1:colcon.colcon_core.environment:create_environment_scripts_only(so_arm100_moveit_config)
[0.529s] Level 1:colcon.colcon_core.environment:checking '/home/ubuntu22/ros2_so_arm100/install/so_arm100_moveit_config' for CMake module files
[0.529s] Level 1:colcon.colcon_core.environment:checking '/home/ubuntu22/ros2_so_arm100/install/so_arm100_moveit_config' for CMake config files
[0.529s] Level 1:colcon.colcon_core.shell:create_environment_hook('so_arm100_moveit_config', 'cmake_prefix_path')
[0.529s] INFO:colcon.colcon_core.shell:Creating environment hook '/home/ubuntu22/ros2_so_arm100/install/so_arm100_moveit_config/share/so_arm100_moveit_config/hook/cmake_prefix_path.ps1'
[0.530s] INFO:colcon.colcon_core.shell:Creating environment descriptor '/home/ubuntu22/ros2_so_arm100/install/so_arm100_moveit_config/share/so_arm100_moveit_config/hook/cmake_prefix_path.dsv'
[0.530s] INFO:colcon.colcon_core.shell:Creating environment hook '/home/ubuntu22/ros2_so_arm100/install/so_arm100_moveit_config/share/so_arm100_moveit_config/hook/cmake_prefix_path.sh'
[0.530s] Level 1:colcon.colcon_core.environment:checking '/home/ubuntu22/ros2_so_arm100/install/so_arm100_moveit_config/lib'
[0.530s] Level 1:colcon.colcon_core.environment:checking '/home/ubuntu22/ros2_so_arm100/install/so_arm100_moveit_config/bin'
[0.530s] Level 1:colcon.colcon_core.environment:checking '/home/ubuntu22/ros2_so_arm100/install/so_arm100_moveit_config/lib/pkgconfig/so_arm100_moveit_config.pc'
[0.531s] Level 1:colcon.colcon_core.environment:checking '/home/ubuntu22/ros2_so_arm100/install/so_arm100_moveit_config/lib/python3.10/site-packages'
[0.531s] Level 1:colcon.colcon_core.environment:checking '/home/ubuntu22/ros2_so_arm100/install/so_arm100_moveit_config/bin'
[0.531s] INFO:colcon.colcon_core.shell:Creating package script '/home/ubuntu22/ros2_so_arm100/install/so_arm100_moveit_config/share/so_arm100_moveit_config/package.ps1'
[0.531s] INFO:colcon.colcon_core.shell:Creating package descriptor '/home/ubuntu22/ros2_so_arm100/install/so_arm100_moveit_config/share/so_arm100_moveit_config/package.dsv'
[0.531s] INFO:colcon.colcon_core.shell:Creating package script '/home/ubuntu22/ros2_so_arm100/install/so_arm100_moveit_config/share/so_arm100_moveit_config/package.sh'
[0.532s] INFO:colcon.colcon_core.shell:Creating package script '/home/ubuntu22/ros2_so_arm100/install/so_arm100_moveit_config/share/so_arm100_moveit_config/package.bash'
[0.532s] INFO:colcon.colcon_core.shell:Creating package script '/home/ubuntu22/ros2_so_arm100/install/so_arm100_moveit_config/share/so_arm100_moveit_config/package.zsh'
[0.532s] Level 1:colcon.colcon_core.environment:create_file_with_runtime_dependencies(/home/ubuntu22/ros2_so_arm100/install/so_arm100_moveit_config/share/colcon-core/packages/so_arm100_moveit_config)
[0.532s] DEBUG:colcon.colcon_parallel_executor.executor.parallel:closing loop
[0.532s] DEBUG:colcon.colcon_parallel_executor.executor.parallel:loop closed
[0.532s] DEBUG:colcon.colcon_parallel_executor.executor.parallel:run_until_complete finished with '0'
[0.532s] DEBUG:colcon.colcon_core.event_reactor:joining thread
[0.537s] INFO:colcon.colcon_core.plugin_system:Skipping extension 'colcon_notification.desktop_notification.terminal_notifier': Not used on non-Darwin systems
[0.537s] INFO:colcon.colcon_core.plugin_system:Skipping extension 'colcon_notification.desktop_notification.win32': Not used on non-Windows systems
[0.537s] INFO:colcon.colcon_notification.desktop_notification:Sending desktop notification using 'notify2'
[0.551s] DEBUG:colcon.colcon_core.event_reactor:joined thread
[0.551s] INFO:colcon.colcon_core.shell:Creating prefix script '/home/ubuntu22/ros2_so_arm100/install/local_setup.ps1'
[0.552s] INFO:colcon.colcon_core.shell:Creating prefix util module '/home/ubuntu22/ros2_so_arm100/install/_local_setup_util_ps1.py'
[0.553s] INFO:colcon.colcon_core.shell:Creating prefix chain script '/home/ubuntu22/ros2_so_arm100/install/setup.ps1'
[0.554s] INFO:colcon.colcon_core.shell:Creating prefix script '/home/ubuntu22/ros2_so_arm100/install/local_setup.sh'
[0.555s] INFO:colcon.colcon_core.shell:Creating prefix util module '/home/ubuntu22/ros2_so_arm100/install/_local_setup_util_sh.py'
[0.555s] INFO:colcon.colcon_core.shell:Creating prefix chain script '/home/ubuntu22/ros2_so_arm100/install/setup.sh'
[0.556s] INFO:colcon.colcon_core.shell:Creating prefix script '/home/ubuntu22/ros2_so_arm100/install/local_setup.bash'
[0.556s] INFO:colcon.colcon_core.shell:Creating prefix chain script '/home/ubuntu22/ros2_so_arm100/install/setup.bash'
[0.557s] INFO:colcon.colcon_core.shell:Creating prefix script '/home/ubuntu22/ros2_so_arm100/install/local_setup.zsh'
[0.557s] INFO:colcon.colcon_core.shell:Creating prefix chain script '/home/ubuntu22/ros2_so_arm100/install/setup.zsh'
