[0.000000] (-) TimerEvent: {}
[0.000155] (so_arm100) JobQueued: {'identifier': 'so_arm100', 'dependencies': OrderedDict()}
[0.000428] (so_arm100_moveit_config) JobQueued: {'identifier': 'so_arm100_moveit_config', 'dependencies': OrderedDict([('so_arm100', '/home/ubuntu22/ros2_so_arm100/install/so_arm100')])}
[0.000559] (so_arm100) JobStarted: {'identifier': 'so_arm100'}
[0.004960] (so_arm100) JobProgress: {'identifier': 'so_arm100', 'progress': 'cmake'}
[0.005307] (so_arm100) JobProgress: {'identifier': 'so_arm100', 'progress': 'build'}
[0.005722] (so_arm100) Command: {'cmd': ['/home/ubuntu22/.local/bin/cmake', '--build', '/home/ubuntu22/ros2_so_arm100/build/so_arm100', '--', '-j16', '-l16'], 'cwd': '/home/ubuntu22/ros2_so_arm100/build/so_arm100', 'env': OrderedDict([('GJS_DEBUG_TOPICS', 'JS ERROR;JS LOG'), ('LESSOPEN', '| /usr/bin/lesspipe %s'), ('VSCODE_CWD', '/home/ubuntu22'), ('CONDA_PROMPT_MODIFIER', '(base)'), ('LANGUAGE', 'zh_CN:zh'), ('USER', 'ubuntu22'), ('VSCODE_NLS_CONFIG', '{"userLocale":"zh-cn","osLocale":"zh-cn","resolvedLanguage":"zh-cn","defaultMessagesFile":"/usr/share/windsurf/resources/app/out/nls.messages.json","languagePack":{"translationsConfigFile":"/home/ubuntu22/.config/Windsurf/clp/83447c9e569f9056950c8dcd32d44ec9.zh-cn/tcf.json","messagesFile":"/home/ubuntu22/.config/Windsurf/clp/83447c9e569f9056950c8dcd32d44ec9.zh-cn/bf4345439764c543a1e5ff3517bbce5a22128bca/nls.messages.json","corruptMarkerFile":"/home/ubuntu22/.config/Windsurf/clp/83447c9e569f9056950c8dcd32d44ec9.zh-cn/corrupted.info"},"locale":"zh-cn","availableLanguages":{"*":"zh-cn"},"_languagePackId":"83447c9e569f9056950c8dcd32d44ec9.zh-cn","_languagePackSupport":true,"_translationsConfigFile":"/home/ubuntu22/.config/Windsurf/clp/83447c9e569f9056950c8dcd32d44ec9.zh-cn/tcf.json","_cacheRoot":"/home/ubuntu22/.config/Windsurf/clp/83447c9e569f9056950c8dcd32d44ec9.zh-cn","_resolvedLanguagePackCoreLocation":"/home/ubuntu22/.config/Windsurf/clp/83447c9e569f9056950c8dcd32d44ec9.zh-cn/bf4345439764c543a1e5ff3517bbce5a22128bca","_corruptedFile":"/home/ubuntu22/.config/Windsurf/clp/83447c9e569f9056950c8dcd32d44ec9.zh-cn/corrupted.info"}'), ('VSCODE_HANDLES_UNCAUGHT_ERRORS', 'true'), ('XDG_SESSION_TYPE', 'x11'), ('LD_LIBRARY_PATH', '/opt/ros/humble/lib:/opt/ros/humble/opt/rviz_ogre_vendor/lib:/opt/ros/humble/lib/x86_64-linux-gnu:/opt/ros/humble/lib'), ('SHLVL', '0'), ('CHROME_DESKTOP', 'windsurf-url-handler.desktop'), ('CONDA_SHLVL', '1'), ('HOME', '/home/ubuntu22'), ('DESKTOP_SESSION', 'ubuntu'), ('GIO_LAUNCHED_DESKTOP_FILE', '/usr/share/applications/windsurf.desktop'), ('VSCODE_IPC_HOOK', '/run/user/1000/vscode-b1babb8d-1.94-main.sock'), ('GNOME_SHELL_SESSION_MODE', 'ubuntu'), ('GTK_MODULES', 'gail:atk-bridge'), ('ROS_PYTHON_VERSION', '3'), ('MANAGERPID', '1180'), ('DBUS_SESSION_BUS_ADDRESS', 'unix:path=/run/user/1000/bus'), ('SYSTEMD_EXEC_PID', '1553'), ('GIO_LAUNCHED_DESKTOP_FILE_PID', '5277'), ('VSCODE_CRASH_REPORTER_PROCESS_TYPE', 'extensionHost'), ('IM_CONFIG_PHASE', '1'), ('ROS_DISTRO', 'humble'), ('VSCODE_L10N_BUNDLE_LOCATION', 'file:///home/ubuntu22/.windsurf/extensions/ms-ceintl.vscode-language-pack-zh-hans-1.94.0-universal/translations/extensions/vscode.markdown-language-features.i18n.json'), ('GTK_IM_MODULE', 'ibus'), ('LOGNAME', 'ubuntu22'), ('JOURNAL_STREAM', '8:9189'), ('_', '/usr/share/windsurf/windsurf'), ('ROS_VERSION', '2'), ('XDG_SESSION_CLASS', 'user'), ('USERNAME', 'ubuntu22'), ('GNOME_DESKTOP_SESSION_ID', 'this-is-deprecated'), ('ROS_LOCALHOST_ONLY', '0'), ('WINDOWPATH', '2'), ('PATH', '/home/ubuntu22/.local/bin:/opt/ros/humble/bin:/home/ubuntu22/anaconda3/bin:/home/ubuntu22/anaconda3/condabin:/home/ubuntu22/.local/bin:/usr/local/sbin:/usr/local/bin:/usr/sbin:/usr/bin:/sbin:/bin:/usr/games:/usr/local/games:/snap/bin:/snap/bin:/home/ubuntu22/.local/bin'), ('INVOCATION_ID', '24d955afea184bb0ace7b53cbe0fda04'), ('SESSION_MANAGER', 'local/ubuntu22-MS-Challenger-B760M-N-D5:@/tmp/.ICE-unix/1526,unix/ubuntu22-MS-Challenger-B760M-N-D5:/tmp/.ICE-unix/1526'), ('VSCODE_AMD_ENTRYPOINT', 'vs/workbench/api/node/extensionHostProcess'), ('GDK_BACKEND', 'x11'), ('XDG_MENU_PREFIX', 'gnome-'), ('XDG_RUNTIME_DIR', '/run/user/1000'), ('DISPLAY', ':0'), ('LANG', 'zh_CN.UTF-8'), ('XDG_CURRENT_DESKTOP', 'Unity'), ('XAUTHORITY', '/run/user/1000/gdm/Xauthority'), ('XDG_SESSION_DESKTOP', 'ubuntu'), ('XMODIFIERS', '@im=ibus'), ('AMENT_PREFIX_PATH', '/opt/ros/humble'), ('CONDA_PYTHON_EXE', '/home/ubuntu22/anaconda3/bin/python'), ('ORIGINAL_XDG_CURRENT_DESKTOP', 'ubuntu:GNOME'), ('SSH_AGENT_LAUNCHER', 'gnome-keyring'), ('SSH_AUTH_SOCK', '/run/user/1000/keyring/ssh'), ('SHELL', '/bin/bash'), ('GDMSESSION', 'ubuntu'), ('QT_ACCESSIBILITY', '1'), ('ELECTRON_RUN_AS_NODE', '1'), ('CONDA_DEFAULT_ENV', 'base'), ('LESSCLOSE', '/usr/bin/lesspipe %s %s'), ('GJS_DEBUG_OUTPUT', 'stderr'), ('GPG_AGENT_INFO', '/run/user/1000/gnupg/S.gpg-agent:0:1'), ('QT_IM_MODULE', 'ibus'), ('CODEIUM_EDITOR_APP_ROOT', '/usr/share/windsurf/resources/app'), ('PWD', '/home/ubuntu22/ros2_so_arm100/build/so_arm100'), ('CONDA_EXE', '/home/ubuntu22/anaconda3/bin/conda'), ('VSCODE_CODE_CACHE_PATH', '/home/ubuntu22/.config/Windsurf/CachedData/bf4345439764c543a1e5ff3517bbce5a22128bca'), ('XDG_CONFIG_DIRS', '/etc/xdg/xdg-ubuntu:/etc/xdg'), ('XDG_DATA_DIRS', '/usr/share/ubuntu:/usr/share/gnome:/home/ubuntu22/.local/share/flatpak/exports/share:/var/lib/flatpak/exports/share:/usr/local/share/:/usr/share/:/var/lib/snapd/desktop'), ('PYTHONPATH', '/opt/ros/humble/lib/python3.10/site-packages:/opt/ros/humble/lib/python3.10/site-packages:/opt/ros/humble/local/lib/python3.10/dist-packages'), ('CONDA_PREFIX', '/home/ubuntu22/anaconda3'), ('COLCON', '1'), ('VSCODE_PID', '5277'), ('CMAKE_PREFIX_PATH', '/opt/ros/humble')]), 'shell': False}
[0.057756] (so_arm100) StderrLine: {'line': b'CMake Deprecation Warning at CMakeLists.txt:1 (cmake_minimum_required):\n'}
[0.057947] (so_arm100) StderrLine: {'line': b'  Compatibility with CMake < 3.10 will be removed from a future version of\n'}
[0.058018] (so_arm100) StderrLine: {'line': b'  CMake.\n'}
[0.058080] (so_arm100) StderrLine: {'line': b'\n'}
[0.058140] (so_arm100) StderrLine: {'line': b'  Update the VERSION argument <min> value or use a ...<max> suffix to tell\n'}
[0.058200] (so_arm100) StderrLine: {'line': b'  CMake that the project does not need compatibility with older versions.\n'}
[0.058258] (so_arm100) StderrLine: {'line': b'\n'}
[0.058315] (so_arm100) StderrLine: {'line': b'\n'}
[0.065907] (so_arm100) StdoutLine: {'line': b'-- Found ament_cmake: 1.3.11 (/opt/ros/humble/share/ament_cmake/cmake)\n'}
[0.099922] (-) TimerEvent: {}
[0.200080] (-) TimerEvent: {}
[0.211745] (so_arm100) StdoutLine: {'line': b'-- Override CMake install command with custom implementation using symlinks instead of copying resources\n'}
[0.216392] (so_arm100) StdoutLine: {'line': b'-- Found hardware_interface: 2.44.0 (/opt/ros/humble/share/hardware_interface/cmake)\n'}
[0.236584] (so_arm100) StdoutLine: {'line': b'-- Found rosidl_generator_c: 3.1.6 (/opt/ros/humble/share/rosidl_generator_c/cmake)\n'}
[0.238452] (so_arm100) StdoutLine: {'line': b'-- Found rosidl_adapter: 3.1.6 (/opt/ros/humble/share/rosidl_adapter/cmake)\n'}
[0.242952] (so_arm100) StdoutLine: {'line': b'-- Found rosidl_generator_cpp: 3.1.6 (/opt/ros/humble/share/rosidl_generator_cpp/cmake)\n'}
[0.250343] (so_arm100) StdoutLine: {'line': b'-- Using all available rosidl_typesupport_c: rosidl_typesupport_fastrtps_c;rosidl_typesupport_introspection_c\n'}
[0.260002] (so_arm100) StdoutLine: {'line': b'-- Using all available rosidl_typesupport_cpp: rosidl_typesupport_fastrtps_cpp;rosidl_typesupport_introspection_cpp\n'}
[0.300162] (-) TimerEvent: {}
[0.400312] (-) TimerEvent: {}
[0.411662] (so_arm100) StdoutLine: {'line': b'-- Found rmw_implementation_cmake: 6.1.2 (/opt/ros/humble/share/rmw_implementation_cmake/cmake)\n'}
[0.412609] (so_arm100) StdoutLine: {'line': b'-- Found rmw_fastrtps_cpp: 6.2.7 (/opt/ros/humble/share/rmw_fastrtps_cpp/cmake)\n'}
[0.428163] (so_arm100) StdoutLine: {'line': b'-- Found TinyXML2 via Config file: TinyXML2_DIR-NOTFOUND\n'}
[0.434993] (so_arm100) StdoutLine: {'line': b'-- Found TinyXML2 via Config file: TinyXML2_DIR-NOTFOUND\n'}
[0.447562] (so_arm100) StdoutLine: {'line': b'-- Found TinyXML2 via Config file: TinyXML2_DIR-NOTFOUND\n'}
[0.454053] (so_arm100) StdoutLine: {'line': b'-- Found TinyXML2 via Config file: TinyXML2_DIR-NOTFOUND\n'}
[0.461927] (so_arm100) StdoutLine: {'line': b"-- Using RMW implementation 'rmw_fastrtps_cpp' as default\n"}
[0.500409] (-) TimerEvent: {}
[0.561601] (so_arm100) StdoutLine: {'line': b'-- Configuring done (0.5s)\n'}
[0.577410] (so_arm100) StdoutLine: {'line': b'-- Generating done (0.0s)\n'}
[0.579031] (so_arm100) StdoutLine: {'line': b'-- Build files have been written to: /home/ubuntu22/ros2_so_arm100/build/so_arm100\n'}
[0.599317] (so_arm100) StdoutLine: {'line': b'[ 33%] Building CXX object CMakeFiles/so_arm100.dir/src/feetech_hardware_interface.cpp.o\n'}
[0.599988] (so_arm100) StdoutLine: {'line': b'[ 66%] Building CXX object CMakeFiles/so_arm100.dir/src/feetech.cpp.o\n'}
[0.600482] (-) TimerEvent: {}
[0.700612] (-) TimerEvent: {}
[0.800760] (-) TimerEvent: {}
[0.900896] (-) TimerEvent: {}
[1.001060] (-) TimerEvent: {}
[1.101235] (-) TimerEvent: {}
[1.201404] (-) TimerEvent: {}
[1.301575] (-) TimerEvent: {}
[1.401741] (-) TimerEvent: {}
[1.501886] (-) TimerEvent: {}
[1.602052] (-) TimerEvent: {}
[1.702223] (-) TimerEvent: {}
[1.802391] (-) TimerEvent: {}
[1.902559] (-) TimerEvent: {}
[1.972888] (so_arm100) StderrLine: {'line': b'/home/ubuntu22/ros2_so_arm100/so_arm100/src/feetech_hardware_interface.cpp:25:7: error: redefinition of \xe2\x80\x98class so_arm100::FeetechHardwareInterface\xe2\x80\x99\n'}
[1.973016] (so_arm100) StderrLine: {'line': b'   25 | class FeetechHardwareInterface : public hardware_interface::SystemInterface\n'}
[1.973053] (so_arm100) StderrLine: {'line': b'      |       ^~~~~~~~~~~~~~~~~~~~~~~~\n'}
[1.973082] (so_arm100) StderrLine: {'line': b'In file included from /home/ubuntu22/ros2_so_arm100/so_arm100/src/feetech_hardware_interface.cpp:1:\n'}
[1.973109] (so_arm100) StderrLine: {'line': b'/home/ubuntu22/ros2_so_arm100/so_arm100/include/so_arm100/feetech_hardware_interface.hpp:17:7: note: previous definition of \xe2\x80\x98class so_arm100::FeetechHardwareInterface\xe2\x80\x99\n'}
[1.973137] (so_arm100) StderrLine: {'line': b'   17 | class FeetechHardwareInterface : public hardware_interface::SystemInterface\n'}
[1.973162] (so_arm100) StderrLine: {'line': b'      |       ^~~~~~~~~~~~~~~~~~~~~~~~\n'}
[1.973186] (so_arm100) StderrLine: {'line': b'In file included from /opt/ros/humble/include/class_loader/class_loader/class_loader.hpp:37,\n'}
[1.973212] (so_arm100) StderrLine: {'line': b'                 from /opt/ros/humble/include/pluginlib/pluginlib/class_list_macros.hpp:40,\n'}
[1.973238] (so_arm100) StderrLine: {'line': b'                 from /home/ubuntu22/ros2_so_arm100/so_arm100/src/feetech_hardware_interface.cpp:250:\n'}
[1.973262] (so_arm100) StderrLine: {'line': b'/usr/include/c++/11/cstddef:52:8: error: expected unqualified-id before string constant\n'}
[1.973287] (so_arm100) StderrLine: {'line': b'   52 | extern "C++"\n'}
[1.973312] (so_arm100) StderrLine: {'line': b'      |        ^~~~~\n'}
[1.979283] (so_arm100) StderrLine: {'line': b'In file included from /opt/ros/humble/include/class_loader/class_loader/class_loader.hpp:56,\n'}
[1.979363] (so_arm100) StderrLine: {'line': b'                 from /opt/ros/humble/include/pluginlib/pluginlib/class_list_macros.hpp:40,\n'}
[1.979393] (so_arm100) StderrLine: {'line': b'                 from /home/ubuntu22/ros2_so_arm100/so_arm100/src/feetech_hardware_interface.cpp:250:\n'}
[1.979420] (so_arm100) StderrLine: {'line': b'/home/ubuntu22/ros2_so_arm100/so_arm100/src/feetech_hardware_interface.cpp:251:1: error: expected \xe2\x80\x98}\xe2\x80\x99 at end of input\n'}
[1.979448] (so_arm100) StderrLine: {'line': b'  251 | PLUGINLIB_EXPORT_CLASS(so_arm100::FeetechHardwareInterface, hardware_interface::SystemInterface)\n'}
[1.979474] (so_arm100) StderrLine: {'line': b'      | ^~~~~~~~~~~~~~~~~~~~~~\n'}
[1.979498] (so_arm100) StderrLine: {'line': b'/home/ubuntu22/ros2_so_arm100/so_arm100/src/feetech_hardware_interface.cpp:16:1: note: to match this \xe2\x80\x98{\xe2\x80\x99\n'}
[1.979535] (so_arm100) StderrLine: {'line': b'   16 | {\n'}
[1.979560] (so_arm100) StderrLine: {'line': b'      | ^\n'}
[2.002658] (-) TimerEvent: {}
[2.102819] (-) TimerEvent: {}
[2.202971] (-) TimerEvent: {}
[2.284695] (so_arm100) StderrLine: {'line': b'gmake[2]: *** [CMakeFiles/so_arm100.dir/build.make:79\xef\xbc\x9aCMakeFiles/so_arm100.dir/src/feetech_hardware_interface.cpp.o] \xe9\x94\x99\xe8\xaf\xaf 1\n'}
[2.284879] (so_arm100) StderrLine: {'line': b'gmake[1]: *** [CMakeFiles/Makefile2:151\xef\xbc\x9aCMakeFiles/so_arm100.dir/all] \xe9\x94\x99\xe8\xaf\xaf 2\n'}
[2.284968] (so_arm100) StderrLine: {'line': b'gmake: *** [Makefile:146\xef\xbc\x9aall] \xe9\x94\x99\xe8\xaf\xaf 2\n'}
[2.285880] (so_arm100) CommandEnded: {'returncode': 2}
[2.292909] (so_arm100) JobEnded: {'identifier': 'so_arm100', 'rc': 2}
[2.303047] (-) TimerEvent: {}
[2.303238] (so_arm100_moveit_config) JobSkipped: {'identifier': 'so_arm100_moveit_config'}
[2.303273] (-) EventReactorShutdown: {}
