[0.006s] Invoking command in '/home/ubuntu22/so_arm100_ws/build/so_arm100': CMAKE_PREFIX_PATH=/opt/ros/humble CONDA_PROMPT_MODIFIER=(base) /home/ubuntu22/.local/bin/cmake --build /home/ubuntu22/so_arm100_ws/build/so_arm100 -- -j16 -l16
[0.059s] CMake Deprecation Warning at CMakeLists.txt:1 (cmake_minimum_required):
[0.059s]   Compatibility with CMake < 3.10 will be removed from a future version of
[0.060s]   CMake.
[0.060s] 
[0.060s]   Update the VERSION argument <min> value or use a ...<max> suffix to tell
[0.060s]   CMake that the project does not need compatibility with older versions.
[0.060s] 
[0.060s] 
[0.067s] -- Found ament_cmake: 1.3.11 (/opt/ros/humble/share/ament_cmake/cmake)
[0.244s] -- Found rclcpp: 16.0.11 (/opt/ros/humble/share/rclcpp/cmake)
[0.265s] -- Found rosidl_generator_c: 3.1.6 (/opt/ros/humble/share/rosidl_generator_c/cmake)
[0.267s] -- Found rosidl_adapter: 3.1.6 (/opt/ros/humble/share/rosidl_adapter/cmake)
[0.272s] -- Found rosidl_generator_cpp: 3.1.6 (/opt/ros/humble/share/rosidl_generator_cpp/cmake)
[0.280s] -- Using all available rosidl_typesupport_c: rosidl_typesupport_fastrtps_c;rosidl_typesupport_introspection_c
[0.290s] -- Using all available rosidl_typesupport_cpp: rosidl_typesupport_fastrtps_cpp;rosidl_typesupport_introspection_cpp
[0.316s] -- Found rmw_implementation_cmake: 6.1.2 (/opt/ros/humble/share/rmw_implementation_cmake/cmake)
[0.317s] -- Found rmw_fastrtps_cpp: 6.2.7 (/opt/ros/humble/share/rmw_fastrtps_cpp/cmake)
[0.390s] -- Using RMW implementation 'rmw_fastrtps_cpp' as default
[0.432s] -- Found rclcpp_lifecycle: 16.0.11 (/opt/ros/humble/share/rclcpp_lifecycle/cmake)
[0.497s] -- Configuring done (0.4s)
[0.500s] -- Generating done (0.0s)
[0.500s] -- Build files have been written to: /home/ubuntu22/so_arm100_ws/build/so_arm100
[0.510s] Invoked command in '/home/ubuntu22/so_arm100_ws/build/so_arm100' returned '0': CMAKE_PREFIX_PATH=/opt/ros/humble CONDA_PROMPT_MODIFIER=(base) /home/ubuntu22/.local/bin/cmake --build /home/ubuntu22/so_arm100_ws/build/so_arm100 -- -j16 -l16
[0.557s] Invoking command in '/home/ubuntu22/so_arm100_ws/build/so_arm100': CMAKE_PREFIX_PATH=/opt/ros/humble CONDA_PROMPT_MODIFIER=(base) /home/ubuntu22/.local/bin/cmake --install /home/ubuntu22/so_arm100_ws/build/so_arm100
[0.605s] -- Install configuration: ""
[0.605s] -- Up-to-date: /home/ubuntu22/so_arm100_ws/install/so_arm100/share/so_arm100/urdf
[0.605s] -- Up-to-date: /home/ubuntu22/so_arm100_ws/install/so_arm100/share/so_arm100/urdf/so_arm100_control.urdf.xacro
[0.605s] -- Up-to-date: /home/ubuntu22/so_arm100_ws/install/so_arm100/share/so_arm100/urdf/so_arm100_macro.xacro
[0.605s] -- Up-to-date: /home/ubuntu22/so_arm100_ws/install/so_arm100/share/so_arm100/urdf/so_arm100.csv
[0.605s] -- Up-to-date: /home/ubuntu22/so_arm100_ws/install/so_arm100/share/so_arm100/urdf/so_arm100.urdf
[0.605s] -- Up-to-date: /home/ubuntu22/so_arm100_ws/install/so_arm100/share/so_arm100/urdf/so_arm100.urdf.xacro
[0.605s] -- Up-to-date: /home/ubuntu22/so_arm100_ws/install/so_arm100/share/so_arm100/urdf/so_arm100
[0.605s] -- Up-to-date: /home/ubuntu22/so_arm100_ws/install/so_arm100/share/so_arm100/urdf/so_arm100/so_arm100.usd
[0.605s] -- Up-to-date: /home/ubuntu22/so_arm100_ws/install/so_arm100/share/so_arm100/config
[0.605s] -- Up-to-date: /home/ubuntu22/so_arm100_ws/install/so_arm100/share/so_arm100/config/urdf.rviz
[0.605s] -- Up-to-date: /home/ubuntu22/so_arm100_ws/install/so_arm100/share/so_arm100/config/joint_names_so_arm100.yaml
[0.605s] -- Up-to-date: /home/ubuntu22/so_arm100_ws/install/so_arm100/share/ament_index/resource_index/package_run_dependencies/so_arm100
[0.606s] -- Up-to-date: /home/ubuntu22/so_arm100_ws/install/so_arm100/share/ament_index/resource_index/parent_prefix_path/so_arm100
[0.606s] -- Up-to-date: /home/ubuntu22/so_arm100_ws/install/so_arm100/share/so_arm100/environment/ament_prefix_path.sh
[0.606s] -- Installing: /home/ubuntu22/so_arm100_ws/install/so_arm100/share/so_arm100/environment/ament_prefix_path.dsv
[0.606s] -- Up-to-date: /home/ubuntu22/so_arm100_ws/install/so_arm100/share/so_arm100/environment/path.sh
[0.606s] -- Installing: /home/ubuntu22/so_arm100_ws/install/so_arm100/share/so_arm100/environment/path.dsv
[0.606s] -- Up-to-date: /home/ubuntu22/so_arm100_ws/install/so_arm100/share/so_arm100/local_setup.bash
[0.606s] -- Installing: /home/ubuntu22/so_arm100_ws/install/so_arm100/share/so_arm100/local_setup.sh
[0.606s] -- Up-to-date: /home/ubuntu22/so_arm100_ws/install/so_arm100/share/so_arm100/local_setup.zsh
[0.606s] -- Installing: /home/ubuntu22/so_arm100_ws/install/so_arm100/share/so_arm100/local_setup.dsv
[0.606s] -- Installing: /home/ubuntu22/so_arm100_ws/install/so_arm100/share/so_arm100/package.dsv
[0.606s] -- Up-to-date: /home/ubuntu22/so_arm100_ws/install/so_arm100/share/ament_index/resource_index/packages/so_arm100
[0.606s] -- Installing: /home/ubuntu22/so_arm100_ws/install/so_arm100/share/so_arm100/cmake/so_arm100Config.cmake
[0.606s] -- Up-to-date: /home/ubuntu22/so_arm100_ws/install/so_arm100/share/so_arm100/cmake/so_arm100Config-version.cmake
[0.606s] -- Up-to-date: /home/ubuntu22/so_arm100_ws/install/so_arm100/share/so_arm100/package.xml
[0.607s] Invoked command in '/home/ubuntu22/so_arm100_ws/build/so_arm100' returned '0': CMAKE_PREFIX_PATH=/opt/ros/humble CONDA_PROMPT_MODIFIER=(base) /home/ubuntu22/.local/bin/cmake --install /home/ubuntu22/so_arm100_ws/build/so_arm100
