-- The C compiler identification is GNU 11.4.0
-- The CXX compiler identification is GNU 11.4.0
-- Detecting C compiler ABI info
-- Detecting C compiler ABI info - done
-- Check for working C compiler: /usr/bin/cc - skipped
-- Detecting C compile features
-- Detecting C compile features - done
-- Detecting CXX compiler ABI info
-- Detecting CXX compiler ABI info - done
-- Check for working CXX compiler: /usr/bin/c++ - skipped
-- Detecting CXX compile features
-- Detecting CXX compile features - done
-- Found ament_cmake: 1.3.11 (/opt/ros/humble/share/ament_cmake/cmake)
-- Found Python3: /home/ubuntu22/anaconda3/bin/python3 (found version "3.10.9") found components: Interpreter
-- Found rclcpp: 16.0.11 (/opt/ros/humble/share/rclcpp/cmake)
-- Found rosidl_generator_c: 3.1.6 (/opt/ros/humble/share/rosidl_generator_c/cmake)
-- Found rosidl_adapter: 3.1.6 (/opt/ros/humble/share/rosidl_adapter/cmake)
-- Found rosidl_generator_cpp: 3.1.6 (/opt/ros/humble/share/rosidl_generator_cpp/cmake)
-- Using all available rosidl_typesupport_c: rosidl_typesupport_fastrtps_c;rosidl_typesupport_introspection_c
-- Using all available rosidl_typesupport_cpp: rosidl_typesupport_fastrtps_cpp;rosidl_typesupport_introspection_cpp
-- Found rmw_implementation_cmake: 6.1.2 (/opt/ros/humble/share/rmw_implementation_cmake/cmake)
-- Found rmw_fastrtps_cpp: 6.2.7 (/opt/ros/humble/share/rmw_fastrtps_cpp/cmake)
-- Found OpenSSL: /usr/lib/x86_64-linux-gnu/libcrypto.so (found version "3.0.2")
-- Found FastRTPS: /opt/ros/humble/include
-- Using RMW implementation 'rmw_fastrtps_cpp' as default
-- Performing Test CMAKE_HAVE_LIBC_PTHREAD
-- Performing Test CMAKE_HAVE_LIBC_PTHREAD - Success
-- Found Threads: TRUE
-- Found rclcpp_lifecycle: 16.0.11 (/opt/ros/humble/share/rclcpp_lifecycle/cmake)
-- Configuring done (1.0s)
-- Generating done (0.0s)
-- Build files have been written to: /home/ubuntu22/so_arm100_ws/build/so_arm100
[ 50%] [32mBuilding CXX object CMakeFiles/so_arm100.dir/src/feetech.cpp.o[0m
[100%] [32m[1mLinking CXX shared library libso_arm100.so[0m
[100%] Built target so_arm100
-- Install configuration: ""
-- Installing: /home/ubuntu22/so_arm100_ws/install/so_arm100/include
-- Installing: /home/ubuntu22/so_arm100_ws/install/so_arm100/include/so_arm100
-- Installing: /home/ubuntu22/so_arm100_ws/install/so_arm100/include/motors
-- Installing: /home/ubuntu22/so_arm100_ws/install/so_arm100/include/motors/feetech.hpp
-- Installing: /home/ubuntu22/so_arm100_ws/install/so_arm100/share/so_arm100/urdf
-- Installing: /home/ubuntu22/so_arm100_ws/install/so_arm100/share/so_arm100/urdf/so_arm100_control.urdf.xacro
-- Installing: /home/ubuntu22/so_arm100_ws/install/so_arm100/share/so_arm100/urdf/so_arm100_macro.xacro
-- Installing: /home/ubuntu22/so_arm100_ws/install/so_arm100/share/so_arm100/urdf/so_arm100.csv
-- Installing: /home/ubuntu22/so_arm100_ws/install/so_arm100/share/so_arm100/urdf/so_arm100.urdf
-- Installing: /home/ubuntu22/so_arm100_ws/install/so_arm100/share/so_arm100/urdf/so_arm100.urdf.xacro
-- Installing: /home/ubuntu22/so_arm100_ws/install/so_arm100/share/so_arm100/urdf/so_arm100
-- Installing: /home/ubuntu22/so_arm100_ws/install/so_arm100/share/so_arm100/urdf/so_arm100/so_arm100.usd
-- Installing: /home/ubuntu22/so_arm100_ws/install/so_arm100/share/so_arm100/config
-- Installing: /home/ubuntu22/so_arm100_ws/install/so_arm100/share/so_arm100/config/urdf.rviz
-- Installing: /home/ubuntu22/so_arm100_ws/install/so_arm100/share/so_arm100/config/joint_names_so_arm100.yaml
-- Installing: /home/ubuntu22/so_arm100_ws/install/so_arm100/lib/libso_arm100.so
-- Set non-toolchain portion of runtime path of "/home/ubuntu22/so_arm100_ws/install/so_arm100/lib/libso_arm100.so" to ""
-- Installing: /home/ubuntu22/so_arm100_ws/install/so_arm100/share/so_arm100/environment/library_path.sh
-- Installing: /home/ubuntu22/so_arm100_ws/install/so_arm100/share/so_arm100/environment/library_path.dsv
-- Installing: /home/ubuntu22/so_arm100_ws/install/so_arm100/share/ament_index/resource_index/package_run_dependencies/so_arm100
-- Installing: /home/ubuntu22/so_arm100_ws/install/so_arm100/share/ament_index/resource_index/parent_prefix_path/so_arm100
-- Installing: /home/ubuntu22/so_arm100_ws/install/so_arm100/share/so_arm100/environment/ament_prefix_path.sh
-- Installing: /home/ubuntu22/so_arm100_ws/install/so_arm100/share/so_arm100/environment/ament_prefix_path.dsv
-- Installing: /home/ubuntu22/so_arm100_ws/install/so_arm100/share/so_arm100/environment/path.sh
-- Installing: /home/ubuntu22/so_arm100_ws/install/so_arm100/share/so_arm100/environment/path.dsv
-- Installing: /home/ubuntu22/so_arm100_ws/install/so_arm100/share/so_arm100/local_setup.bash
-- Installing: /home/ubuntu22/so_arm100_ws/install/so_arm100/share/so_arm100/local_setup.sh
-- Installing: /home/ubuntu22/so_arm100_ws/install/so_arm100/share/so_arm100/local_setup.zsh
-- Installing: /home/ubuntu22/so_arm100_ws/install/so_arm100/share/so_arm100/local_setup.dsv
-- Installing: /home/ubuntu22/so_arm100_ws/install/so_arm100/share/so_arm100/package.dsv
-- Installing: /home/ubuntu22/so_arm100_ws/install/so_arm100/share/ament_index/resource_index/packages/so_arm100
-- Installing: /home/ubuntu22/so_arm100_ws/install/so_arm100/share/so_arm100/cmake/ament_cmake_export_include_directories-extras.cmake
-- Installing: /home/ubuntu22/so_arm100_ws/install/so_arm100/share/so_arm100/cmake/ament_cmake_export_libraries-extras.cmake
-- Installing: /home/ubuntu22/so_arm100_ws/install/so_arm100/share/so_arm100/cmake/ament_cmake_export_dependencies-extras.cmake
-- Installing: /home/ubuntu22/so_arm100_ws/install/so_arm100/share/so_arm100/cmake/so_arm100Config.cmake
-- Installing: /home/ubuntu22/so_arm100_ws/install/so_arm100/share/so_arm100/cmake/so_arm100Config-version.cmake
-- Installing: /home/ubuntu22/so_arm100_ws/install/so_arm100/share/so_arm100/package.xml
