[0.000000] (-) TimerEvent: {}
[0.000156] (so_arm100) JobQueued: {'identifier': 'so_arm100', 'dependencies': OrderedDict()}
[0.000432] (so_arm100_moveit_config) JobQueued: {'identifier': 'so_arm100_moveit_config', 'dependencies': OrderedDict([('so_arm100', '/home/ubuntu22/ros2_so_arm100/install/so_arm100')])}
[0.000553] (so_arm100) JobStarted: {'identifier': 'so_arm100'}
[0.004956] (so_arm100) JobProgress: {'identifier': 'so_arm100', 'progress': 'cmake'}
[0.005303] (so_arm100) JobProgress: {'identifier': 'so_arm100', 'progress': 'build'}
[0.005727] (so_arm100) Command: {'cmd': ['/home/ubuntu22/.local/bin/cmake', '--build', '/home/ubuntu22/ros2_so_arm100/build/so_arm100', '--', '-j16', '-l16'], 'cwd': '/home/ubuntu22/ros2_so_arm100/build/so_arm100', 'env': OrderedDict([('GJS_DEBUG_TOPICS', 'JS ERROR;JS LOG'), ('LESSOPEN', '| /usr/bin/lesspipe %s'), ('VSCODE_CWD', '/home/ubuntu22'), ('CONDA_PROMPT_MODIFIER', '(base)'), ('LANGUAGE', 'zh_CN:zh'), ('USER', 'ubuntu22'), ('VSCODE_NLS_CONFIG', '{"userLocale":"zh-cn","osLocale":"zh-cn","resolvedLanguage":"zh-cn","defaultMessagesFile":"/usr/share/windsurf/resources/app/out/nls.messages.json","languagePack":{"translationsConfigFile":"/home/ubuntu22/.config/Windsurf/clp/83447c9e569f9056950c8dcd32d44ec9.zh-cn/tcf.json","messagesFile":"/home/ubuntu22/.config/Windsurf/clp/83447c9e569f9056950c8dcd32d44ec9.zh-cn/bf4345439764c543a1e5ff3517bbce5a22128bca/nls.messages.json","corruptMarkerFile":"/home/ubuntu22/.config/Windsurf/clp/83447c9e569f9056950c8dcd32d44ec9.zh-cn/corrupted.info"},"locale":"zh-cn","availableLanguages":{"*":"zh-cn"},"_languagePackId":"83447c9e569f9056950c8dcd32d44ec9.zh-cn","_languagePackSupport":true,"_translationsConfigFile":"/home/ubuntu22/.config/Windsurf/clp/83447c9e569f9056950c8dcd32d44ec9.zh-cn/tcf.json","_cacheRoot":"/home/ubuntu22/.config/Windsurf/clp/83447c9e569f9056950c8dcd32d44ec9.zh-cn","_resolvedLanguagePackCoreLocation":"/home/ubuntu22/.config/Windsurf/clp/83447c9e569f9056950c8dcd32d44ec9.zh-cn/bf4345439764c543a1e5ff3517bbce5a22128bca","_corruptedFile":"/home/ubuntu22/.config/Windsurf/clp/83447c9e569f9056950c8dcd32d44ec9.zh-cn/corrupted.info"}'), ('VSCODE_HANDLES_UNCAUGHT_ERRORS', 'true'), ('XDG_SESSION_TYPE', 'x11'), ('LD_LIBRARY_PATH', '/opt/ros/humble/lib:/opt/ros/humble/opt/rviz_ogre_vendor/lib:/opt/ros/humble/lib/x86_64-linux-gnu:/opt/ros/humble/lib'), ('SHLVL', '0'), ('CHROME_DESKTOP', 'windsurf-url-handler.desktop'), ('CONDA_SHLVL', '1'), ('HOME', '/home/ubuntu22'), ('DESKTOP_SESSION', 'ubuntu'), ('GIO_LAUNCHED_DESKTOP_FILE', '/usr/share/applications/windsurf.desktop'), ('VSCODE_IPC_HOOK', '/run/user/1000/vscode-b1babb8d-1.94-main.sock'), ('GNOME_SHELL_SESSION_MODE', 'ubuntu'), ('GTK_MODULES', 'gail:atk-bridge'), ('ROS_PYTHON_VERSION', '3'), ('MANAGERPID', '1180'), ('DBUS_SESSION_BUS_ADDRESS', 'unix:path=/run/user/1000/bus'), ('SYSTEMD_EXEC_PID', '1553'), ('GIO_LAUNCHED_DESKTOP_FILE_PID', '5277'), ('VSCODE_CRASH_REPORTER_PROCESS_TYPE', 'extensionHost'), ('IM_CONFIG_PHASE', '1'), ('ROS_DISTRO', 'humble'), ('VSCODE_L10N_BUNDLE_LOCATION', 'file:///home/ubuntu22/.windsurf/extensions/ms-ceintl.vscode-language-pack-zh-hans-1.94.0-universal/translations/extensions/vscode.markdown-language-features.i18n.json'), ('GTK_IM_MODULE', 'ibus'), ('LOGNAME', 'ubuntu22'), ('JOURNAL_STREAM', '8:9189'), ('_', '/usr/share/windsurf/windsurf'), ('ROS_VERSION', '2'), ('XDG_SESSION_CLASS', 'user'), ('USERNAME', 'ubuntu22'), ('GNOME_DESKTOP_SESSION_ID', 'this-is-deprecated'), ('ROS_LOCALHOST_ONLY', '0'), ('WINDOWPATH', '2'), ('PATH', '/home/ubuntu22/.local/bin:/opt/ros/humble/bin:/home/ubuntu22/anaconda3/bin:/home/ubuntu22/anaconda3/condabin:/home/ubuntu22/.local/bin:/usr/local/sbin:/usr/local/bin:/usr/sbin:/usr/bin:/sbin:/bin:/usr/games:/usr/local/games:/snap/bin:/snap/bin:/home/ubuntu22/.local/bin'), ('INVOCATION_ID', '24d955afea184bb0ace7b53cbe0fda04'), ('SESSION_MANAGER', 'local/ubuntu22-MS-Challenger-B760M-N-D5:@/tmp/.ICE-unix/1526,unix/ubuntu22-MS-Challenger-B760M-N-D5:/tmp/.ICE-unix/1526'), ('VSCODE_AMD_ENTRYPOINT', 'vs/workbench/api/node/extensionHostProcess'), ('GDK_BACKEND', 'x11'), ('XDG_MENU_PREFIX', 'gnome-'), ('XDG_RUNTIME_DIR', '/run/user/1000'), ('DISPLAY', ':0'), ('LANG', 'zh_CN.UTF-8'), ('XDG_CURRENT_DESKTOP', 'Unity'), ('XAUTHORITY', '/run/user/1000/gdm/Xauthority'), ('XDG_SESSION_DESKTOP', 'ubuntu'), ('XMODIFIERS', '@im=ibus'), ('AMENT_PREFIX_PATH', '/opt/ros/humble'), ('CONDA_PYTHON_EXE', '/home/ubuntu22/anaconda3/bin/python'), ('ORIGINAL_XDG_CURRENT_DESKTOP', 'ubuntu:GNOME'), ('SSH_AGENT_LAUNCHER', 'gnome-keyring'), ('SSH_AUTH_SOCK', '/run/user/1000/keyring/ssh'), ('SHELL', '/bin/bash'), ('GDMSESSION', 'ubuntu'), ('QT_ACCESSIBILITY', '1'), ('ELECTRON_RUN_AS_NODE', '1'), ('CONDA_DEFAULT_ENV', 'base'), ('LESSCLOSE', '/usr/bin/lesspipe %s %s'), ('GJS_DEBUG_OUTPUT', 'stderr'), ('GPG_AGENT_INFO', '/run/user/1000/gnupg/S.gpg-agent:0:1'), ('QT_IM_MODULE', 'ibus'), ('CODEIUM_EDITOR_APP_ROOT', '/usr/share/windsurf/resources/app'), ('PWD', '/home/ubuntu22/ros2_so_arm100/build/so_arm100'), ('CONDA_EXE', '/home/ubuntu22/anaconda3/bin/conda'), ('VSCODE_CODE_CACHE_PATH', '/home/ubuntu22/.config/Windsurf/CachedData/bf4345439764c543a1e5ff3517bbce5a22128bca'), ('XDG_CONFIG_DIRS', '/etc/xdg/xdg-ubuntu:/etc/xdg'), ('XDG_DATA_DIRS', '/usr/share/ubuntu:/usr/share/gnome:/home/ubuntu22/.local/share/flatpak/exports/share:/var/lib/flatpak/exports/share:/usr/local/share/:/usr/share/:/var/lib/snapd/desktop'), ('PYTHONPATH', '/opt/ros/humble/lib/python3.10/site-packages:/opt/ros/humble/lib/python3.10/site-packages:/opt/ros/humble/local/lib/python3.10/dist-packages'), ('CONDA_PREFIX', '/home/ubuntu22/anaconda3'), ('COLCON', '1'), ('VSCODE_PID', '5277'), ('CMAKE_PREFIX_PATH', '/opt/ros/humble')]), 'shell': False}
[0.078712] (so_arm100) StdoutLine: {'line': b'[ 33%] Building CXX object CMakeFiles/so_arm100.dir/src/feetech_hardware_interface.cpp.o\n'}
[0.078965] (so_arm100) StdoutLine: {'line': b'[ 66%] Building CXX object CMakeFiles/so_arm100.dir/src/feetech.cpp.o\n'}
[0.099864] (-) TimerEvent: {}
[0.200042] (-) TimerEvent: {}
[0.283304] (so_arm100) StderrLine: {'line': b'/home/ubuntu22/ros2_so_arm100/so_arm100/src/feetech.cpp: In member function \xe2\x80\x98std::vector<unsigned char> FeetechMotorsBus::Impl::sendCommand(const std::vector<unsigned char>&)\xe2\x80\x99:\n'}
[0.283512] (so_arm100) StderrLine: {'line': b'/home/ubuntu22/ros2_so_arm100/so_arm100/src/feetech.cpp:78:18: error: no matching function for call to \xe2\x80\x98FeetechMotorsBus::Impl::write(int&, const unsigned char*, std::vector<unsigned char>::size_type)\xe2\x80\x99\n'}
[0.283596] (so_arm100) StderrLine: {'line': b'   78 |         if (write(fd_, cmd.data(), cmd.size()) != static_cast<ssize_t>(cmd.size())) {\n'}
[0.283675] (so_arm100) StderrLine: {'line': b'      |             ~~~~~^~~~~~~~~~~~~~~~~~~~~~~~~~~~~\n'}
[0.283747] (so_arm100) StderrLine: {'line': b'/home/ubuntu22/ros2_so_arm100/so_arm100/src/feetech.cpp:146:10: note: candidate: \xe2\x80\x98void FeetechMotorsBus::Impl::write(const string&, const std::vector<int>&)\xe2\x80\x99\n'}
[0.283812] (so_arm100) StderrLine: {'line': b'  146 |     void write(const std::string& param_name, const std::vector<int>& values) {\n'}
[0.283877] (so_arm100) StderrLine: {'line': b'      |          ^~~~~\n'}
[0.289504] (so_arm100) StderrLine: {'line': b'/home/ubuntu22/ros2_so_arm100/so_arm100/src/feetech.cpp:146:10: note:   candidate expects 2 arguments, 3 provided\n'}
[0.289619] (so_arm100) StderrLine: {'line': b'/home/ubuntu22/ros2_so_arm100/so_arm100/src/feetech.cpp:157:10: note: candidate: \xe2\x80\x98void FeetechMotorsBus::Impl::write(const string&, int, const string&)\xe2\x80\x99\n'}
[0.289751] (so_arm100) StderrLine: {'line': b'  157 |     void write(const std::string& param_name, int value, const std::string& motor_name) {\n'}
[0.289818] (so_arm100) StderrLine: {'line': b'      |          ^~~~~\n'}
[0.289880] (so_arm100) StderrLine: {'line': b'/home/ubuntu22/ros2_so_arm100/so_arm100/src/feetech.cpp:157:35: note:   no known conversion for argument 1 from \xe2\x80\x98int\xe2\x80\x99 to \xe2\x80\x98const string&\xe2\x80\x99 {aka \xe2\x80\x98const std::__cxx11::basic_string<char>&\xe2\x80\x99}\n'}
[0.289952] (so_arm100) StderrLine: {'line': b'  157 |     void write(const std::string& param_name, int value, const std::string& motor_name) {\n'}
[0.290013] (so_arm100) StderrLine: {'line': b'      |                ~~~~~~~~~~~~~~~~~~~^~~~~~~~~~\n'}
[0.290072] (so_arm100) StderrLine: {'line': b'/home/ubuntu22/ros2_so_arm100/so_arm100/src/feetech.cpp:87:25: error: no matching function for call to \xe2\x80\x98FeetechMotorsBus::Impl::read(int&, unsigned char*, std::vector<unsigned char>::size_type)\xe2\x80\x99\n'}
[0.290133] (so_arm100) StderrLine: {'line': b'   87 |         ssize_t n = read(fd_, response.data(), response.size());\n'}
[0.290193] (so_arm100) StderrLine: {'line': b'      |                     ~~~~^~~~~~~~~~~~~~~~~~~~~~~~~~~~~~~~~~~~~~~\n'}
[0.290251] (so_arm100) StderrLine: {'line': b'/home/ubuntu22/ros2_so_arm100/so_arm100/src/feetech.cpp:95:22: note: candidate: \xe2\x80\x98std::vector<int> FeetechMotorsBus::Impl::read(const string&)\xe2\x80\x99\n'}
[0.290311] (so_arm100) StderrLine: {'line': b'   95 |     std::vector<int> read(const std::string& param_name) {\n'}
[0.290370] (so_arm100) StderrLine: {'line': b'      |                      ^~~~\n'}
[0.290430] (so_arm100) StderrLine: {'line': b'/home/ubuntu22/ros2_so_arm100/so_arm100/src/feetech.cpp:95:22: note:   candidate expects 1 argument, 3 provided\n'}
[0.290491] (so_arm100) StderrLine: {'line': b'/home/ubuntu22/ros2_so_arm100/so_arm100/src/feetech.cpp:103:9: note: candidate: \xe2\x80\x98int FeetechMotorsBus::Impl::read(const string&, const string&)\xe2\x80\x99\n'}
[0.290551] (so_arm100) StderrLine: {'line': b'  103 |     int read(const std::string& param_name, const std::string& motor_name) {\n'}
[0.290612] (so_arm100) StderrLine: {'line': b'      |         ^~~~\n'}
[0.290683] (so_arm100) StderrLine: {'line': b'/home/ubuntu22/ros2_so_arm100/so_arm100/src/feetech.cpp:103:9: note:   candidate expects 2 arguments, 3 provided\n'}
[0.300159] (-) TimerEvent: {}
[0.334572] (so_arm100) StderrLine: {'line': b'gmake[2]: *** [CMakeFiles/so_arm100.dir/build.make:93\xef\xbc\x9aCMakeFiles/so_arm100.dir/src/feetech.cpp.o] \xe9\x94\x99\xe8\xaf\xaf 1\n'}
[0.334737] (so_arm100) StderrLine: {'line': b'gmake[2]: *** \xe6\xad\xa3\xe5\x9c\xa8\xe7\xad\x89\xe5\xbe\x85\xe6\x9c\xaa\xe5\xae\x8c\xe6\x88\x90\xe7\x9a\x84\xe4\xbb\xbb\xe5\x8a\xa1....\n'}
[0.400277] (-) TimerEvent: {}
[0.500447] (-) TimerEvent: {}
[0.600597] (-) TimerEvent: {}
[0.700727] (-) TimerEvent: {}
[0.800871] (-) TimerEvent: {}
[0.901026] (-) TimerEvent: {}
[1.001173] (-) TimerEvent: {}
[1.101338] (-) TimerEvent: {}
[1.201507] (-) TimerEvent: {}
[1.301678] (-) TimerEvent: {}
[1.401826] (-) TimerEvent: {}
[1.501980] (-) TimerEvent: {}
[1.602146] (-) TimerEvent: {}
[1.702297] (-) TimerEvent: {}
[1.802448] (-) TimerEvent: {}
[1.902624] (-) TimerEvent: {}
[2.002781] (-) TimerEvent: {}
[2.102920] (-) TimerEvent: {}
[2.203131] (so_arm100) StderrLine: {'line': b'gmake[1]: *** [CMakeFiles/Makefile2:151\xef\xbc\x9aCMakeFiles/so_arm100.dir/all] \xe9\x94\x99\xe8\xaf\xaf 2\n'}
[2.203275] (-) TimerEvent: {}
[2.203289] (so_arm100) StderrLine: {'line': b'gmake: *** [Makefile:146\xef\xbc\x9aall] \xe9\x94\x99\xe8\xaf\xaf 2\n'}
[2.204058] (so_arm100) CommandEnded: {'returncode': 2}
[2.210989] (so_arm100) JobEnded: {'identifier': 'so_arm100', 'rc': 2}
[2.221405] (so_arm100_moveit_config) JobSkipped: {'identifier': 'so_arm100_moveit_config'}
[2.221462] (-) EventReactorShutdown: {}
