[0.006s] Invoking command in '/home/ubuntu22/ros2_so_arm100/build/so_arm100': CMAKE_PREFIX_PATH=/opt/ros/humble CONDA_PROMPT_MODIFIER=(base) /home/ubuntu22/.local/bin/cmake /home/ubuntu22/ros2_so_arm100/so_arm100 -DCMAKE_INSTALL_PREFIX=/home/ubuntu22/ros2_so_arm100/install/so_arm100
[0.055s] CMake Deprecation Warning at CMakeLists.txt:1 (cmake_minimum_required):
[0.055s]   Compatibility with CMake < 3.10 will be removed from a future version of
[0.056s]   CMake.
[0.056s] 
[0.056s]   Update the VERSION argument <min> value or use a ...<max> suffix to tell
[0.056s]   CMake that the project does not need compatibility with older versions.
[0.056s] 
[0.056s] 
[0.064s] -- Found ament_cmake: 1.3.11 (/opt/ros/humble/share/ament_cmake/cmake)
[0.231s] -- Override CMake install command with custom implementation using symlinks instead of copying resources
[0.290s] -- Configuring done (0.2s)
[0.291s] -- Generating done (0.0s)
[0.292s] -- Build files have been written to: /home/ubuntu22/ros2_so_arm100/build/so_arm100
[0.293s] Invoked command in '/home/ubuntu22/ros2_so_arm100/build/so_arm100' returned '0': CMAKE_PREFIX_PATH=/opt/ros/humble CONDA_PROMPT_MODIFIER=(base) /home/ubuntu22/.local/bin/cmake /home/ubuntu22/ros2_so_arm100/so_arm100 -DCMAKE_INSTALL_PREFIX=/home/ubuntu22/ros2_so_arm100/install/so_arm100
[0.294s] Invoking command in '/home/ubuntu22/ros2_so_arm100/build/so_arm100': CMAKE_PREFIX_PATH=/opt/ros/humble CONDA_PROMPT_MODIFIER=(base) /home/ubuntu22/.local/bin/cmake --build /home/ubuntu22/ros2_so_arm100/build/so_arm100 -- -j16 -l16
[0.351s] Invoked command in '/home/ubuntu22/ros2_so_arm100/build/so_arm100' returned '0': CMAKE_PREFIX_PATH=/opt/ros/humble CONDA_PROMPT_MODIFIER=(base) /home/ubuntu22/.local/bin/cmake --build /home/ubuntu22/ros2_so_arm100/build/so_arm100 -- -j16 -l16
[0.400s] Invoking command in '/home/ubuntu22/ros2_so_arm100/build/so_arm100': CMAKE_PREFIX_PATH=/opt/ros/humble CONDA_PROMPT_MODIFIER=(base) /home/ubuntu22/.local/bin/cmake --install /home/ubuntu22/ros2_so_arm100/build/so_arm100
[0.451s] -- Install configuration: ""
[0.451s] -- Execute custom install script
[0.452s] -- Up-to-date symlink: /home/ubuntu22/ros2_so_arm100/install/so_arm100/share/so_arm100//launch/controllers_bringup.launch.py
[0.452s] -- Up-to-date symlink: /home/ubuntu22/ros2_so_arm100/install/so_arm100/share/so_arm100//launch/display.launch
[0.452s] -- Up-to-date symlink: /home/ubuntu22/ros2_so_arm100/install/so_arm100/share/so_arm100//launch/display.launch.py
[0.452s] -- Up-to-date symlink: /home/ubuntu22/ros2_so_arm100/install/so_arm100/share/so_arm100//launch/gazebo.launch
[0.452s] -- Up-to-date symlink: /home/ubuntu22/ros2_so_arm100/install/so_arm100/share/so_arm100//meshes/Base.STL
[0.452s] -- Up-to-date symlink: /home/ubuntu22/ros2_so_arm100/install/so_arm100/share/so_arm100//meshes/forearm_link.STL
[0.452s] -- Up-to-date symlink: /home/ubuntu22/ros2_so_arm100/install/so_arm100/share/so_arm100//meshes/jaw_link.STL
[0.452s] -- Up-to-date symlink: /home/ubuntu22/ros2_so_arm100/install/so_arm100/share/so_arm100//meshes/shoulder_link.STL
[0.452s] -- Up-to-date symlink: /home/ubuntu22/ros2_so_arm100/install/so_arm100/share/so_arm100//meshes/upper_arm_link.STL
[0.453s] -- Up-to-date symlink: /home/ubuntu22/ros2_so_arm100/install/so_arm100/share/so_arm100//meshes/wrist_1_link.STL
[0.453s] -- Up-to-date symlink: /home/ubuntu22/ros2_so_arm100/install/so_arm100/share/so_arm100//meshes/wrist_2_link.STL
[0.453s] -- Up-to-date symlink: /home/ubuntu22/ros2_so_arm100/install/so_arm100/share/so_arm100//urdf/so_arm100.csv
[0.453s] -- Up-to-date symlink: /home/ubuntu22/ros2_so_arm100/install/so_arm100/share/so_arm100//urdf/so_arm100.urdf
[0.453s] -- Up-to-date symlink: /home/ubuntu22/ros2_so_arm100/install/so_arm100/share/so_arm100//urdf/so_arm100.urdf.xacro
[0.453s] -- Up-to-date symlink: /home/ubuntu22/ros2_so_arm100/install/so_arm100/share/so_arm100//urdf/so_arm100_control.urdf.xacro
[0.453s] -- Up-to-date symlink: /home/ubuntu22/ros2_so_arm100/install/so_arm100/share/so_arm100//urdf/so_arm100_macro.xacro
[0.453s] -- Up-to-date symlink: /home/ubuntu22/ros2_so_arm100/install/so_arm100/share/so_arm100//config/joint_names_so_arm100.yaml
[0.453s] -- Up-to-date symlink: /home/ubuntu22/ros2_so_arm100/install/so_arm100/share/so_arm100//config/urdf.rviz
[0.453s] -- Up-to-date symlink: /home/ubuntu22/ros2_so_arm100/install/so_arm100/share/ament_index/resource_index/package_run_dependencies/so_arm100
[0.454s] -- Up-to-date symlink: /home/ubuntu22/ros2_so_arm100/install/so_arm100/share/ament_index/resource_index/parent_prefix_path/so_arm100
[0.454s] -- Up-to-date symlink: /home/ubuntu22/ros2_so_arm100/install/so_arm100/share/so_arm100/environment/ament_prefix_path.sh
[0.454s] -- Up-to-date symlink: /home/ubuntu22/ros2_so_arm100/install/so_arm100/share/so_arm100/environment/ament_prefix_path.dsv
[0.454s] -- Up-to-date symlink: /home/ubuntu22/ros2_so_arm100/install/so_arm100/share/so_arm100/environment/path.sh
[0.454s] -- Up-to-date symlink: /home/ubuntu22/ros2_so_arm100/install/so_arm100/share/so_arm100/environment/path.dsv
[0.454s] -- Up-to-date symlink: /home/ubuntu22/ros2_so_arm100/install/so_arm100/share/so_arm100/local_setup.bash
[0.454s] -- Up-to-date symlink: /home/ubuntu22/ros2_so_arm100/install/so_arm100/share/so_arm100/local_setup.sh
[0.454s] -- Up-to-date symlink: /home/ubuntu22/ros2_so_arm100/install/so_arm100/share/so_arm100/local_setup.zsh
[0.454s] -- Up-to-date symlink: /home/ubuntu22/ros2_so_arm100/install/so_arm100/share/so_arm100/local_setup.dsv
[0.454s] -- Symlinking: /home/ubuntu22/ros2_so_arm100/install/so_arm100/share/so_arm100/package.dsv
[0.456s] -- Up-to-date symlink: /home/ubuntu22/ros2_so_arm100/install/so_arm100/share/ament_index/resource_index/packages/so_arm100
[0.456s] -- Up-to-date symlink: /home/ubuntu22/ros2_so_arm100/install/so_arm100/share/so_arm100/cmake/so_arm100Config.cmake
[0.456s] -- Up-to-date symlink: /home/ubuntu22/ros2_so_arm100/install/so_arm100/share/so_arm100/cmake/so_arm100Config-version.cmake
[0.456s] -- Up-to-date symlink: /home/ubuntu22/ros2_so_arm100/install/so_arm100/share/so_arm100/package.xml
[0.456s] Invoked command in '/home/ubuntu22/ros2_so_arm100/build/so_arm100' returned '0': CMAKE_PREFIX_PATH=/opt/ros/humble CONDA_PROMPT_MODIFIER=(base) /home/ubuntu22/.local/bin/cmake --install /home/ubuntu22/ros2_so_arm100/build/so_arm100
