[0.006s] Invoking command in '/home/ubuntu22/ros2_so_arm100/build/so_arm100': CMAKE_PREFIX_PATH=/opt/ros/humble CONDA_PROMPT_MODIFIER=(base) /home/ubuntu22/.local/bin/cmake --build /home/ubuntu22/ros2_so_arm100/build/so_arm100 -- -j16 -l16
[0.057s] CMake Deprecation Warning at CMakeLists.txt:1 (cmake_minimum_required):
[0.057s]   Compatibility with CMake < 3.10 will be removed from a future version of
[0.057s]   CMake.
[0.058s] 
[0.058s]   Update the VERSION argument <min> value or use a ...<max> suffix to tell
[0.058s]   CMake that the project does not need compatibility with older versions.
[0.058s] 
[0.058s] 
[0.065s] -- Found ament_cmake: 1.3.11 (/opt/ros/humble/share/ament_cmake/cmake)
[0.211s] -- Override CMake install command with custom implementation using symlinks instead of copying resources
[0.216s] -- Found hardware_interface: 2.44.0 (/opt/ros/humble/share/hardware_interface/cmake)
[0.236s] -- Found rosidl_generator_c: 3.1.6 (/opt/ros/humble/share/rosidl_generator_c/cmake)
[0.238s] -- Found rosidl_adapter: 3.1.6 (/opt/ros/humble/share/rosidl_adapter/cmake)
[0.242s] -- Found rosidl_generator_cpp: 3.1.6 (/opt/ros/humble/share/rosidl_generator_cpp/cmake)
[0.250s] -- Using all available rosidl_typesupport_c: rosidl_typesupport_fastrtps_c;rosidl_typesupport_introspection_c
[0.260s] -- Using all available rosidl_typesupport_cpp: rosidl_typesupport_fastrtps_cpp;rosidl_typesupport_introspection_cpp
[0.411s] -- Found rmw_implementation_cmake: 6.1.2 (/opt/ros/humble/share/rmw_implementation_cmake/cmake)
[0.412s] -- Found rmw_fastrtps_cpp: 6.2.7 (/opt/ros/humble/share/rmw_fastrtps_cpp/cmake)
[0.428s] -- Found TinyXML2 via Config file: TinyXML2_DIR-NOTFOUND
[0.435s] -- Found TinyXML2 via Config file: TinyXML2_DIR-NOTFOUND
[0.447s] -- Found TinyXML2 via Config file: TinyXML2_DIR-NOTFOUND
[0.454s] -- Found TinyXML2 via Config file: TinyXML2_DIR-NOTFOUND
[0.461s] -- Using RMW implementation 'rmw_fastrtps_cpp' as default
[0.561s] -- Configuring done (0.5s)
[0.577s] -- Generating done (0.0s)
[0.579s] -- Build files have been written to: /home/ubuntu22/ros2_so_arm100/build/so_arm100
[0.599s] [ 33%] Building CXX object CMakeFiles/so_arm100.dir/src/feetech_hardware_interface.cpp.o
[0.599s] [ 66%] Building CXX object CMakeFiles/so_arm100.dir/src/feetech.cpp.o
[1.972s] /home/ubuntu22/ros2_so_arm100/so_arm100/src/feetech_hardware_interface.cpp:25:7: error: redefinition of ‘class so_arm100::FeetechHardwareInterface’
[1.972s]    25 | class FeetechHardwareInterface : public hardware_interface::SystemInterface
[1.973s]       |       ^~~~~~~~~~~~~~~~~~~~~~~~
[1.973s] In file included from /home/ubuntu22/ros2_so_arm100/so_arm100/src/feetech_hardware_interface.cpp:1:
[1.973s] /home/ubuntu22/ros2_so_arm100/so_arm100/include/so_arm100/feetech_hardware_interface.hpp:17:7: note: previous definition of ‘class so_arm100::FeetechHardwareInterface’
[1.973s]    17 | class FeetechHardwareInterface : public hardware_interface::SystemInterface
[1.973s]       |       ^~~~~~~~~~~~~~~~~~~~~~~~
[1.973s] In file included from /opt/ros/humble/include/class_loader/class_loader/class_loader.hpp:37,
[1.973s]                  from /opt/ros/humble/include/pluginlib/pluginlib/class_list_macros.hpp:40,
[1.973s]                  from /home/ubuntu22/ros2_so_arm100/so_arm100/src/feetech_hardware_interface.cpp:250:
[1.973s] /usr/include/c++/11/cstddef:52:8: error: expected unqualified-id before string constant
[1.973s]    52 | extern "C++"
[1.973s]       |        ^~~~~
[1.979s] In file included from /opt/ros/humble/include/class_loader/class_loader/class_loader.hpp:56,
[1.979s]                  from /opt/ros/humble/include/pluginlib/pluginlib/class_list_macros.hpp:40,
[1.979s]                  from /home/ubuntu22/ros2_so_arm100/so_arm100/src/feetech_hardware_interface.cpp:250:
[1.979s] /home/ubuntu22/ros2_so_arm100/so_arm100/src/feetech_hardware_interface.cpp:251:1: error: expected ‘}’ at end of input
[1.979s]   251 | PLUGINLIB_EXPORT_CLASS(so_arm100::FeetechHardwareInterface, hardware_interface::SystemInterface)
[1.979s]       | ^~~~~~~~~~~~~~~~~~~~~~
[1.979s] /home/ubuntu22/ros2_so_arm100/so_arm100/src/feetech_hardware_interface.cpp:16:1: note: to match this ‘{’
[1.979s]    16 | {
[1.979s]       | ^
[2.284s] gmake[2]: *** [CMakeFiles/so_arm100.dir/build.make:79：CMakeFiles/so_arm100.dir/src/feetech_hardware_interface.cpp.o] 错误 1
[2.284s] gmake[1]: *** [CMakeFiles/Makefile2:151：CMakeFiles/so_arm100.dir/all] 错误 2
[2.284s] gmake: *** [Makefile:146：all] 错误 2
[2.285s] Invoked command in '/home/ubuntu22/ros2_so_arm100/build/so_arm100' returned '2': CMAKE_PREFIX_PATH=/opt/ros/humble CONDA_PROMPT_MODIFIER=(base) /home/ubuntu22/.local/bin/cmake --build /home/ubuntu22/ros2_so_arm100/build/so_arm100 -- -j16 -l16
