[0.004s] Invoking command in '/home/ubuntu22/ros2_so_arm100/build/so_arm100_moveit_config': AMENT_PREFIX_PATH=/home/ubuntu22/ros2_so_arm100/install/so_arm100:${AMENT_PREFIX_PATH} CMAKE_PREFIX_PATH=/home/ubuntu22/ros2_so_arm100/install/so_arm100:/opt/ros/humble CONDA_PROMPT_MODIFIER=(base) /home/ubuntu22/.local/bin/cmake --build /home/ubuntu22/ros2_so_arm100/build/so_arm100_moveit_config -- -j16 -l16
[0.065s] Invoked command in '/home/ubuntu22/ros2_so_arm100/build/so_arm100_moveit_config' returned '0': AMENT_PREFIX_PATH=/home/ubuntu22/ros2_so_arm100/install/so_arm100:${AMENT_PREFIX_PATH} CMAKE_PREFIX_PATH=/home/ubuntu22/ros2_so_arm100/install/so_arm100:/opt/ros/humble CONDA_PROMPT_MODIFIER=(base) /home/ubuntu22/.local/bin/cmake --build /home/ubuntu22/ros2_so_arm100/build/so_arm100_moveit_config -- -j16 -l16
[0.066s] Invoking command in '/home/ubuntu22/ros2_so_arm100/build/so_arm100_moveit_config': AMENT_PREFIX_PATH=/home/ubuntu22/ros2_so_arm100/install/so_arm100:${AMENT_PREFIX_PATH} CMAKE_PREFIX_PATH=/home/ubuntu22/ros2_so_arm100/install/so_arm100:/opt/ros/humble CONDA_PROMPT_MODIFIER=(base) /home/ubuntu22/.local/bin/cmake --install /home/ubuntu22/ros2_so_arm100/build/so_arm100_moveit_config
[0.114s] -- Install configuration: ""
[0.114s] -- Execute custom install script
[0.114s] -- Up-to-date symlink: /home/ubuntu22/ros2_so_arm100/install/so_arm100_moveit_config/share/ament_index/resource_index/package_run_dependencies/so_arm100_moveit_config
[0.114s] -- Up-to-date symlink: /home/ubuntu22/ros2_so_arm100/install/so_arm100_moveit_config/share/ament_index/resource_index/parent_prefix_path/so_arm100_moveit_config
[0.114s] -- Up-to-date symlink: /home/ubuntu22/ros2_so_arm100/install/so_arm100_moveit_config/share/so_arm100_moveit_config/environment/ament_prefix_path.sh
[0.114s] -- Up-to-date symlink: /home/ubuntu22/ros2_so_arm100/install/so_arm100_moveit_config/share/so_arm100_moveit_config/environment/ament_prefix_path.dsv
[0.115s] -- Up-to-date symlink: /home/ubuntu22/ros2_so_arm100/install/so_arm100_moveit_config/share/so_arm100_moveit_config/environment/path.sh
[0.115s] -- Up-to-date symlink: /home/ubuntu22/ros2_so_arm100/install/so_arm100_moveit_config/share/so_arm100_moveit_config/environment/path.dsv
[0.115s] -- Up-to-date symlink: /home/ubuntu22/ros2_so_arm100/install/so_arm100_moveit_config/share/so_arm100_moveit_config/local_setup.bash
[0.115s] -- Up-to-date symlink: /home/ubuntu22/ros2_so_arm100/install/so_arm100_moveit_config/share/so_arm100_moveit_config/local_setup.sh
[0.115s] -- Up-to-date symlink: /home/ubuntu22/ros2_so_arm100/install/so_arm100_moveit_config/share/so_arm100_moveit_config/local_setup.zsh
[0.115s] -- Up-to-date symlink: /home/ubuntu22/ros2_so_arm100/install/so_arm100_moveit_config/share/so_arm100_moveit_config/local_setup.dsv
[0.115s] -- Symlinking: /home/ubuntu22/ros2_so_arm100/install/so_arm100_moveit_config/share/so_arm100_moveit_config/package.dsv
[0.117s] -- Up-to-date symlink: /home/ubuntu22/ros2_so_arm100/install/so_arm100_moveit_config/share/ament_index/resource_index/packages/so_arm100_moveit_config
[0.117s] -- Up-to-date symlink: /home/ubuntu22/ros2_so_arm100/install/so_arm100_moveit_config/share/so_arm100_moveit_config/cmake/so_arm100_moveit_configConfig.cmake
[0.117s] -- Up-to-date symlink: /home/ubuntu22/ros2_so_arm100/install/so_arm100_moveit_config/share/so_arm100_moveit_config/cmake/so_arm100_moveit_configConfig-version.cmake
[0.117s] -- Up-to-date symlink: /home/ubuntu22/ros2_so_arm100/install/so_arm100_moveit_config/share/so_arm100_moveit_config/package.xml
[0.118s] -- Up-to-date symlink: /home/ubuntu22/ros2_so_arm100/install/so_arm100_moveit_config/share/so_arm100_moveit_config/launch/demo.launch.py
[0.118s] -- Up-to-date symlink: /home/ubuntu22/ros2_so_arm100/install/so_arm100_moveit_config/share/so_arm100_moveit_config/launch/move_group.launch.py
[0.118s] -- Up-to-date symlink: /home/ubuntu22/ros2_so_arm100/install/so_arm100_moveit_config/share/so_arm100_moveit_config/launch/moveit_rviz.launch.py
[0.118s] -- Up-to-date symlink: /home/ubuntu22/ros2_so_arm100/install/so_arm100_moveit_config/share/so_arm100_moveit_config/launch/rsp.launch.py
[0.118s] -- Up-to-date symlink: /home/ubuntu22/ros2_so_arm100/install/so_arm100_moveit_config/share/so_arm100_moveit_config/launch/setup_assistant.launch.py
[0.118s] -- Up-to-date symlink: /home/ubuntu22/ros2_so_arm100/install/so_arm100_moveit_config/share/so_arm100_moveit_config/launch/spawn_controllers.launch.py
[0.118s] -- Up-to-date symlink: /home/ubuntu22/ros2_so_arm100/install/so_arm100_moveit_config/share/so_arm100_moveit_config/launch/static_virtual_joint_tfs.launch.py
[0.118s] -- Up-to-date symlink: /home/ubuntu22/ros2_so_arm100/install/so_arm100_moveit_config/share/so_arm100_moveit_config/launch/warehouse_db.launch.py
[0.118s] -- Up-to-date symlink: /home/ubuntu22/ros2_so_arm100/install/so_arm100_moveit_config/share/so_arm100_moveit_config/config/joint_limits.yaml
[0.118s] -- Up-to-date symlink: /home/ubuntu22/ros2_so_arm100/install/so_arm100_moveit_config/share/so_arm100_moveit_config/config/kinematics.yaml
[0.118s] -- Up-to-date symlink: /home/ubuntu22/ros2_so_arm100/install/so_arm100_moveit_config/share/so_arm100_moveit_config/config/moveit.rviz
[0.118s] -- Up-to-date symlink: /home/ubuntu22/ros2_so_arm100/install/so_arm100_moveit_config/share/so_arm100_moveit_config/config/moveit_controllers.yaml
[0.119s] -- Up-to-date symlink: /home/ubuntu22/ros2_so_arm100/install/so_arm100_moveit_config/share/so_arm100_moveit_config/config/pilz_cartesian_limits.yaml
[0.119s] -- Up-to-date symlink: /home/ubuntu22/ros2_so_arm100/install/so_arm100_moveit_config/share/so_arm100_moveit_config/config/ros2_controllers.yaml
[0.119s] -- Up-to-date symlink: /home/ubuntu22/ros2_so_arm100/install/so_arm100_moveit_config/share/so_arm100_moveit_config/config/so_arm100.srdf
[0.119s] -- Up-to-date symlink: /home/ubuntu22/ros2_so_arm100/install/so_arm100_moveit_config/share/so_arm100_moveit_config/.setup_assistant
[0.119s] -- Up-to-date: /home/ubuntu22/ros2_so_arm100/install/so_arm100_moveit_config/lib/so_arm100_moveit_config
[0.119s] -- Up-to-date: /home/ubuntu22/ros2_so_arm100/install/so_arm100_moveit_config/lib/so_arm100_moveit_config/test_move.py
[0.120s] Invoked command in '/home/ubuntu22/ros2_so_arm100/build/so_arm100_moveit_config' returned '0': AMENT_PREFIX_PATH=/home/ubuntu22/ros2_so_arm100/install/so_arm100:${AMENT_PREFIX_PATH} CMAKE_PREFIX_PATH=/home/ubuntu22/ros2_so_arm100/install/so_arm100:/opt/ros/humble CONDA_PROMPT_MODIFIER=(base) /home/ubuntu22/.local/bin/cmake --install /home/ubuntu22/ros2_so_arm100/build/so_arm100_moveit_config
