[0.007s] Invoking command in '/home/ubuntu22/ros2_so_arm100/build/so_arm100': CMAKE_PREFIX_PATH=/opt/ros/humble CONDA_PROMPT_MODIFIER=(base) /home/ubuntu22/.local/bin/cmake --build /home/ubuntu22/ros2_so_arm100/build/so_arm100 -- -j16 -l16
[0.089s] [100%] Built target so_arm100
[0.091s] Invoked command in '/home/ubuntu22/ros2_so_arm100/build/so_arm100' returned '0': CMAKE_PREFIX_PATH=/opt/ros/humble CONDA_PROMPT_MODIFIER=(base) /home/ubuntu22/.local/bin/cmake --build /home/ubuntu22/ros2_so_arm100/build/so_arm100 -- -j16 -l16
[0.142s] Invoking command in '/home/ubuntu22/ros2_so_arm100/build/so_arm100': CMAKE_PREFIX_PATH=/opt/ros/humble CONDA_PROMPT_MODIFIER=(base) /home/ubuntu22/.local/bin/cmake --install /home/ubuntu22/ros2_so_arm100/build/so_arm100
[0.190s] -- Install configuration: ""
[0.190s] -- Execute custom install script
[0.191s] -- Up-to-date symlink: /home/ubuntu22/ros2_so_arm100/install/so_arm100/include/motors/feetech.hpp
[0.191s] -- Up-to-date symlink: /home/ubuntu22/ros2_so_arm100/install/so_arm100/share/so_arm100/urdf/so_arm100.csv
[0.191s] -- Up-to-date symlink: /home/ubuntu22/ros2_so_arm100/install/so_arm100/share/so_arm100/urdf/so_arm100.urdf
[0.191s] -- Up-to-date symlink: /home/ubuntu22/ros2_so_arm100/install/so_arm100/share/so_arm100/urdf/so_arm100.urdf.xacro
[0.191s] -- Up-to-date symlink: /home/ubuntu22/ros2_so_arm100/install/so_arm100/share/so_arm100/urdf/so_arm100_control.urdf.xacro
[0.191s] -- Up-to-date symlink: /home/ubuntu22/ros2_so_arm100/install/so_arm100/share/so_arm100/urdf/so_arm100_macro.xacro
[0.191s] -- Up-to-date symlink: /home/ubuntu22/ros2_so_arm100/install/so_arm100/share/so_arm100/config/joint_names_so_arm100.yaml
[0.191s] -- Up-to-date symlink: /home/ubuntu22/ros2_so_arm100/install/so_arm100/share/so_arm100/config/urdf.rviz
[0.191s] -- Up-to-date symlink: /home/ubuntu22/ros2_so_arm100/install/so_arm100/lib/libso_arm100.so
[0.191s] -- Up-to-date symlink: /home/ubuntu22/ros2_so_arm100/install/so_arm100/share/so_arm100/environment/library_path.sh
[0.191s] -- Up-to-date symlink: /home/ubuntu22/ros2_so_arm100/install/so_arm100/share/so_arm100/environment/library_path.dsv
[0.191s] -- Up-to-date symlink: /home/ubuntu22/ros2_so_arm100/install/so_arm100/share/ament_index/resource_index/package_run_dependencies/so_arm100
[0.192s] -- Up-to-date symlink: /home/ubuntu22/ros2_so_arm100/install/so_arm100/share/ament_index/resource_index/parent_prefix_path/so_arm100
[0.192s] -- Up-to-date symlink: /home/ubuntu22/ros2_so_arm100/install/so_arm100/share/so_arm100/environment/ament_prefix_path.sh
[0.192s] -- Up-to-date symlink: /home/ubuntu22/ros2_so_arm100/install/so_arm100/share/so_arm100/environment/ament_prefix_path.dsv
[0.192s] -- Up-to-date symlink: /home/ubuntu22/ros2_so_arm100/install/so_arm100/share/so_arm100/environment/path.sh
[0.192s] -- Up-to-date symlink: /home/ubuntu22/ros2_so_arm100/install/so_arm100/share/so_arm100/environment/path.dsv
[0.192s] -- Up-to-date symlink: /home/ubuntu22/ros2_so_arm100/install/so_arm100/share/so_arm100/local_setup.bash
[0.192s] -- Up-to-date symlink: /home/ubuntu22/ros2_so_arm100/install/so_arm100/share/so_arm100/local_setup.sh
[0.192s] -- Up-to-date symlink: /home/ubuntu22/ros2_so_arm100/install/so_arm100/share/so_arm100/local_setup.zsh
[0.192s] -- Up-to-date symlink: /home/ubuntu22/ros2_so_arm100/install/so_arm100/share/so_arm100/local_setup.dsv
[0.192s] -- Symlinking: /home/ubuntu22/ros2_so_arm100/install/so_arm100/share/so_arm100/package.dsv
[0.195s] -- Up-to-date symlink: /home/ubuntu22/ros2_so_arm100/install/so_arm100/share/ament_index/resource_index/packages/so_arm100
[0.195s] -- Up-to-date symlink: /home/ubuntu22/ros2_so_arm100/install/so_arm100/share/so_arm100/cmake/ament_cmake_export_include_directories-extras.cmake
[0.195s] -- Up-to-date symlink: /home/ubuntu22/ros2_so_arm100/install/so_arm100/share/so_arm100/cmake/ament_cmake_export_libraries-extras.cmake
[0.195s] -- Up-to-date symlink: /home/ubuntu22/ros2_so_arm100/install/so_arm100/share/so_arm100/cmake/ament_cmake_export_dependencies-extras.cmake
[0.195s] -- Up-to-date symlink: /home/ubuntu22/ros2_so_arm100/install/so_arm100/share/so_arm100/cmake/so_arm100Config.cmake
[0.195s] -- Up-to-date symlink: /home/ubuntu22/ros2_so_arm100/install/so_arm100/share/so_arm100/cmake/so_arm100Config-version.cmake
[0.195s] -- Up-to-date symlink: /home/ubuntu22/ros2_so_arm100/install/so_arm100/share/so_arm100/package.xml
[0.196s] Invoked command in '/home/ubuntu22/ros2_so_arm100/build/so_arm100' returned '0': CMAKE_PREFIX_PATH=/opt/ros/humble CONDA_PROMPT_MODIFIER=(base) /home/ubuntu22/.local/bin/cmake --install /home/ubuntu22/ros2_so_arm100/build/so_arm100
