[0.006s] Invoking command in '/home/ubuntu22/ros2_so_arm100/build/so_arm100': CMAKE_PREFIX_PATH=/opt/ros/humble CONDA_PROMPT_MODIFIER=(base) /home/ubuntu22/.local/bin/cmake /home/ubuntu22/ros2_so_arm100/so_arm100 -DCMAKE_INSTALL_PREFIX=/home/ubuntu22/ros2_so_arm100/install/so_arm100
[0.052s] [0mCMake Deprecation Warning at CMakeLists.txt:1 (cmake_minimum_required):
[0.052s]   Compatibility with CMake < 3.10 will be removed from a future version of
[0.052s]   CMake.
[0.052s] 
[0.052s]   Update the VERSION argument <min> value or use a ...<max> suffix to tell
[0.052s]   CMake that the project does not need compatibility with older versions.
[0.052s] 
[0.052s] [0m
[0.091s] -- The C compiler identification is GNU 11.4.0
[0.154s] -- The CXX compiler identification is GNU 11.4.0
[0.161s] -- Detecting C compiler ABI info
[0.238s] -- Detecting C compiler ABI info - done
[0.259s] -- Check for working C compiler: /usr/bin/cc - skipped
[0.259s] -- Detecting C compile features
[0.260s] -- Detecting C compile features - done
[0.280s] -- Detecting CXX compiler ABI info
[0.362s] -- Detecting CXX compiler ABI info - done
[0.374s] -- Check for working CXX compiler: /usr/bin/c++ - skipped
[0.375s] -- Detecting CXX compile features
[0.375s] -- Detecting CXX compile features - done
[0.381s] -- Found ament_cmake: 1.3.11 (/opt/ros/humble/share/ament_cmake/cmake)
[0.487s] -- Found Python3: /home/ubuntu22/anaconda3/bin/python3 (found version "3.10.9") found components: Interpreter
[0.599s] -- Configuring done (0.5s)
[0.601s] -- Generating done (0.0s)
[0.601s] -- Build files have been written to: /home/ubuntu22/ros2_so_arm100/build/so_arm100
[0.606s] Invoked command in '/home/ubuntu22/ros2_so_arm100/build/so_arm100' returned '0': CMAKE_PREFIX_PATH=/opt/ros/humble CONDA_PROMPT_MODIFIER=(base) /home/ubuntu22/.local/bin/cmake /home/ubuntu22/ros2_so_arm100/so_arm100 -DCMAKE_INSTALL_PREFIX=/home/ubuntu22/ros2_so_arm100/install/so_arm100
[0.606s] Invoking command in '/home/ubuntu22/ros2_so_arm100/build/so_arm100': CMAKE_PREFIX_PATH=/opt/ros/humble CONDA_PROMPT_MODIFIER=(base) /home/ubuntu22/.local/bin/cmake --build /home/ubuntu22/ros2_so_arm100/build/so_arm100 -- -j16 -l16
[0.672s] Invoked command in '/home/ubuntu22/ros2_so_arm100/build/so_arm100' returned '0': CMAKE_PREFIX_PATH=/opt/ros/humble CONDA_PROMPT_MODIFIER=(base) /home/ubuntu22/.local/bin/cmake --build /home/ubuntu22/ros2_so_arm100/build/so_arm100 -- -j16 -l16
[0.723s] Invoking command in '/home/ubuntu22/ros2_so_arm100/build/so_arm100': CMAKE_PREFIX_PATH=/opt/ros/humble CONDA_PROMPT_MODIFIER=(base) /home/ubuntu22/.local/bin/cmake --install /home/ubuntu22/ros2_so_arm100/build/so_arm100
[0.769s] -- Install configuration: ""
[0.769s] -- Installing: /home/ubuntu22/ros2_so_arm100/install/so_arm100/share/so_arm100//launch
[0.769s] -- Installing: /home/ubuntu22/ros2_so_arm100/install/so_arm100/share/so_arm100//launch/display.launch.py
[0.769s] -- Installing: /home/ubuntu22/ros2_so_arm100/install/so_arm100/share/so_arm100//launch/controllers_bringup.launch.py
[0.770s] -- Installing: /home/ubuntu22/ros2_so_arm100/install/so_arm100/share/so_arm100//launch/display.launch
[0.770s] -- Installing: /home/ubuntu22/ros2_so_arm100/install/so_arm100/share/so_arm100//launch/gazebo.launch
[0.770s] -- Installing: /home/ubuntu22/ros2_so_arm100/install/so_arm100/share/so_arm100//meshes
[0.770s] -- Installing: /home/ubuntu22/ros2_so_arm100/install/so_arm100/share/so_arm100//meshes/jaw_link.STL
[0.770s] -- Installing: /home/ubuntu22/ros2_so_arm100/install/so_arm100/share/so_arm100//meshes/shoulder_link.STL
[0.770s] -- Installing: /home/ubuntu22/ros2_so_arm100/install/so_arm100/share/so_arm100//meshes/wrist_2_link.STL
[0.770s] -- Installing: /home/ubuntu22/ros2_so_arm100/install/so_arm100/share/so_arm100//meshes/forearm_link.STL
[0.770s] -- Installing: /home/ubuntu22/ros2_so_arm100/install/so_arm100/share/so_arm100//meshes/Base.STL
[0.771s] -- Installing: /home/ubuntu22/ros2_so_arm100/install/so_arm100/share/so_arm100//meshes/wrist_1_link.STL
[0.771s] -- Installing: /home/ubuntu22/ros2_so_arm100/install/so_arm100/share/so_arm100//meshes/upper_arm_link.STL
[0.771s] -- Installing: /home/ubuntu22/ros2_so_arm100/install/so_arm100/share/so_arm100//urdf
[0.771s] -- Installing: /home/ubuntu22/ros2_so_arm100/install/so_arm100/share/so_arm100//urdf/so_arm100.csv
[0.771s] -- Installing: /home/ubuntu22/ros2_so_arm100/install/so_arm100/share/so_arm100//urdf/so_arm100.urdf
[0.771s] -- Installing: /home/ubuntu22/ros2_so_arm100/install/so_arm100/share/so_arm100//urdf/so_arm100.urdf.xacro
[0.771s] -- Installing: /home/ubuntu22/ros2_so_arm100/install/so_arm100/share/so_arm100//config
[0.771s] -- Installing: /home/ubuntu22/ros2_so_arm100/install/so_arm100/share/so_arm100//config/urdf.rviz
[0.771s] -- Installing: /home/ubuntu22/ros2_so_arm100/install/so_arm100/share/so_arm100//config/joint_names_so_arm100.yaml
[0.771s] -- Installing: /home/ubuntu22/ros2_so_arm100/install/so_arm100/share/ament_index/resource_index/package_run_dependencies/so_arm100
[0.771s] -- Installing: /home/ubuntu22/ros2_so_arm100/install/so_arm100/share/ament_index/resource_index/parent_prefix_path/so_arm100
[0.772s] -- Installing: /home/ubuntu22/ros2_so_arm100/install/so_arm100/share/so_arm100/environment/ament_prefix_path.sh
[0.772s] -- Installing: /home/ubuntu22/ros2_so_arm100/install/so_arm100/share/so_arm100/environment/ament_prefix_path.dsv
[0.772s] -- Installing: /home/ubuntu22/ros2_so_arm100/install/so_arm100/share/so_arm100/environment/path.sh
[0.772s] -- Installing: /home/ubuntu22/ros2_so_arm100/install/so_arm100/share/so_arm100/environment/path.dsv
[0.772s] -- Installing: /home/ubuntu22/ros2_so_arm100/install/so_arm100/share/so_arm100/local_setup.bash
[0.772s] -- Installing: /home/ubuntu22/ros2_so_arm100/install/so_arm100/share/so_arm100/local_setup.sh
[0.772s] -- Installing: /home/ubuntu22/ros2_so_arm100/install/so_arm100/share/so_arm100/local_setup.zsh
[0.772s] -- Installing: /home/ubuntu22/ros2_so_arm100/install/so_arm100/share/so_arm100/local_setup.dsv
[0.772s] -- Installing: /home/ubuntu22/ros2_so_arm100/install/so_arm100/share/so_arm100/package.dsv
[0.772s] -- Installing: /home/ubuntu22/ros2_so_arm100/install/so_arm100/share/ament_index/resource_index/packages/so_arm100
[0.772s] -- Installing: /home/ubuntu22/ros2_so_arm100/install/so_arm100/share/so_arm100/cmake/so_arm100Config.cmake
[0.772s] -- Installing: /home/ubuntu22/ros2_so_arm100/install/so_arm100/share/so_arm100/cmake/so_arm100Config-version.cmake
[0.772s] -- Installing: /home/ubuntu22/ros2_so_arm100/install/so_arm100/share/so_arm100/package.xml
[0.773s] Invoked command in '/home/ubuntu22/ros2_so_arm100/build/so_arm100' returned '0': CMAKE_PREFIX_PATH=/opt/ros/humble CONDA_PROMPT_MODIFIER=(base) /home/ubuntu22/.local/bin/cmake --install /home/ubuntu22/ros2_so_arm100/build/so_arm100
