[0.006s] Invoking command in '/home/ubuntu22/so_arm100_ws/build/so_arm100': CMAKE_PREFIX_PATH=/opt/ros/humble CONDA_PROMPT_MODIFIER=(base) /home/ubuntu22/.local/bin/cmake --build /home/ubuntu22/so_arm100_ws/build/so_arm100 -- -j16 -l16
[0.065s] Invoked command in '/home/ubuntu22/so_arm100_ws/build/so_arm100' returned '0': CMAKE_PREFIX_PATH=/opt/ros/humble CONDA_PROMPT_MODIFIER=(base) /home/ubuntu22/.local/bin/cmake --build /home/ubuntu22/so_arm100_ws/build/so_arm100 -- -j16 -l16
[0.114s] Invoking command in '/home/ubuntu22/so_arm100_ws/build/so_arm100': CMAKE_PREFIX_PATH=/opt/ros/humble CONDA_PROMPT_MODIFIER=(base) /home/ubuntu22/.local/bin/cmake --install /home/ubuntu22/so_arm100_ws/build/so_arm100
[0.179s] -- Install configuration: ""
[0.179s] -- Up-to-date: /home/ubuntu22/so_arm100_ws/install/so_arm100/share/so_arm100/urdf
[0.179s] -- Up-to-date: /home/ubuntu22/so_arm100_ws/install/so_arm100/share/so_arm100/urdf/so_arm100_control.urdf.xacro
[0.179s] -- Up-to-date: /home/ubuntu22/so_arm100_ws/install/so_arm100/share/so_arm100/urdf/so_arm100_macro.xacro
[0.179s] -- Up-to-date: /home/ubuntu22/so_arm100_ws/install/so_arm100/share/so_arm100/urdf/so_arm100.csv
[0.179s] -- Installing: /home/ubuntu22/so_arm100_ws/install/so_arm100/share/so_arm100/urdf/so_arm100.urdf
[0.180s] -- Up-to-date: /home/ubuntu22/so_arm100_ws/install/so_arm100/share/so_arm100/urdf/so_arm100.urdf.xacro
[0.180s] -- Up-to-date: /home/ubuntu22/so_arm100_ws/install/so_arm100/share/so_arm100/urdf/so_arm100
[0.180s] -- Up-to-date: /home/ubuntu22/so_arm100_ws/install/so_arm100/share/so_arm100/urdf/so_arm100/so_arm100.usd
[0.180s] -- Up-to-date: /home/ubuntu22/so_arm100_ws/install/so_arm100/share/so_arm100/config
[0.180s] -- Up-to-date: /home/ubuntu22/so_arm100_ws/install/so_arm100/share/so_arm100/config/urdf.rviz
[0.180s] -- Up-to-date: /home/ubuntu22/so_arm100_ws/install/so_arm100/share/so_arm100/config/joint_names_so_arm100.yaml
[0.180s] -- Up-to-date: /home/ubuntu22/so_arm100_ws/install/so_arm100/share/so_arm100/meshes
[0.180s] -- Up-to-date: /home/ubuntu22/so_arm100_ws/install/so_arm100/share/so_arm100/meshes/jaw_link.STL
[0.180s] -- Up-to-date: /home/ubuntu22/so_arm100_ws/install/so_arm100/share/so_arm100/meshes/shoulder_link.STL
[0.180s] -- Up-to-date: /home/ubuntu22/so_arm100_ws/install/so_arm100/share/so_arm100/meshes/wrist_2_link.STL
[0.180s] -- Up-to-date: /home/ubuntu22/so_arm100_ws/install/so_arm100/share/so_arm100/meshes/forearm_link.STL
[0.180s] -- Up-to-date: /home/ubuntu22/so_arm100_ws/install/so_arm100/share/so_arm100/meshes/Base.STL
[0.180s] -- Up-to-date: /home/ubuntu22/so_arm100_ws/install/so_arm100/share/so_arm100/meshes/wrist_1_link.STL
[0.180s] -- Up-to-date: /home/ubuntu22/so_arm100_ws/install/so_arm100/share/so_arm100/meshes/upper_arm_link.STL
[0.180s] -- Up-to-date: /home/ubuntu22/so_arm100_ws/install/so_arm100/share/ament_index/resource_index/package_run_dependencies/so_arm100
[0.180s] -- Up-to-date: /home/ubuntu22/so_arm100_ws/install/so_arm100/share/ament_index/resource_index/parent_prefix_path/so_arm100
[0.180s] -- Up-to-date: /home/ubuntu22/so_arm100_ws/install/so_arm100/share/so_arm100/environment/ament_prefix_path.sh
[0.180s] -- Up-to-date: /home/ubuntu22/so_arm100_ws/install/so_arm100/share/so_arm100/environment/ament_prefix_path.dsv
[0.180s] -- Up-to-date: /home/ubuntu22/so_arm100_ws/install/so_arm100/share/so_arm100/environment/path.sh
[0.180s] -- Up-to-date: /home/ubuntu22/so_arm100_ws/install/so_arm100/share/so_arm100/environment/path.dsv
[0.180s] -- Up-to-date: /home/ubuntu22/so_arm100_ws/install/so_arm100/share/so_arm100/local_setup.bash
[0.180s] -- Up-to-date: /home/ubuntu22/so_arm100_ws/install/so_arm100/share/so_arm100/local_setup.sh
[0.180s] -- Up-to-date: /home/ubuntu22/so_arm100_ws/install/so_arm100/share/so_arm100/local_setup.zsh
[0.180s] -- Up-to-date: /home/ubuntu22/so_arm100_ws/install/so_arm100/share/so_arm100/local_setup.dsv
[0.180s] -- Up-to-date: /home/ubuntu22/so_arm100_ws/install/so_arm100/share/so_arm100/package.dsv
[0.181s] -- Up-to-date: /home/ubuntu22/so_arm100_ws/install/so_arm100/share/ament_index/resource_index/packages/so_arm100
[0.181s] -- Up-to-date: /home/ubuntu22/so_arm100_ws/install/so_arm100/share/so_arm100/cmake/so_arm100Config.cmake
[0.181s] -- Up-to-date: /home/ubuntu22/so_arm100_ws/install/so_arm100/share/so_arm100/cmake/so_arm100Config-version.cmake
[0.181s] -- Up-to-date: /home/ubuntu22/so_arm100_ws/install/so_arm100/share/so_arm100/package.xml
[0.181s] Invoked command in '/home/ubuntu22/so_arm100_ws/build/so_arm100' returned '0': CMAKE_PREFIX_PATH=/opt/ros/humble CONDA_PROMPT_MODIFIER=(base) /home/ubuntu22/.local/bin/cmake --install /home/ubuntu22/so_arm100_ws/build/so_arm100
