[0.004s] Invoking command in '/home/ubuntu22/ros2_so_arm100/build/so_arm100_moveit_config': AMENT_PREFIX_PATH=/home/ubuntu22/ros2_so_arm100/install/so_arm100:${AMENT_PREFIX_PATH} CMAKE_PREFIX_PATH=/home/ubuntu22/ros2_so_arm100/install/so_arm100:/opt/ros/humble CONDA_PROMPT_MODIFIER=(base) /home/ubuntu22/.local/bin/cmake /home/ubuntu22/ros2_so_arm100/so_arm100_moveit_config -DCMAKE_INSTALL_PREFIX=/home/ubuntu22/ros2_so_arm100/install/so_arm100_moveit_config
[0.087s] -- The C compiler identification is GNU 11.4.0
[0.123s] -- The CXX compiler identification is GNU 11.4.0
[0.128s] -- Detecting C compiler ABI info
[0.197s] -- Detecting C compiler ABI info - done
[0.213s] -- Check for working C compiler: /usr/bin/cc - skipped
[0.213s] -- Detecting C compile features
[0.213s] -- Detecting C compile features - done
[0.224s] -- Detecting CXX compiler ABI info
[0.306s] -- Detecting CXX compiler ABI info - done
[0.322s] -- Check for working CXX compiler: /usr/bin/c++ - skipped
[0.322s] -- Detecting CXX compile features
[0.323s] -- Detecting CXX compile features - done
[0.330s] -- Found ament_cmake: 1.3.11 (/opt/ros/humble/share/ament_cmake/cmake)
[0.430s] -- Found Python3: /home/ubuntu22/anaconda3/bin/python3 (found version "3.10.9") found components: Interpreter
[0.545s] -- Configuring done (0.5s)
[0.547s] -- Generating done (0.0s)
[0.548s] -- Build files have been written to: /home/ubuntu22/ros2_so_arm100/build/so_arm100_moveit_config
[0.550s] Invoked command in '/home/ubuntu22/ros2_so_arm100/build/so_arm100_moveit_config' returned '0': AMENT_PREFIX_PATH=/home/ubuntu22/ros2_so_arm100/install/so_arm100:${AMENT_PREFIX_PATH} CMAKE_PREFIX_PATH=/home/ubuntu22/ros2_so_arm100/install/so_arm100:/opt/ros/humble CONDA_PROMPT_MODIFIER=(base) /home/ubuntu22/.local/bin/cmake /home/ubuntu22/ros2_so_arm100/so_arm100_moveit_config -DCMAKE_INSTALL_PREFIX=/home/ubuntu22/ros2_so_arm100/install/so_arm100_moveit_config
[0.551s] Invoking command in '/home/ubuntu22/ros2_so_arm100/build/so_arm100_moveit_config': AMENT_PREFIX_PATH=/home/ubuntu22/ros2_so_arm100/install/so_arm100:${AMENT_PREFIX_PATH} CMAKE_PREFIX_PATH=/home/ubuntu22/ros2_so_arm100/install/so_arm100:/opt/ros/humble CONDA_PROMPT_MODIFIER=(base) /home/ubuntu22/.local/bin/cmake --build /home/ubuntu22/ros2_so_arm100/build/so_arm100_moveit_config -- -j16 -l16
[0.610s] Invoked command in '/home/ubuntu22/ros2_so_arm100/build/so_arm100_moveit_config' returned '0': AMENT_PREFIX_PATH=/home/ubuntu22/ros2_so_arm100/install/so_arm100:${AMENT_PREFIX_PATH} CMAKE_PREFIX_PATH=/home/ubuntu22/ros2_so_arm100/install/so_arm100:/opt/ros/humble CONDA_PROMPT_MODIFIER=(base) /home/ubuntu22/.local/bin/cmake --build /home/ubuntu22/ros2_so_arm100/build/so_arm100_moveit_config -- -j16 -l16
[0.611s] Invoking command in '/home/ubuntu22/ros2_so_arm100/build/so_arm100_moveit_config': AMENT_PREFIX_PATH=/home/ubuntu22/ros2_so_arm100/install/so_arm100:${AMENT_PREFIX_PATH} CMAKE_PREFIX_PATH=/home/ubuntu22/ros2_so_arm100/install/so_arm100:/opt/ros/humble CONDA_PROMPT_MODIFIER=(base) /home/ubuntu22/.local/bin/cmake --install /home/ubuntu22/ros2_so_arm100/build/so_arm100_moveit_config
[0.662s] -- Install configuration: ""
[0.662s] -- Installing: /home/ubuntu22/ros2_so_arm100/install/so_arm100_moveit_config/share/ament_index/resource_index/package_run_dependencies/so_arm100_moveit_config
[0.662s] -- Installing: /home/ubuntu22/ros2_so_arm100/install/so_arm100_moveit_config/share/ament_index/resource_index/parent_prefix_path/so_arm100_moveit_config
[0.662s] -- Installing: /home/ubuntu22/ros2_so_arm100/install/so_arm100_moveit_config/share/so_arm100_moveit_config/environment/ament_prefix_path.sh
[0.662s] -- Installing: /home/ubuntu22/ros2_so_arm100/install/so_arm100_moveit_config/share/so_arm100_moveit_config/environment/ament_prefix_path.dsv
[0.662s] -- Installing: /home/ubuntu22/ros2_so_arm100/install/so_arm100_moveit_config/share/so_arm100_moveit_config/environment/path.sh
[0.663s] -- Installing: /home/ubuntu22/ros2_so_arm100/install/so_arm100_moveit_config/share/so_arm100_moveit_config/environment/path.dsv
[0.663s] -- Installing: /home/ubuntu22/ros2_so_arm100/install/so_arm100_moveit_config/share/so_arm100_moveit_config/local_setup.bash
[0.663s] -- Installing: /home/ubuntu22/ros2_so_arm100/install/so_arm100_moveit_config/share/so_arm100_moveit_config/local_setup.sh
[0.663s] -- Installing: /home/ubuntu22/ros2_so_arm100/install/so_arm100_moveit_config/share/so_arm100_moveit_config/local_setup.zsh
[0.663s] -- Installing: /home/ubuntu22/ros2_so_arm100/install/so_arm100_moveit_config/share/so_arm100_moveit_config/local_setup.dsv
[0.663s] -- Installing: /home/ubuntu22/ros2_so_arm100/install/so_arm100_moveit_config/share/so_arm100_moveit_config/package.dsv
[0.663s] -- Installing: /home/ubuntu22/ros2_so_arm100/install/so_arm100_moveit_config/share/ament_index/resource_index/packages/so_arm100_moveit_config
[0.663s] -- Installing: /home/ubuntu22/ros2_so_arm100/install/so_arm100_moveit_config/share/so_arm100_moveit_config/cmake/so_arm100_moveit_configConfig.cmake
[0.663s] -- Installing: /home/ubuntu22/ros2_so_arm100/install/so_arm100_moveit_config/share/so_arm100_moveit_config/cmake/so_arm100_moveit_configConfig-version.cmake
[0.663s] -- Installing: /home/ubuntu22/ros2_so_arm100/install/so_arm100_moveit_config/share/so_arm100_moveit_config/package.xml
[0.663s] -- Installing: /home/ubuntu22/ros2_so_arm100/install/so_arm100_moveit_config/share/so_arm100_moveit_config/launch
[0.663s] -- Installing: /home/ubuntu22/ros2_so_arm100/install/so_arm100_moveit_config/share/so_arm100_moveit_config/launch/rsp.launch.py
[0.663s] -- Installing: /home/ubuntu22/ros2_so_arm100/install/so_arm100_moveit_config/share/so_arm100_moveit_config/launch/static_virtual_joint_tfs.launch.py
[0.663s] -- Installing: /home/ubuntu22/ros2_so_arm100/install/so_arm100_moveit_config/share/so_arm100_moveit_config/launch/setup_assistant.launch.py
[0.663s] -- Installing: /home/ubuntu22/ros2_so_arm100/install/so_arm100_moveit_config/share/so_arm100_moveit_config/launch/spawn_controllers.launch.py
[0.663s] -- Installing: /home/ubuntu22/ros2_so_arm100/install/so_arm100_moveit_config/share/so_arm100_moveit_config/launch/demo.launch.py
[0.663s] -- Installing: /home/ubuntu22/ros2_so_arm100/install/so_arm100_moveit_config/share/so_arm100_moveit_config/launch/move_group.launch.py
[0.663s] -- Installing: /home/ubuntu22/ros2_so_arm100/install/so_arm100_moveit_config/share/so_arm100_moveit_config/launch/moveit_rviz.launch.py
[0.663s] -- Installing: /home/ubuntu22/ros2_so_arm100/install/so_arm100_moveit_config/share/so_arm100_moveit_config/launch/warehouse_db.launch.py
[0.663s] -- Installing: /home/ubuntu22/ros2_so_arm100/install/so_arm100_moveit_config/share/so_arm100_moveit_config/config
[0.663s] -- Installing: /home/ubuntu22/ros2_so_arm100/install/so_arm100_moveit_config/share/so_arm100_moveit_config/config/moveit.rviz
[0.663s] -- Installing: /home/ubuntu22/ros2_so_arm100/install/so_arm100_moveit_config/share/so_arm100_moveit_config/config/ros2_controllers.yaml
[0.663s] -- Installing: /home/ubuntu22/ros2_so_arm100/install/so_arm100_moveit_config/share/so_arm100_moveit_config/config/so_arm100.srdf
[0.663s] -- Installing: /home/ubuntu22/ros2_so_arm100/install/so_arm100_moveit_config/share/so_arm100_moveit_config/config/kinematics.yaml
[0.664s] -- Installing: /home/ubuntu22/ros2_so_arm100/install/so_arm100_moveit_config/share/so_arm100_moveit_config/config/pilz_cartesian_limits.yaml
[0.664s] -- Installing: /home/ubuntu22/ros2_so_arm100/install/so_arm100_moveit_config/share/so_arm100_moveit_config/config/joint_limits.yaml
[0.664s] -- Installing: /home/ubuntu22/ros2_so_arm100/install/so_arm100_moveit_config/share/so_arm100_moveit_config/config/moveit_controllers.yaml
[0.664s] -- Installing: /home/ubuntu22/ros2_so_arm100/install/so_arm100_moveit_config/share/so_arm100_moveit_config/.setup_assistant
[0.665s] Invoked command in '/home/ubuntu22/ros2_so_arm100/build/so_arm100_moveit_config' returned '0': AMENT_PREFIX_PATH=/home/ubuntu22/ros2_so_arm100/install/so_arm100:${AMENT_PREFIX_PATH} CMAKE_PREFIX_PATH=/home/ubuntu22/ros2_so_arm100/install/so_arm100:/opt/ros/humble CONDA_PROMPT_MODIFIER=(base) /home/ubuntu22/.local/bin/cmake --install /home/ubuntu22/ros2_so_arm100/build/so_arm100_moveit_config
