[0.006s] Invoking command in '/home/ubuntu22/ros2_so_arm100/build/so_arm100': CMAKE_PREFIX_PATH=/opt/ros/humble CONDA_PROMPT_MODIFIER=(base) /home/ubuntu22/.local/bin/cmake --build /home/ubuntu22/ros2_so_arm100/build/so_arm100 -- -j16 -l16
[0.059s] CMake Deprecation Warning at CMakeLists.txt:1 (cmake_minimum_required):
[0.059s]   Compatibility with CMake < 3.10 will be removed from a future version of
[0.059s]   CMake.
[0.059s] 
[0.059s]   Update the VERSION argument <min> value or use a ...<max> suffix to tell
[0.059s]   CMake that the project does not need compatibility with older versions.
[0.059s] 
[0.059s] 
[0.068s] -- Found ament_cmake: 1.3.11 (/opt/ros/humble/share/ament_cmake/cmake)
[0.218s] -- Override CMake install command with custom implementation using symlinks instead of copying resources
[0.223s] -- Found hardware_interface: 2.44.0 (/opt/ros/humble/share/hardware_interface/cmake)
[0.258s] -- Found rosidl_generator_c: 3.1.6 (/opt/ros/humble/share/rosidl_generator_c/cmake)
[0.263s] -- Found rosidl_adapter: 3.1.6 (/opt/ros/humble/share/rosidl_adapter/cmake)
[0.269s] -- Found rosidl_generator_cpp: 3.1.6 (/opt/ros/humble/share/rosidl_generator_cpp/cmake)
[0.281s] -- Using all available rosidl_typesupport_c: rosidl_typesupport_fastrtps_c;rosidl_typesupport_introspection_c
[0.295s] -- Using all available rosidl_typesupport_cpp: rosidl_typesupport_fastrtps_cpp;rosidl_typesupport_introspection_cpp
[0.491s] -- Found rmw_implementation_cmake: 6.1.2 (/opt/ros/humble/share/rmw_implementation_cmake/cmake)
[0.493s] -- Found rmw_fastrtps_cpp: 6.2.7 (/opt/ros/humble/share/rmw_fastrtps_cpp/cmake)
[0.516s] -- Found TinyXML2 via Config file: TinyXML2_DIR-NOTFOUND
[0.548s] -- Found OpenSSL: /usr/lib/x86_64-linux-gnu/libcrypto.so (found version "3.0.2")
[0.550s] -- Found TinyXML2 via Config file: TinyXML2_DIR-NOTFOUND
[0.562s] -- Found FastRTPS: /opt/ros/humble/include
[0.565s] -- Found TinyXML2 via Config file: TinyXML2_DIR-NOTFOUND
[0.571s] -- Found TinyXML2 via Config file: TinyXML2_DIR-NOTFOUND
[0.579s] -- Using RMW implementation 'rmw_fastrtps_cpp' as default
[0.587s] -- Performing Test CMAKE_HAVE_LIBC_PTHREAD
[0.639s] -- Performing Test CMAKE_HAVE_LIBC_PTHREAD - Success
[0.640s] -- Found Threads: TRUE
[0.751s] -- Configuring done (0.7s)
[0.773s] -- Generating done (0.0s)
[0.775s] -- Build files have been written to: /home/ubuntu22/ros2_so_arm100/build/so_arm100
[0.791s] [ 50%] Building CXX object CMakeFiles/so_arm100.dir/src/feetech_hardware_interface.cpp.o
[2.858s] [100%] Linking CXX shared library libso_arm100.so
[2.959s] [100%] Built target so_arm100
[2.962s] Invoked command in '/home/ubuntu22/ros2_so_arm100/build/so_arm100' returned '0': CMAKE_PREFIX_PATH=/opt/ros/humble CONDA_PROMPT_MODIFIER=(base) /home/ubuntu22/.local/bin/cmake --build /home/ubuntu22/ros2_so_arm100/build/so_arm100 -- -j16 -l16
[3.026s] Invoking command in '/home/ubuntu22/ros2_so_arm100/build/so_arm100': CMAKE_PREFIX_PATH=/opt/ros/humble CONDA_PROMPT_MODIFIER=(base) /home/ubuntu22/.local/bin/cmake --install /home/ubuntu22/ros2_so_arm100/build/so_arm100
[3.079s] -- Install configuration: ""
[3.080s] -- Execute custom install script
[3.080s] -- Symlinking: /home/ubuntu22/ros2_so_arm100/install/so_arm100/share/so_arm100//feetech_hardware_interface.xml
[3.082s] -- Symlinking: /home/ubuntu22/ros2_so_arm100/install/so_arm100/lib/libso_arm100.so
[3.085s] -- Symlinking: /home/ubuntu22/ros2_so_arm100/install/so_arm100/include/so_arm100/feetech_hardware_interface.hpp
[3.087s] -- Up-to-date symlink: /home/ubuntu22/ros2_so_arm100/install/so_arm100/share/so_arm100//launch/controllers_bringup.launch.py
[3.087s] -- Up-to-date symlink: /home/ubuntu22/ros2_so_arm100/install/so_arm100/share/so_arm100//launch/display.launch
[3.087s] -- Up-to-date symlink: /home/ubuntu22/ros2_so_arm100/install/so_arm100/share/so_arm100//launch/display.launch.py
[3.088s] -- Up-to-date symlink: /home/ubuntu22/ros2_so_arm100/install/so_arm100/share/so_arm100//launch/gazebo.launch
[3.088s] -- Up-to-date symlink: /home/ubuntu22/ros2_so_arm100/install/so_arm100/share/so_arm100//meshes/Base.STL
[3.088s] -- Up-to-date symlink: /home/ubuntu22/ros2_so_arm100/install/so_arm100/share/so_arm100//meshes/forearm_link.STL
[3.088s] -- Up-to-date symlink: /home/ubuntu22/ros2_so_arm100/install/so_arm100/share/so_arm100//meshes/jaw_link.STL
[3.088s] -- Up-to-date symlink: /home/ubuntu22/ros2_so_arm100/install/so_arm100/share/so_arm100//meshes/shoulder_link.STL
[3.088s] -- Up-to-date symlink: /home/ubuntu22/ros2_so_arm100/install/so_arm100/share/so_arm100//meshes/upper_arm_link.STL
[3.088s] -- Up-to-date symlink: /home/ubuntu22/ros2_so_arm100/install/so_arm100/share/so_arm100//meshes/wrist_1_link.STL
[3.088s] -- Up-to-date symlink: /home/ubuntu22/ros2_so_arm100/install/so_arm100/share/so_arm100//meshes/wrist_2_link.STL
[3.089s] -- Up-to-date symlink: /home/ubuntu22/ros2_so_arm100/install/so_arm100/share/so_arm100//urdf/so_arm100.csv
[3.089s] -- Up-to-date symlink: /home/ubuntu22/ros2_so_arm100/install/so_arm100/share/so_arm100//urdf/so_arm100.urdf
[3.089s] -- Up-to-date symlink: /home/ubuntu22/ros2_so_arm100/install/so_arm100/share/so_arm100//urdf/so_arm100.urdf.xacro
[3.089s] -- Up-to-date symlink: /home/ubuntu22/ros2_so_arm100/install/so_arm100/share/so_arm100//urdf/so_arm100_control.urdf.xacro
[3.089s] -- Up-to-date symlink: /home/ubuntu22/ros2_so_arm100/install/so_arm100/share/so_arm100//urdf/so_arm100_macro.xacro
[3.089s] -- Up-to-date symlink: /home/ubuntu22/ros2_so_arm100/install/so_arm100/share/so_arm100//config/joint_names_so_arm100.yaml
[3.089s] -- Up-to-date symlink: /home/ubuntu22/ros2_so_arm100/install/so_arm100/share/so_arm100//config/urdf.rviz
[3.089s] -- Symlinking: /home/ubuntu22/ros2_so_arm100/install/so_arm100/share/so_arm100/environment/library_path.sh
[3.091s] -- Symlinking: /home/ubuntu22/ros2_so_arm100/install/so_arm100/share/so_arm100/environment/library_path.dsv
[3.094s] -- Up-to-date symlink: /home/ubuntu22/ros2_so_arm100/install/so_arm100/share/ament_index/resource_index/package_run_dependencies/so_arm100
[3.094s] -- Up-to-date symlink: /home/ubuntu22/ros2_so_arm100/install/so_arm100/share/ament_index/resource_index/parent_prefix_path/so_arm100
[3.094s] -- Up-to-date symlink: /home/ubuntu22/ros2_so_arm100/install/so_arm100/share/so_arm100/environment/ament_prefix_path.sh
[3.094s] -- Up-to-date symlink: /home/ubuntu22/ros2_so_arm100/install/so_arm100/share/so_arm100/environment/ament_prefix_path.dsv
[3.094s] -- Up-to-date symlink: /home/ubuntu22/ros2_so_arm100/install/so_arm100/share/so_arm100/environment/path.sh
[3.095s] -- Up-to-date symlink: /home/ubuntu22/ros2_so_arm100/install/so_arm100/share/so_arm100/environment/path.dsv
[3.095s] -- Up-to-date symlink: /home/ubuntu22/ros2_so_arm100/install/so_arm100/share/so_arm100/local_setup.bash
[3.095s] -- Up-to-date symlink: /home/ubuntu22/ros2_so_arm100/install/so_arm100/share/so_arm100/local_setup.sh
[3.095s] -- Up-to-date symlink: /home/ubuntu22/ros2_so_arm100/install/so_arm100/share/so_arm100/local_setup.zsh
[3.095s] -- Up-to-date symlink: /home/ubuntu22/ros2_so_arm100/install/so_arm100/share/so_arm100/local_setup.dsv
[3.095s] -- Symlinking: /home/ubuntu22/ros2_so_arm100/install/so_arm100/share/so_arm100/package.dsv
[3.097s] -- Up-to-date symlink: /home/ubuntu22/ros2_so_arm100/install/so_arm100/share/ament_index/resource_index/packages/so_arm100
[3.097s] -- Symlinking: /home/ubuntu22/ros2_so_arm100/install/so_arm100/share/ament_index/resource_index/hardware_interface__pluginlib__plugin/so_arm100
[3.099s] -- Symlinking: /home/ubuntu22/ros2_so_arm100/install/so_arm100/share/so_arm100/cmake/ament_cmake_export_include_directories-extras.cmake
[3.102s] -- Symlinking: /home/ubuntu22/ros2_so_arm100/install/so_arm100/share/so_arm100/cmake/ament_cmake_export_libraries-extras.cmake
[3.104s] -- Symlinking: /home/ubuntu22/ros2_so_arm100/install/so_arm100/share/so_arm100/cmake/ament_cmake_export_dependencies-extras.cmake
[3.106s] -- Up-to-date symlink: /home/ubuntu22/ros2_so_arm100/install/so_arm100/share/so_arm100/cmake/so_arm100Config.cmake
[3.106s] -- Up-to-date symlink: /home/ubuntu22/ros2_so_arm100/install/so_arm100/share/so_arm100/cmake/so_arm100Config-version.cmake
[3.106s] -- Up-to-date symlink: /home/ubuntu22/ros2_so_arm100/install/so_arm100/share/so_arm100/package.xml
[3.107s] Invoked command in '/home/ubuntu22/ros2_so_arm100/build/so_arm100' returned '0': CMAKE_PREFIX_PATH=/opt/ros/humble CONDA_PROMPT_MODIFIER=(base) /home/ubuntu22/.local/bin/cmake --install /home/ubuntu22/ros2_so_arm100/build/so_arm100
