-- Found ament_cmake: 1.3.11 (/opt/ros/humble/share/ament_cmake/cmake)
-- Override CMake install command with custom implementation using symlinks instead of copying resources
-- Configuring done (0.2s)
-- Generating done (0.0s)
-- Build files have been written to: /home/ubuntu22/ros2_so_arm100/build/so_arm100_moveit_config
-- Install configuration: ""
-- Execute custom install script
-- Symlinking: /home/ubuntu22/ros2_so_arm100/install/so_arm100_moveit_config/share/ament_index/resource_index/package_run_dependencies/so_arm100_moveit_config
-- Symlinking: /home/ubuntu22/ros2_so_arm100/install/so_arm100_moveit_config/share/ament_index/resource_index/parent_prefix_path/so_arm100_moveit_config
-- Symlinking: /home/ubuntu22/ros2_so_arm100/install/so_arm100_moveit_config/share/so_arm100_moveit_config/environment/ament_prefix_path.sh
-- Symlinking: /home/ubuntu22/ros2_so_arm100/install/so_arm100_moveit_config/share/so_arm100_moveit_config/environment/ament_prefix_path.dsv
-- Symlinking: /home/ubuntu22/ros2_so_arm100/install/so_arm100_moveit_config/share/so_arm100_moveit_config/environment/path.sh
-- Symlinking: /home/ubuntu22/ros2_so_arm100/install/so_arm100_moveit_config/share/so_arm100_moveit_config/environment/path.dsv
-- Symlinking: /home/ubuntu22/ros2_so_arm100/install/so_arm100_moveit_config/share/so_arm100_moveit_config/local_setup.bash
-- Symlinking: /home/ubuntu22/ros2_so_arm100/install/so_arm100_moveit_config/share/so_arm100_moveit_config/local_setup.sh
-- Symlinking: /home/ubuntu22/ros2_so_arm100/install/so_arm100_moveit_config/share/so_arm100_moveit_config/local_setup.zsh
-- Symlinking: /home/ubuntu22/ros2_so_arm100/install/so_arm100_moveit_config/share/so_arm100_moveit_config/local_setup.dsv
-- Symlinking: /home/ubuntu22/ros2_so_arm100/install/so_arm100_moveit_config/share/so_arm100_moveit_config/package.dsv
-- Symlinking: /home/ubuntu22/ros2_so_arm100/install/so_arm100_moveit_config/share/ament_index/resource_index/packages/so_arm100_moveit_config
-- Symlinking: /home/ubuntu22/ros2_so_arm100/install/so_arm100_moveit_config/share/so_arm100_moveit_config/cmake/so_arm100_moveit_configConfig.cmake
-- Symlinking: /home/ubuntu22/ros2_so_arm100/install/so_arm100_moveit_config/share/so_arm100_moveit_config/cmake/so_arm100_moveit_configConfig-version.cmake
-- Symlinking: /home/ubuntu22/ros2_so_arm100/install/so_arm100_moveit_config/share/so_arm100_moveit_config/package.xml
-- Symlinking: /home/ubuntu22/ros2_so_arm100/install/so_arm100_moveit_config/share/so_arm100_moveit_config/launch/demo.launch.py
-- Symlinking: /home/ubuntu22/ros2_so_arm100/install/so_arm100_moveit_config/share/so_arm100_moveit_config/launch/move_group.launch.py
-- Symlinking: /home/ubuntu22/ros2_so_arm100/install/so_arm100_moveit_config/share/so_arm100_moveit_config/launch/moveit_rviz.launch.py
-- Symlinking: /home/ubuntu22/ros2_so_arm100/install/so_arm100_moveit_config/share/so_arm100_moveit_config/launch/rsp.launch.py
-- Symlinking: /home/ubuntu22/ros2_so_arm100/install/so_arm100_moveit_config/share/so_arm100_moveit_config/launch/setup_assistant.launch.py
-- Symlinking: /home/ubuntu22/ros2_so_arm100/install/so_arm100_moveit_config/share/so_arm100_moveit_config/launch/spawn_controllers.launch.py
-- Symlinking: /home/ubuntu22/ros2_so_arm100/install/so_arm100_moveit_config/share/so_arm100_moveit_config/launch/static_virtual_joint_tfs.launch.py
-- Symlinking: /home/ubuntu22/ros2_so_arm100/install/so_arm100_moveit_config/share/so_arm100_moveit_config/launch/warehouse_db.launch.py
-- Symlinking: /home/ubuntu22/ros2_so_arm100/install/so_arm100_moveit_config/share/so_arm100_moveit_config/config/joint_limits.yaml
-- Symlinking: /home/ubuntu22/ros2_so_arm100/install/so_arm100_moveit_config/share/so_arm100_moveit_config/config/kinematics.yaml
-- Symlinking: /home/ubuntu22/ros2_so_arm100/install/so_arm100_moveit_config/share/so_arm100_moveit_config/config/moveit.rviz
-- Symlinking: /home/ubuntu22/ros2_so_arm100/install/so_arm100_moveit_config/share/so_arm100_moveit_config/config/moveit_controllers.yaml
-- Symlinking: /home/ubuntu22/ros2_so_arm100/install/so_arm100_moveit_config/share/so_arm100_moveit_config/config/pilz_cartesian_limits.yaml
-- Symlinking: /home/ubuntu22/ros2_so_arm100/install/so_arm100_moveit_config/share/so_arm100_moveit_config/config/ros2_controllers.yaml
-- Symlinking: /home/ubuntu22/ros2_so_arm100/install/so_arm100_moveit_config/share/so_arm100_moveit_config/config/so_arm100.srdf
-- Symlinking: /home/ubuntu22/ros2_so_arm100/install/so_arm100_moveit_config/share/so_arm100_moveit_config/.setup_assistant
-- Installing: /home/ubuntu22/ros2_so_arm100/install/so_arm100_moveit_config/lib/so_arm100_moveit_config
-- Installing: /home/ubuntu22/ros2_so_arm100/install/so_arm100_moveit_config/lib/so_arm100_moveit_config/test_move.py
